#
# A fatal error has been detected by the Java Runtime Environment:
#
#  EXCEPTION_ACCESS_VIOLATION (0xc0000005) at pc=0x00007ffd675f2745, pid=460, tid=14740
#
# JRE version: OpenJDK Runtime Environment (11.0.2+9) (build 11.0.2+9)
# Java VM: OpenJDK 64-Bit Server VM (11.0.2+9, mixed mode, tiered, compressed oops, g1 gc, windows-amd64)
# Problematic frame:
# C  [librdi_common.dll+0x192745]
#
# No core dump will be written. Minidumps are not enabled by default on client versions of Windows
#
# If you would like to submit a bug report, please visit:
#   http://bugreport.java.com/bugreport/crash.jsp
# The crash happened outside the Java Virtual Machine in native code.
# See problematic frame for where to report the bug.
#

---------------  S U M M A R Y ------------

Command Line: -Dsun.java2d.pmoffscreen=false -Dhttps.protocols=TLSv1,TLSv1.1,TLSv1.2 -Dsun.java2d.xrender=false -Dsun.java2d.d3d=false -Dsun.awt.nopixfmt=true -Dsun.java2d.dpiaware=true -Dsun.java2d.uiScale.enabled=false -Xverify:none -Dswing.aatext=true -XX:-UsePerfData -Djdk.map.althashing.threshold=512 -XX:StringTableSize=4072 --add-opens=java.base/java.nio=ALL-UNNAMED --add-opens=java.desktop/sun.swing=ALL-UNNAMED --add-opens=java.desktop/javax.swing=ALL-UNNAMED --add-opens=java.desktop/javax.swing.tree=ALL-UNNAMED --add-opens=java.desktop/javax.swing.plaf.basic=ALL-UNNAMED --add-opens=java.desktop/javax.swing.plaf.synth=ALL-UNNAMED --add-opens=java.desktop/com.sun.awt=ALL-UNNAMED -XX:NewSize=60m -XX:MaxNewSize=60m -Xms128m -Xmx3072m -Xss5m 

Host: 13th Gen Intel(R) Core(TM) i7-13700H, 20 cores, 15G,  Windows 10 , 64 bit Build 22621 (10.0.22621.4830)
Time: Wed Mar  5 21:35:27 2025 中国标准时间 elapsed time: 2942 seconds (0d 0h 49m 2s)

---------------  T H R E A D  ---------------

Current thread (0x000002c8c90c3000):  JavaThread "AWT-EventQueue-0" [_thread_in_native, id=14740, stack(0x000000fe3f900000,0x000000fe3fe00000)]

Stack: [0x000000fe3f900000,0x000000fe3fe00000],  sp=0x000000fe3fdfa990,  free space=5098k
Native frames: (J=compiled Java code, j=interpreted, Vv=VM code, C=native code)
C  [librdi_common.dll+0x192745]
C  [librdi_common.dll+0x187998]
C  [librdi_common.dll+0x15073d]
C  0x00007ffd333b3750
C  0x00007ffd33437ebd
C  0x00007ffd334400ab
C  0x00007ffd3341159a
C  0x00007ffd3344ea98
C  0x000002c89cf67c2d

Java frames: (J=compiled Java code, j=interpreted, Vv=VM code)
J 18219  ui.views.waveform.waveformi.WVExecutive_getTooltipTextDelayed(J)Ljava/lang/String; (0 bytes) @ 0x000002c89cf67b91 [0x000002c89cf67b40+0x0000000000000051]
J 23622 c2 ui.views.waveform.b.a.mouseMoved(Ljava/awt/event/MouseEvent;)V (32 bytes) @ 0x000002c89da9e360 [0x000002c89da9e1c0+0x00000000000001a0]
J 18512 c2 java.awt.AWTEventMulticaster.mouseMoved(Ljava/awt/event/MouseEvent;)V java.desktop@11.0.2 (27 bytes) @ 0x000002c89d391a74 [0x000002c89d3919c0+0x00000000000000b4]
J 18512 c2 java.awt.AWTEventMulticaster.mouseMoved(Ljava/awt/event/MouseEvent;)V java.desktop@11.0.2 (27 bytes) @ 0x000002c89d391a34 [0x000002c89d3919c0+0x0000000000000074]
J 21148 c2 ui.frmwork.b.j.processMouseMotionEvent(Ljava/awt/event/MouseEvent;)V (131 bytes) @ 0x000002c89d023a90 [0x000002c89d023740+0x0000000000000350]
J 21404 c2 java.awt.Container.processEvent(Ljava/awt/AWTEvent;)V java.desktop@11.0.2 (22 bytes) @ 0x000002c89d34d1ac [0x000002c89d34d0a0+0x000000000000010c]
J 25186 c2 java.awt.Component.dispatchEventImpl(Ljava/awt/AWTEvent;)V java.desktop@11.0.2 (777 bytes) @ 0x000002c89ca75010 [0x000002c89ca74700+0x0000000000000910]
J 25165 c2 java.awt.Container.dispatchEventImpl(Ljava/awt/AWTEvent;)V java.desktop@11.0.2 (129 bytes) @ 0x000002c89dd43d70 [0x000002c89dd43c00+0x0000000000000170]
J 25150 c2 java.awt.LightweightDispatcher.retargetMouseEvent(Ljava/awt/Component;ILjava/awt/event/MouseEvent;)V java.desktop@11.0.2 (372 bytes) @ 0x000002c89dd35540 [0x000002c89dd35120+0x0000000000000420]
J 18607 c2 java.awt.LightweightDispatcher.processMouseEvent(Ljava/awt/event/MouseEvent;)Z java.desktop@11.0.2 (265 bytes) @ 0x000002c89d3e5744 [0x000002c89d3e5140+0x0000000000000604]
J 25165 c2 java.awt.Container.dispatchEventImpl(Ljava/awt/AWTEvent;)V java.desktop@11.0.2 (129 bytes) @ 0x000002c89dd43f14 [0x000002c89dd43c00+0x0000000000000314]
J 18597 c2 java.awt.Window.dispatchEventImpl(Ljava/awt/AWTEvent;)V java.desktop@11.0.2 (23 bytes) @ 0x000002c89d3e168c [0x000002c89d3e1640+0x000000000000004c]
J 18019 c2 java.awt.EventQueue.dispatchEventImpl(Ljava/awt/AWTEvent;Ljava/lang/Object;)V java.desktop@11.0.2 (136 bytes) @ 0x000002c89cab3c54 [0x000002c89cab37e0+0x0000000000000474]
J 18081 c2 java.awt.EventQueue$4.run()Ljava/lang/Object; java.desktop@11.0.2 (5 bytes) @ 0x000002c89cae9218 [0x000002c89cae91c0+0x0000000000000058]
v  ~StubRoutines::call_stub
J 4590  java.security.AccessController.doPrivileged(Ljava/security/PrivilegedAction;Ljava/security/AccessControlContext;)Ljava/lang/Object; java.base@11.0.2 (0 bytes) @ 0x000002c89c740c36 [0x000002c89c740bc0+0x0000000000000076]
J 18120 c2 java.awt.EventQueue$5.run()Ljava/lang/Object; java.desktop@11.0.2 (5 bytes) @ 0x000002c89cc53ff4 [0x000002c89cc53d80+0x0000000000000274]
v  ~StubRoutines::call_stub
J 4590  java.security.AccessController.doPrivileged(Ljava/security/PrivilegedAction;Ljava/security/AccessControlContext;)Ljava/lang/Object; java.base@11.0.2 (0 bytes) @ 0x000002c89c740c36 [0x000002c89c740bc0+0x0000000000000076]
J 14003 c2 java.awt.EventQueue.dispatchEvent(Ljava/awt/AWTEvent;)V java.desktop@11.0.2 (80 bytes) @ 0x000002c89cedb6cc [0x000002c89cedb140+0x000000000000058c]
J 25157 c2 java.awt.EventDispatchThread.pumpOneEventForFilters(I)V java.desktop@11.0.2 (113 bytes) @ 0x000002c89dd3e004 [0x000002c89dd3de40+0x00000000000001c4]
J 21903% c2 java.awt.EventDispatchThread.pumpEventsForFilter(ILjava/awt/Conditional;Ljava/awt/EventFilter;)V java.desktop@11.0.2 (47 bytes) @ 0x000002c89d7ccd40 [0x000002c89d7ccc40+0x0000000000000100]
j  java.awt.EventDispatchThread.pumpEventsForHierarchy(ILjava/awt/Conditional;Ljava/awt/Component;)V+11 java.desktop@11.0.2
j  java.awt.EventDispatchThread.pumpEvents(ILjava/awt/Conditional;)V+4 java.desktop@11.0.2
j  java.awt.EventDispatchThread.pumpEvents(Ljava/awt/Conditional;)V+3 java.desktop@11.0.2
j  java.awt.EventDispatchThread.run()V+9 java.desktop@11.0.2
v  ~StubRoutines::call_stub

siginfo: EXCEPTION_ACCESS_VIOLATION (0xc0000005), reading address 0xffffffffffffffff


Register to memory mapping:

RIP=0x00007ffd675f2745 librdi_common.dll
RAX=0x000002c8872bbc01 points into unknown readable memory: 70 35 87 c8 02 00 00
RBX=0x90068a0f61e4c58c is an unknown value
RCX=0x000002c8872bbc00 points into unknown readable memory: 60 70 35 87 c8 02 00 00
RDX=0x90068a0f61e4c58c is an unknown value
RSP=0x000000fe3fdfa990 is pointing into the stack for thread: 0x000002c8c90c3000
RBP=0x000000fe3fdfaac0 is pointing into the stack for thread: 0x000002c8c90c3000
RSI=0x000002c8bdcfe710 points into unknown readable memory: b8 e1 5f 33 fd 7f 00 00
RDI=0x000000fe3fdfad58 is pointing into the stack for thread: 0x000002c8c90c3000
R8 =0x000000fe3fdfabd8 is pointing into the stack for thread: 0x000002c8c90c3000
R9 =0x0 is NULL
R10=0x00007ffdeb980000 VCRUNTIME140.dll
R11=0x0800040000000000 is an unknown value
R12=0x0 is NULL
R13=0x000000fe3fdfabd8 is pointing into the stack for thread: 0x000002c8c90c3000
R14=0x000002c885648330 points into unknown readable memory: 50 46 69 85 c8 02 00 00
R15=0x90068a0f61e4c58c is an unknown value


Registers:
RAX=0x000002c8872bbc01, RBX=0x90068a0f61e4c58c, RCX=0x000002c8872bbc00, RDX=0x90068a0f61e4c58c
RSP=0x000000fe3fdfa990, RBP=0x000000fe3fdfaac0, RSI=0x000002c8bdcfe710, RDI=0x000000fe3fdfad58
R8 =0x000000fe3fdfabd8, R9 =0x0000000000000000, R10=0x00007ffdeb980000, R11=0x0800040000000000
R12=0x0000000000000000, R13=0x000000fe3fdfabd8, R14=0x000002c885648330, R15=0x90068a0f61e4c58c
RIP=0x00007ffd675f2745, EFLAGS=0x0000000000010202

Top of Stack: (sp=0x000000fe3fdfa990)
0x000000fe3fdfa990:   000002c885570000 00007ffd0000000b
0x000000fe3fdfa9a0:   00000000000000a8 90068a0f61e4c58c
0x000000fe3fdfa9b0:   90068a0f61e4c58c 00007ffd675e7998
0x000000fe3fdfa9c0:   0000000000000000 0000000000000000
0x000000fe3fdfa9d0:   0000000000000000 000002c8b81c66c8
0x000000fe3fdfa9e0:   0000000000000000 00007ffe120b1966
0x000000fe3fdfa9f0:   0000000000000000 0000000000000018
0x000000fe3fdfaa00:   000000fe3fdfab4b 000000fe3fdf0000
0x000000fe3fdfaa10:   0000000000000000 000002c8b81c66c0
0x000000fe3fdfaa20:   0000000000003994 00007ffde979290c
0x000000fe3fdfaa30:   0000000000000000 fffffffffffffffe
0x000000fe3fdfaa40:   0000000000000000 00007ffde97927a8
0x000000fe3fdfaa50:   fffffffffffffffe 000002c8d4d0c280
0x000000fe3fdfaa60:   0000e7f96eaece12 000002c8b81c6658
0x000000fe3fdfaa70:   000002c8b81c6630 00007ffd676524ce
0x000000fe3fdfaa80:   000002c8b81c66c8 000000fe3fdfabd8 

Instructions: (pc=0x00007ffd675f2745)
0x00007ffd675f2725:   20 48 8b d9 e8 b2 cc 04 00 48 8b c8 48 8b d3 e8
0x00007ffd675f2735:   27 0f 05 00 84 c0 75 08 33 c0 48 83 c4 20 5b c3
0x00007ffd675f2745:   48 8b 4b 50 48 85 c9 74 0a 48 83 c4 20 5b e9 28
0x00007ffd675f2755:   e9 04 00 48 8b d3 48 8d 0d 66 6a 8f 00 e8 f9 c7 


Stack slot to memory mapping:
stack at sp + 0 slots: 0x000002c885570000 points into unknown readable memory: 00 00 00 00 00 00 00 00
stack at sp + 1 slots: 0x00007ffd0000000b is an unknown value
stack at sp + 2 slots: 0x00000000000000a8 is an unknown value
stack at sp + 3 slots: 0x90068a0f61e4c58c is an unknown value
stack at sp + 4 slots: 0x90068a0f61e4c58c is an unknown value
stack at sp + 5 slots: 0x00007ffd675e7998 librdi_common.dll
stack at sp + 6 slots: 0x0 is NULL
stack at sp + 7 slots: 0x0 is NULL


---------------  P R O C E S S  ---------------

Threads class SMR info:
_java_thread_list=0x000002c8d1038d90, length=39, elements={
0x000002c8ab5ef800, 0x000002c8abd83800, 0x000002c8abd84000, 0x000002c8a6d4d800,
0x000002c8a6d4e800, 0x000002c8c75c2000, 0x000002c8c75c3000, 0x000002c8c75c4000,
0x000002c8c6e29800, 0x000002c8c6e9d800, 0x000002c8c89f2000, 0x000002c8c86b9800,
0x000002c8c86ba800, 0x000002c8c9166000, 0x000002c8c90c3000, 0x000002c8b88b0000,
0x000002c8b9ecf000, 0x000002c8b9eae000, 0x000002c8b90a3800, 0x000002c8b90a6000,
0x000002c8b90a7000, 0x000002c8b90a1000, 0x000002c8b90a7800, 0x000002c8b90a2000,
0x000002c8b8191800, 0x000002c8b818c000, 0x000002c8b818d000, 0x000002c8b8193800,
0x000002c8b818d800, 0x000002c8b8194000, 0x000002c8b8190000, 0x000002c8b8197800,
0x000002c8b8196000, 0x000002c8b8196800, 0x000002c8b8191000, 0x000002c8b8192800,
0x000002c8b818e800, 0x000002c8b819a800, 0x000002c8b8199000
}

Java Threads: ( => current thread )
  0x000002c8ab5ef800 JavaThread "main" [_thread_blocked, id=17792, stack(0x000000fe39600000,0x000000fe39700000)]
  0x000002c8abd83800 JavaThread "Reference Handler" daemon [_thread_blocked, id=6200, stack(0x000000fe3b400000,0x000000fe3b900000)]
  0x000002c8abd84000 JavaThread "Finalizer" daemon [_thread_blocked, id=11028, stack(0x000000fe3b900000,0x000000fe3be00000)]
  0x000002c8a6d4d800 JavaThread "Signal Dispatcher" daemon [_thread_blocked, id=3840, stack(0x000000fe3be00000,0x000000fe3c300000)]
  0x000002c8a6d4e800 JavaThread "Attach Listener" daemon [_thread_blocked, id=5960, stack(0x000000fe3c300000,0x000000fe3c800000)]
  0x000002c8c75c2000 JavaThread "C2 CompilerThread0" daemon [_thread_blocked, id=16780, stack(0x000000fe3c800000,0x000000fe3c900000)]
  0x000002c8c75c3000 JavaThread "C1 CompilerThread0" daemon [_thread_blocked, id=15804, stack(0x000000fe3c900000,0x000000fe3ca00000)]
  0x000002c8c75c4000 JavaThread "Sweeper thread" daemon [_thread_blocked, id=19376, stack(0x000000fe3ca00000,0x000000fe3cf00000)]
  0x000002c8c6e29800 JavaThread "Common-Cleaner" daemon [_thread_blocked, id=3936, stack(0x000000fe3d200000,0x000000fe3d700000)]
  0x000002c8c6e9d800 JavaThread "Service Thread" daemon [_thread_blocked, id=12700, stack(0x000000fe3d700000,0x000000fe3dc00000)]
  0x000002c8c89f2000 JavaThread "Java2D Disposer" daemon [_thread_blocked, id=1176, stack(0x000000fe3de00000,0x000000fe3e300000)]
  0x000002c8c86b9800 JavaThread "AWT-Shutdown" [_thread_blocked, id=16832, stack(0x000000fe3e300000,0x000000fe3e800000)]
  0x000002c8c86ba800 JavaThread "AWT-Windows" daemon [_thread_in_native, id=9432, stack(0x000000fe3e800000,0x000000fe3ed00000)]
  0x000002c8c9166000 JavaThread "TimerQueue" daemon [_thread_blocked, id=14588, stack(0x000000fe3ed00000,0x000000fe3f200000)]
=>0x000002c8c90c3000 JavaThread "AWT-EventQueue-0" [_thread_in_native, id=14740, stack(0x000000fe3f900000,0x000000fe3fe00000)]
  0x000002c8b88b0000 JavaThread "Thread-1" [_thread_in_native, id=12484, stack(0x000000fe39700000,0x000000fe3ab00000)]
  0x000002c8b9ecf000 JavaThread "Process Messages Thread" [_thread_blocked, id=17692, stack(0x000000fe40400000,0x000000fe40900000)]
  0x000002c8b9eae000 JavaThread "Batik CleanerThread" daemon [_thread_blocked, id=3164, stack(0x000000fe3fe00000,0x000000fe40300000)]
  0x000002c8b90a3800 JavaThread "SyntheticaCleanerThread" daemon [_thread_blocked, id=4444, stack(0x000000fe41f00000,0x000000fe42400000)]
  0x000002c8b90a6000 JavaThread "Monitor HEventQueue Thread" [_thread_blocked, id=8512, stack(0x000000fe42900000,0x000000fe42e00000)]
  0x000002c8b90a7000 JavaThread "SyntheticaAnimation 50" daemon [_thread_blocked, id=11388, stack(0x000000fe42e00000,0x000000fe43300000)]
  0x000002c8b90a1000 JavaThread "SyntheticaAnimation 25" daemon [_thread_blocked, id=13920, stack(0x000000fe43700000,0x000000fe43c00000)]
  0x000002c8b90a7800 JavaThread "Swing-Shell" daemon [_thread_blocked, id=2152, stack(0x000000fe3f200000,0x000000fe3f700000)]
  0x000002c8b90a2000 JavaThread "SyntheticaAnimation 70" daemon [_thread_blocked, id=2180, stack(0x000000fe42400000,0x000000fe42900000)]
  0x000002c8b8191800 JavaThread "Refresh Filesets Swing Worker Thread" [_thread_blocked, id=12728, stack(0x000000fe41a00000,0x000000fe41f00000)]
  0x000002c8b818c000 JavaThread "hw_ila_monitor" [_thread_blocked, id=17636, stack(0x000000fe43d00000,0x000000fe44200000)]
  0x000002c8b818d000 JavaThread "pool-2-thread-1" [_thread_blocked, id=3612, stack(0x000000fe45100000,0x000000fe45600000)]
  0x000002c8b8193800 JavaThread "pool-3-thread-1" [_thread_blocked, id=5724, stack(0x000000fe45600000,0x000000fe45b00000)]
  0x000002c8b818d800 JavaThread "pool-4-thread-1" [_thread_blocked, id=12664, stack(0x000000fe45b00000,0x000000fe46000000)]
  0x000002c8b8194000 JavaThread "Update Runs Swing Worker Thread" [_thread_blocked, id=18064, stack(0x000000fe46000000,0x000000fe46500000)]
  0x000002c8b8190000 JavaThread "SyntheticaAnimation 50" daemon [_thread_blocked, id=13852, stack(0x000000fe44700000,0x000000fe44c00000)]
  0x000002c8b8197800 JavaThread "Image Animator 1" daemon [_thread_blocked, id=3140, stack(0x000000fe44c00000,0x000000fe45100000)]
  0x000002c8b8196000 JavaThread "Timer-0" [_thread_blocked, id=10244, stack(0x000000fe46500000,0x000000fe46a00000)]
  0x000002c8b8196800 JavaThread "Monitor File Timestamp Swing Worker Thread" [_thread_blocked, id=5036, stack(0x000000fe46a00000,0x000000fe46f00000)]
  0x000002c8b8191000 JavaThread "Timer-1" [_thread_blocked, id=7468, stack(0x000000fe44200000,0x000000fe44700000)]
  0x000002c8b8192800 JavaThread "Monitor File Timestamp Swing Worker Thread" [_thread_blocked, id=12332, stack(0x000000fe47400000,0x000000fe47900000)]
  0x000002c8b818e800 JavaThread "Timer-2" [_thread_blocked, id=3184, stack(0x000000fe46f00000,0x000000fe47400000)]
  0x000002c8b819a800 JavaThread "Monitor File Timestamp Swing Worker Thread" [_thread_blocked, id=10020, stack(0x000000fe47900000,0x000000fe47e00000)]
  0x000002c8b8199000 JavaThread "Relaunch Simulation Thread" [_thread_blocked, id=16020, stack(0x000000fe47e00000,0x000000fe48300000)]

Other Threads:
  0x000002c8a5240000 VMThread "VM Thread" [stack: 0x000000fe3b300000,0x000000fe3b400000] [id=3848]
  0x000002c8c6ea0800 WatcherThread [stack: 0x000000fe3dc00000,0x000000fe3dd00000] [id=10292]
  0x000002c8abd94800 GCTaskThread "GC Thread#0" [stack: 0x000000fe3ae00000,0x000000fe3af00000] [id=14848]
  0x000002c8c90c2000 GCTaskThread "GC Thread#1" [stack: 0x000000fe40900000,0x000000fe40a00000] [id=16716]
  0x000002c8c8d23000 GCTaskThread "GC Thread#2" [stack: 0x000000fe40a00000,0x000000fe40b00000] [id=17572]
  0x000002c8b8818800 GCTaskThread "GC Thread#3" [stack: 0x000000fe40b00000,0x000000fe40c00000] [id=14720]
  0x000002c8b8819000 GCTaskThread "GC Thread#4" [stack: 0x000000fe40c00000,0x000000fe40d00000] [id=8784]
  0x000002c8b915c800 GCTaskThread "GC Thread#5" [stack: 0x000000fe40d00000,0x000000fe40e00000] [id=14484]
  0x000002c8b915d000 GCTaskThread "GC Thread#6" [stack: 0x000000fe40e00000,0x000000fe40f00000] [id=19268]
  0x000002c8b915d800 GCTaskThread "GC Thread#7" [stack: 0x000000fe40f00000,0x000000fe41000000] [id=17996]
  0x000002c8b8f1b000 GCTaskThread "GC Thread#8" [stack: 0x000000fe41000000,0x000000fe41100000] [id=5252]
  0x000002c8b8f19000 GCTaskThread "GC Thread#9" [stack: 0x000000fe41100000,0x000000fe41200000] [id=13896]
  0x000002c8b8f1a000 GCTaskThread "GC Thread#10" [stack: 0x000000fe41200000,0x000000fe41300000] [id=10012]
  0x000002c8b8f1a800 GCTaskThread "GC Thread#11" [stack: 0x000000fe41300000,0x000000fe41400000] [id=900]
  0x000002c8b8f1d800 GCTaskThread "GC Thread#12" [stack: 0x000000fe43300000,0x000000fe43400000] [id=8708]
  0x000002c8b8f17800 GCTaskThread "GC Thread#13" [stack: 0x000000fe43400000,0x000000fe43500000] [id=16380]
  0x000002c8bf815800 GCTaskThread "GC Thread#14" [stack: 0x000000fe3dd00000,0x000000fe3de00000] [id=15136]
  0x000002c8a6ee4000 ConcurrentGCThread "G1 Main Marker" [stack: 0x000000fe3af00000,0x000000fe3b000000] [id=14876]
  0x000002c8c644d800 ConcurrentGCThread "G1 Conc#0" [stack: 0x000000fe3b000000,0x000000fe3b100000] [id=11136]
  0x000002c8b8f1c000 ConcurrentGCThread "G1 Conc#1" [stack: 0x000000fe41400000,0x000000fe41500000] [id=12676]
  0x000002c8b8f16000 ConcurrentGCThread "G1 Conc#2" [stack: 0x000000fe41500000,0x000000fe41600000] [id=14488]
  0x000002c8b8f17000 ConcurrentGCThread "G1 Conc#3" [stack: 0x000000fe41600000,0x000000fe41700000] [id=4900]
  0x000002c8c82de800 ConcurrentGCThread "G1 Refine#0" [stack: 0x000000fe3b100000,0x000000fe3b200000] [id=15864]
  0x000002c8ba938000 ConcurrentGCThread "G1 Refine#1" [stack: 0x000000fe41900000,0x000000fe41a00000] [id=18540]
  0x000002c8b8f18800 ConcurrentGCThread "G1 Refine#2" [stack: 0x000000fe43500000,0x000000fe43600000] [id=14732]
  0x000002c8bf810800 ConcurrentGCThread "G1 Refine#3" [stack: 0x000000fe43600000,0x000000fe43700000] [id=15836]
  0x000002c8bf80f800 ConcurrentGCThread "G1 Refine#4" [stack: 0x000000fe43c00000,0x000000fe43d00000] [id=13448]
  0x000002c8c765e800 ConcurrentGCThread "G1 Young RemSet Sampling" [stack: 0x000000fe3b200000,0x000000fe3b300000] [id=13408]

Threads with active compile tasks:

VM state:not at safepoint (normal execution)

VM Mutex/Monitor currently owned by a thread: None

Heap address: 0x0000000740000000, size: 3072 MB, Compressed Oops mode: Zero based, Oop shift amount: 3
Narrow klass base: 0x0000000800000000, Narrow klass shift: 0
Compressed class space size: 1073741824 Address: 0x0000000800000000

Heap:
 garbage-first heap   total 324608K, used 127963K [0x0000000740000000, 0x0000000800000000)
  region size 1024K, 34 young (34816K), 1 survivors (1024K)
 Metaspace       used 97283K, capacity 100110K, committed 100348K, reserved 1134592K
  class space    used 13160K, capacity 14405K, committed 14464K, reserved 1048576K
Heap Regions: E=young(eden), S=young(survivor), O=old, HS=humongous(starts), HC=humongous(continues), CS=collection set, F=free, A=archive, TAMS=top-at-mark-start (previous, next)
|   0|0x0000000740000000, 0x0000000740100000, 0x0000000740100000|100%|HS|  |TAMS 0x0000000740000000, 0x0000000740000000| Untracked 
|   1|0x0000000740100000, 0x0000000740200000, 0x0000000740200000|100%|HC|  |TAMS 0x0000000740100000, 0x0000000740100000| Untracked 
|   2|0x0000000740200000, 0x0000000740300000, 0x0000000740300000|100%|HS|  |TAMS 0x0000000740200000, 0x0000000740200000| Untracked 
|   3|0x0000000740300000, 0x00000007403ffff0, 0x0000000740400000| 99%| O|  |TAMS 0x0000000740300000, 0x0000000740300000| Untracked 
|   4|0x0000000740400000, 0x00000007404ffff8, 0x0000000740500000| 99%| O|  |TAMS 0x0000000740400000, 0x0000000740400000| Untracked 
|   5|0x0000000740500000, 0x00000007405ffff0, 0x0000000740600000| 99%| O|  |TAMS 0x0000000740500000, 0x0000000740500000| Untracked 
|   6|0x0000000740600000, 0x00000007406ffff0, 0x0000000740700000| 99%| O|  |TAMS 0x0000000740600000, 0x0000000740600000| Untracked 
|   7|0x0000000740700000, 0x0000000740800000, 0x0000000740800000|100%| O|  |TAMS 0x0000000740700000, 0x0000000740700000| Untracked 
|   8|0x0000000740800000, 0x00000007408ffff8, 0x0000000740900000| 99%| O|  |TAMS 0x0000000740800000, 0x0000000740800000| Untracked 
|   9|0x0000000740900000, 0x00000007409ffff8, 0x0000000740a00000| 99%| O|  |TAMS 0x0000000740900000, 0x0000000740900000| Untracked 
|  10|0x0000000740a00000, 0x0000000740b00000, 0x0000000740b00000|100%| O|  |TAMS 0x0000000740a00000, 0x0000000740a00000| Untracked 
|  11|0x0000000740b00000, 0x0000000740bffff8, 0x0000000740c00000| 99%| O|  |TAMS 0x0000000740b00000, 0x0000000740b00000| Untracked 
|  12|0x0000000740c00000, 0x0000000740d00000, 0x0000000740d00000|100%| O|  |TAMS 0x0000000740c00000, 0x0000000740c00000| Untracked 
|  13|0x0000000740d00000, 0x0000000740dffff8, 0x0000000740e00000| 99%| O|  |TAMS 0x0000000740d00000, 0x0000000740d00000| Untracked 
|  14|0x0000000740e00000, 0x0000000740effff8, 0x0000000740f00000| 99%| O|  |TAMS 0x0000000740e00000, 0x0000000740e00000| Untracked 
|  15|0x0000000740f00000, 0x0000000740fffff8, 0x0000000741000000| 99%| O|  |TAMS 0x0000000740f00000, 0x0000000740f00000| Untracked 
|  16|0x0000000741000000, 0x0000000741100000, 0x0000000741100000|100%| O|  |TAMS 0x0000000741000000, 0x0000000741000000| Untracked 
|  17|0x0000000741100000, 0x0000000741200000, 0x0000000741200000|100%| O|  |TAMS 0x0000000741100000, 0x0000000741100000| Untracked 
|  18|0x0000000741200000, 0x0000000741300000, 0x0000000741300000|100%| O|  |TAMS 0x0000000741200000, 0x0000000741200000| Untracked 
|  19|0x0000000741300000, 0x0000000741400000, 0x0000000741400000|100%| O|  |TAMS 0x0000000741300000, 0x0000000741300000| Untracked 
|  20|0x0000000741400000, 0x0000000741500000, 0x0000000741500000|100%| O|  |TAMS 0x0000000741400000, 0x0000000741400000| Untracked 
|  21|0x0000000741500000, 0x0000000741600000, 0x0000000741600000|100%| O|  |TAMS 0x0000000741500000, 0x0000000741500000| Untracked 
|  22|0x0000000741600000, 0x00000007416ffff0, 0x0000000741700000| 99%| O|  |TAMS 0x0000000741600000, 0x0000000741600000| Untracked 
|  23|0x0000000741700000, 0x00000007417ffff8, 0x0000000741800000| 99%| O|  |TAMS 0x0000000741700000, 0x0000000741700000| Untracked 
|  24|0x0000000741800000, 0x00000007418ffff0, 0x0000000741900000| 99%| O|  |TAMS 0x0000000741800000, 0x0000000741800000| Untracked 
|  25|0x0000000741900000, 0x00000007419ffff8, 0x0000000741a00000| 99%| O|  |TAMS 0x0000000741900000, 0x0000000741900000| Untracked 
|  26|0x0000000741a00000, 0x0000000741b00000, 0x0000000741b00000|100%| O|  |TAMS 0x0000000741a00000, 0x0000000741a00000| Untracked 
|  27|0x0000000741b00000, 0x0000000741c00000, 0x0000000741c00000|100%| O|  |TAMS 0x0000000741b00000, 0x0000000741b00000| Untracked 
|  28|0x0000000741c00000, 0x0000000741d00000, 0x0000000741d00000|100%| O|  |TAMS 0x0000000741c00000, 0x0000000741c00000| Untracked 
|  29|0x0000000741d00000, 0x0000000741e00000, 0x0000000741e00000|100%| O|  |TAMS 0x0000000741d00000, 0x0000000741d00000| Untracked 
|  30|0x0000000741e00000, 0x0000000741effff8, 0x0000000741f00000| 99%| O|  |TAMS 0x0000000741e00000, 0x0000000741e00000| Untracked 
|  31|0x0000000741f00000, 0x0000000741fffff8, 0x0000000742000000| 99%| O|  |TAMS 0x0000000741f00000, 0x0000000741f00000| Untracked 
|  32|0x0000000742000000, 0x00000007420ffff0, 0x0000000742100000| 99%| O|  |TAMS 0x0000000742000000, 0x0000000742000000| Untracked 
|  33|0x0000000742100000, 0x0000000742200000, 0x0000000742200000|100%| O|  |TAMS 0x0000000742100000, 0x0000000742100000| Untracked 
|  34|0x0000000742200000, 0x0000000742300000, 0x0000000742300000|100%| O|  |TAMS 0x0000000742200000, 0x0000000742200000| Untracked 
|  35|0x0000000742300000, 0x0000000742400000, 0x0000000742400000|100%| O|  |TAMS 0x0000000742300000, 0x0000000742300000| Untracked 
|  36|0x0000000742400000, 0x00000007424ffff0, 0x0000000742500000| 99%| O|  |TAMS 0x0000000742400000, 0x0000000742400000| Untracked 
|  37|0x0000000742500000, 0x00000007425ffff0, 0x0000000742600000| 99%| O|  |TAMS 0x0000000742500000, 0x0000000742500000| Untracked 
|  38|0x0000000742600000, 0x00000007426ffff8, 0x0000000742700000| 99%| O|  |TAMS 0x0000000742600000, 0x0000000742600000| Untracked 
|  39|0x0000000742700000, 0x0000000742800000, 0x0000000742800000|100%| O|  |TAMS 0x0000000742700000, 0x0000000742700000| Untracked 
|  40|0x0000000742800000, 0x00000007428ffff0, 0x0000000742900000| 99%| O|  |TAMS 0x0000000742800000, 0x0000000742800000| Untracked 
|  41|0x0000000742900000, 0x00000007429ffff8, 0x0000000742a00000| 99%| O|  |TAMS 0x0000000742900000, 0x0000000742900000| Untracked 
|  42|0x0000000742a00000, 0x0000000742b00000, 0x0000000742b00000|100%| O|  |TAMS 0x0000000742a00000, 0x0000000742a00000| Untracked 
|  43|0x0000000742b00000, 0x0000000742c00000, 0x0000000742c00000|100%|HS|  |TAMS 0x0000000742b00000, 0x0000000742b00000| Untracked 
|  44|0x0000000742c00000, 0x0000000742d00000, 0x0000000742d00000|100%|HC|  |TAMS 0x0000000742c00000, 0x0000000742c00000| Untracked 
|  45|0x0000000742d00000, 0x0000000742e00000, 0x0000000742e00000|100%|HC|  |TAMS 0x0000000742d00000, 0x0000000742d00000| Untracked 
|  46|0x0000000742e00000, 0x0000000742f00000, 0x0000000742f00000|100%|HC|  |TAMS 0x0000000742e00000, 0x0000000742e00000| Untracked 
|  47|0x0000000742f00000, 0x0000000743000000, 0x0000000743000000|100%|HC|  |TAMS 0x0000000742f00000, 0x0000000742f00000| Untracked 
|  48|0x0000000743000000, 0x0000000743100000, 0x0000000743100000|100%|HC|  |TAMS 0x0000000743000000, 0x0000000743000000| Untracked 
|  49|0x0000000743100000, 0x0000000743200000, 0x0000000743200000|100%|HC|  |TAMS 0x0000000743100000, 0x0000000743100000| Untracked 
|  50|0x0000000743200000, 0x0000000743300000, 0x0000000743300000|100%|HC|  |TAMS 0x0000000743200000, 0x0000000743200000| Untracked 
|  51|0x0000000743300000, 0x00000007433ffff8, 0x0000000743400000| 99%| O|  |TAMS 0x0000000743300000, 0x0000000743300000| Untracked 
|  52|0x0000000743400000, 0x0000000743500000, 0x0000000743500000|100%| O|  |TAMS 0x0000000743400000, 0x0000000743400000| Untracked 
|  53|0x0000000743500000, 0x0000000743600000, 0x0000000743600000|100%| O|  |TAMS 0x0000000743500000, 0x0000000743500000| Untracked 
|  54|0x0000000743600000, 0x00000007436fffe8, 0x0000000743700000| 99%| O|  |TAMS 0x0000000743600000, 0x0000000743600000| Untracked 
|  55|0x0000000743700000, 0x0000000743800000, 0x0000000743800000|100%| O|  |TAMS 0x0000000743700000, 0x0000000743700000| Untracked 
|  56|0x0000000743800000, 0x0000000743900000, 0x0000000743900000|100%| O|  |TAMS 0x0000000743800000, 0x0000000743800000| Untracked 
|  57|0x0000000743900000, 0x0000000743a00000, 0x0000000743a00000|100%| O|  |TAMS 0x0000000743900000, 0x0000000743900000| Untracked 
|  58|0x0000000743a00000, 0x0000000743b00000, 0x0000000743b00000|100%| O|  |TAMS 0x0000000743a00000, 0x0000000743a00000| Untracked 
|  59|0x0000000743b00000, 0x0000000743c00000, 0x0000000743c00000|100%| O|  |TAMS 0x0000000743b00000, 0x0000000743b00000| Untracked 
|  60|0x0000000743c00000, 0x0000000743d00000, 0x0000000743d00000|100%| O|  |TAMS 0x0000000743c00000, 0x0000000743c00000| Untracked 
|  61|0x0000000743d00000, 0x0000000743e00000, 0x0000000743e00000|100%| O|  |TAMS 0x0000000743d00000, 0x0000000743d00000| Untracked 
|  62|0x0000000743e00000, 0x0000000743f00000, 0x0000000743f00000|100%| O|  |TAMS 0x0000000743e00000, 0x0000000743e00000| Untracked 
|  63|0x0000000743f00000, 0x0000000744000000, 0x0000000744000000|100%| O|  |TAMS 0x0000000743f00000, 0x0000000743f00000| Untracked 
|  64|0x0000000744000000, 0x00000007440ffff8, 0x0000000744100000| 99%| O|  |TAMS 0x0000000744000000, 0x0000000744000000| Untracked 
|  65|0x0000000744100000, 0x0000000744200000, 0x0000000744200000|100%| O|  |TAMS 0x0000000744100000, 0x0000000744100000| Untracked 
|  66|0x0000000744200000, 0x0000000744300000, 0x0000000744300000|100%| O|  |TAMS 0x0000000744200000, 0x0000000744200000| Untracked 
|  67|0x0000000744300000, 0x0000000744400000, 0x0000000744400000|100%| O|  |TAMS 0x0000000744300000, 0x0000000744300000| Untracked 
|  68|0x0000000744400000, 0x00000007444ffff0, 0x0000000744500000| 99%| O|  |TAMS 0x0000000744400000, 0x0000000744400000| Untracked 
|  69|0x0000000744500000, 0x00000007445ffff8, 0x0000000744600000| 99%| O|  |TAMS 0x0000000744500000, 0x0000000744500000| Untracked 
|  70|0x0000000744600000, 0x00000007446ffff8, 0x0000000744700000| 99%| O|  |TAMS 0x0000000744600000, 0x0000000744600000| Untracked 
|  71|0x0000000744700000, 0x0000000744800000, 0x0000000744800000|100%| O|  |TAMS 0x0000000744700000, 0x0000000744700000| Untracked 
|  72|0x0000000744800000, 0x00000007448ffff0, 0x0000000744900000| 99%| O|  |TAMS 0x0000000744800000, 0x0000000744800000| Untracked 
|  73|0x0000000744900000, 0x00000007449fffe8, 0x0000000744a00000| 99%| O|  |TAMS 0x0000000744900000, 0x0000000744900000| Untracked 
|  74|0x0000000744a00000, 0x0000000744affff8, 0x0000000744b00000| 99%| O|  |TAMS 0x0000000744a00000, 0x0000000744a00000| Untracked 
|  75|0x0000000744b00000, 0x0000000744c00000, 0x0000000744c00000|100%| O|  |TAMS 0x0000000744b00000, 0x0000000744b00000| Untracked 
|  76|0x0000000744c00000, 0x0000000744cffff8, 0x0000000744d00000| 99%| O|  |TAMS 0x0000000744c00000, 0x0000000744c00000| Untracked 
|  77|0x0000000744d00000, 0x0000000744e00000, 0x0000000744e00000|100%| O|  |TAMS 0x0000000744d00000, 0x0000000744d00000| Untracked 
|  78|0x0000000744e00000, 0x0000000744effff8, 0x0000000744f00000| 99%| O|  |TAMS 0x0000000744e00000, 0x0000000744e00000| Untracked 
|  79|0x0000000744f00000, 0x0000000744fffff8, 0x0000000745000000| 99%| O|  |TAMS 0x0000000744f00000, 0x0000000744f00000| Untracked 
|  80|0x0000000745000000, 0x00000007450fffe8, 0x0000000745100000| 99%| O|  |TAMS 0x0000000745000000, 0x0000000745000000| Untracked 
|  81|0x0000000745100000, 0x00000007451ffff8, 0x0000000745200000| 99%| O|  |TAMS 0x0000000745100000, 0x0000000745100000| Untracked 
|  82|0x0000000745200000, 0x00000007452ffff8, 0x0000000745300000| 99%| O|  |TAMS 0x0000000745200000, 0x0000000745200000| Untracked 
|  83|0x0000000745300000, 0x00000007453fdd38, 0x0000000745400000| 99%| O|  |TAMS 0x0000000745300000, 0x0000000745300000| Untracked 
|  84|0x0000000745400000, 0x00000007454988e8, 0x0000000745500000| 59%| O|  |TAMS 0x0000000745400000, 0x0000000745400000| Untracked 
|  85|0x0000000745500000, 0x0000000745600000, 0x0000000745600000|100%|HS|  |TAMS 0x0000000745500000, 0x0000000745500000| Untracked 
|  86|0x0000000745600000, 0x0000000745700000, 0x0000000745700000|100%|HC|  |TAMS 0x0000000745600000, 0x0000000745600000| Untracked 
|  87|0x0000000745700000, 0x0000000745800000, 0x0000000745800000|100%|HC|  |TAMS 0x0000000745700000, 0x0000000745700000| Untracked 
|  88|0x0000000745800000, 0x0000000745900000, 0x0000000745900000|100%|HC|  |TAMS 0x0000000745800000, 0x0000000745800000| Untracked 
|  89|0x0000000745900000, 0x00000007459942a8, 0x0000000745a00000| 57%| O|  |TAMS 0x0000000745900000, 0x0000000745900000| Untracked 
|  90|0x0000000745a00000, 0x0000000745a11c78, 0x0000000745b00000|  6%| O|  |TAMS 0x0000000745a00000, 0x0000000745a00000| Untracked 
|  91|0x0000000745b00000, 0x0000000745b0dbd0, 0x0000000745c00000|  5%| O|  |TAMS 0x0000000745b00000, 0x0000000745b00000| Untracked 
|  92|0x0000000745c00000, 0x0000000745c00000, 0x0000000745d00000|  0%| F|  |TAMS 0x0000000745c00000, 0x0000000745c00000| Untracked 
|  93|0x0000000745d00000, 0x0000000745d00000, 0x0000000745e00000|  0%| F|  |TAMS 0x0000000745d00000, 0x0000000745d00000| Untracked 
|  94|0x0000000745e00000, 0x0000000745e00000, 0x0000000745f00000|  0%| F|  |TAMS 0x0000000745e00000, 0x0000000745e00000| Untracked 
|  95|0x0000000745f00000, 0x0000000745f00000, 0x0000000746000000|  0%| F|  |TAMS 0x0000000745f00000, 0x0000000745f00000| Untracked 
|  96|0x0000000746000000, 0x0000000746000000, 0x0000000746100000|  0%| F|  |TAMS 0x0000000746000000, 0x0000000746000000| Untracked 
|  97|0x0000000746100000, 0x0000000746200000, 0x0000000746200000|100%|HS|  |TAMS 0x0000000746100000, 0x0000000746100000| Untracked 
|  98|0x0000000746200000, 0x0000000746300000, 0x0000000746300000|100%|HC|  |TAMS 0x0000000746200000, 0x0000000746200000| Untracked 
|  99|0x0000000746300000, 0x0000000746400000, 0x0000000746400000|100%|HC|  |TAMS 0x0000000746300000, 0x0000000746300000| Untracked 
| 100|0x0000000746400000, 0x0000000746400000, 0x0000000746500000|  0%| F|  |TAMS 0x0000000746400000, 0x0000000746400000| Untracked 
| 101|0x0000000746500000, 0x0000000746500000, 0x0000000746600000|  0%| F|  |TAMS 0x0000000746500000, 0x0000000746500000| Untracked 
| 102|0x0000000746600000, 0x0000000746600000, 0x0000000746700000|  0%| F|  |TAMS 0x0000000746600000, 0x0000000746600000| Untracked 
| 103|0x0000000746700000, 0x0000000746700000, 0x0000000746800000|  0%| F|  |TAMS 0x0000000746700000, 0x0000000746700000| Untracked 
| 104|0x0000000746800000, 0x0000000746800000, 0x0000000746900000|  0%| F|  |TAMS 0x0000000746800000, 0x0000000746800000| Untracked 
| 105|0x0000000746900000, 0x0000000746900000, 0x0000000746a00000|  0%| F|  |TAMS 0x0000000746900000, 0x0000000746900000| Untracked 
| 106|0x0000000746a00000, 0x0000000746a00000, 0x0000000746b00000|  0%| F|  |TAMS 0x0000000746a00000, 0x0000000746a00000| Untracked 
| 107|0x0000000746b00000, 0x0000000746b00000, 0x0000000746c00000|  0%| F|  |TAMS 0x0000000746b00000, 0x0000000746b00000| Untracked 
| 108|0x0000000746c00000, 0x0000000746c00000, 0x0000000746d00000|  0%| F|  |TAMS 0x0000000746c00000, 0x0000000746c00000| Untracked 
| 109|0x0000000746d00000, 0x0000000746d00000, 0x0000000746e00000|  0%| F|  |TAMS 0x0000000746d00000, 0x0000000746d00000| Untracked 
| 110|0x0000000746e00000, 0x0000000746e00000, 0x0000000746f00000|  0%| F|  |TAMS 0x0000000746e00000, 0x0000000746e00000| Untracked 
| 111|0x0000000746f00000, 0x0000000746f00000, 0x0000000747000000|  0%| F|  |TAMS 0x0000000746f00000, 0x0000000746f00000| Untracked 
| 112|0x0000000747000000, 0x0000000747000000, 0x0000000747100000|  0%| F|  |TAMS 0x0000000747000000, 0x0000000747000000| Untracked 
| 113|0x0000000747100000, 0x0000000747100000, 0x0000000747200000|  0%| F|  |TAMS 0x0000000747100000, 0x0000000747100000| Untracked 
| 114|0x0000000747200000, 0x0000000747200000, 0x0000000747300000|  0%| F|  |TAMS 0x0000000747200000, 0x0000000747200000| Untracked 
| 115|0x0000000747300000, 0x0000000747300000, 0x0000000747400000|  0%| F|  |TAMS 0x0000000747300000, 0x0000000747300000| Untracked 
| 116|0x0000000747400000, 0x0000000747400000, 0x0000000747500000|  0%| F|  |TAMS 0x0000000747400000, 0x0000000747400000| Untracked 
| 117|0x0000000747500000, 0x0000000747500000, 0x0000000747600000|  0%| F|  |TAMS 0x0000000747500000, 0x0000000747500000| Untracked 
| 118|0x0000000747600000, 0x0000000747600000, 0x0000000747700000|  0%| F|  |TAMS 0x0000000747600000, 0x0000000747600000| Untracked 
| 119|0x0000000747700000, 0x0000000747700000, 0x0000000747800000|  0%| F|  |TAMS 0x0000000747700000, 0x0000000747700000| Untracked 
| 120|0x0000000747800000, 0x0000000747800000, 0x0000000747900000|  0%| F|  |TAMS 0x0000000747800000, 0x0000000747800000| Untracked 
| 121|0x0000000747900000, 0x0000000747900000, 0x0000000747a00000|  0%| F|  |TAMS 0x0000000747900000, 0x0000000747900000| Untracked 
| 122|0x0000000747a00000, 0x0000000747a00000, 0x0000000747b00000|  0%| F|  |TAMS 0x0000000747a00000, 0x0000000747a00000| Untracked 
| 123|0x0000000747b00000, 0x0000000747b00000, 0x0000000747c00000|  0%| F|  |TAMS 0x0000000747b00000, 0x0000000747b00000| Untracked 
| 124|0x0000000747c00000, 0x0000000747c00000, 0x0000000747d00000|  0%| F|  |TAMS 0x0000000747c00000, 0x0000000747c00000| Untracked 
| 125|0x0000000747d00000, 0x0000000747d00000, 0x0000000747e00000|  0%| F|  |TAMS 0x0000000747d00000, 0x0000000747d00000| Untracked 
| 126|0x0000000747e00000, 0x0000000747e00000, 0x0000000747f00000|  0%| F|  |TAMS 0x0000000747e00000, 0x0000000747e00000| Untracked 
| 127|0x0000000747f00000, 0x0000000747f00000, 0x0000000748000000|  0%| F|  |TAMS 0x0000000747f00000, 0x0000000747f00000| Untracked 
| 128|0x0000000748000000, 0x0000000748000000, 0x0000000748100000|  0%| F|  |TAMS 0x0000000748000000, 0x0000000748000000| Untracked 
| 129|0x0000000748100000, 0x0000000748100000, 0x0000000748200000|  0%| F|  |TAMS 0x0000000748100000, 0x0000000748100000| Untracked 
| 130|0x0000000748200000, 0x0000000748200000, 0x0000000748300000|  0%| F|  |TAMS 0x0000000748200000, 0x0000000748200000| Untracked 
| 131|0x0000000748300000, 0x0000000748300000, 0x0000000748400000|  0%| F|  |TAMS 0x0000000748300000, 0x0000000748300000| Untracked 
| 132|0x0000000748400000, 0x0000000748400000, 0x0000000748500000|  0%| F|  |TAMS 0x0000000748400000, 0x0000000748400000| Untracked 
| 133|0x0000000748500000, 0x0000000748500000, 0x0000000748600000|  0%| F|  |TAMS 0x0000000748500000, 0x0000000748500000| Untracked 
| 134|0x0000000748600000, 0x0000000748600000, 0x0000000748700000|  0%| F|  |TAMS 0x0000000748600000, 0x0000000748600000| Untracked 
| 135|0x0000000748700000, 0x0000000748700000, 0x0000000748800000|  0%| F|  |TAMS 0x0000000748700000, 0x0000000748700000| Untracked 
| 136|0x0000000748800000, 0x0000000748800000, 0x0000000748900000|  0%| F|  |TAMS 0x0000000748800000, 0x0000000748800000| Untracked 
| 137|0x0000000748900000, 0x0000000748900000, 0x0000000748a00000|  0%| F|  |TAMS 0x0000000748900000, 0x0000000748900000| Untracked 
| 138|0x0000000748a00000, 0x0000000748a00000, 0x0000000748b00000|  0%| F|  |TAMS 0x0000000748a00000, 0x0000000748a00000| Untracked 
| 139|0x0000000748b00000, 0x0000000748b00000, 0x0000000748c00000|  0%| F|  |TAMS 0x0000000748b00000, 0x0000000748b00000| Untracked 
| 140|0x0000000748c00000, 0x0000000748c00000, 0x0000000748d00000|  0%| F|  |TAMS 0x0000000748c00000, 0x0000000748c00000| Untracked 
| 141|0x0000000748d00000, 0x0000000748d00000, 0x0000000748e00000|  0%| F|  |TAMS 0x0000000748d00000, 0x0000000748d00000| Untracked 
| 142|0x0000000748e00000, 0x0000000748e00000, 0x0000000748f00000|  0%| F|  |TAMS 0x0000000748e00000, 0x0000000748e00000| Untracked 
| 143|0x0000000748f00000, 0x0000000748f00000, 0x0000000749000000|  0%| F|  |TAMS 0x0000000748f00000, 0x0000000748f00000| Untracked 
| 144|0x0000000749000000, 0x0000000749000000, 0x0000000749100000|  0%| F|  |TAMS 0x0000000749000000, 0x0000000749000000| Untracked 
| 145|0x0000000749100000, 0x0000000749100000, 0x0000000749200000|  0%| F|  |TAMS 0x0000000749100000, 0x0000000749100000| Untracked 
| 146|0x0000000749200000, 0x0000000749200000, 0x0000000749300000|  0%| F|  |TAMS 0x0000000749200000, 0x0000000749200000| Untracked 
| 147|0x0000000749300000, 0x0000000749300000, 0x0000000749400000|  0%| F|  |TAMS 0x0000000749300000, 0x0000000749300000| Untracked 
| 148|0x0000000749400000, 0x0000000749400000, 0x0000000749500000|  0%| F|  |TAMS 0x0000000749400000, 0x0000000749400000| Untracked 
| 149|0x0000000749500000, 0x0000000749500000, 0x0000000749600000|  0%| F|  |TAMS 0x0000000749500000, 0x0000000749500000| Untracked 
| 150|0x0000000749600000, 0x0000000749600000, 0x0000000749700000|  0%| F|  |TAMS 0x0000000749600000, 0x0000000749600000| Untracked 
| 151|0x0000000749700000, 0x0000000749700000, 0x0000000749800000|  0%| F|  |TAMS 0x0000000749700000, 0x0000000749700000| Untracked 
| 152|0x0000000749800000, 0x0000000749800000, 0x0000000749900000|  0%| F|  |TAMS 0x0000000749800000, 0x0000000749800000| Untracked 
| 153|0x0000000749900000, 0x0000000749900000, 0x0000000749a00000|  0%| F|  |TAMS 0x0000000749900000, 0x0000000749900000| Untracked 
| 154|0x0000000749a00000, 0x0000000749a00000, 0x0000000749b00000|  0%| F|  |TAMS 0x0000000749a00000, 0x0000000749a00000| Untracked 
| 155|0x0000000749b00000, 0x0000000749b00000, 0x0000000749c00000|  0%| F|  |TAMS 0x0000000749b00000, 0x0000000749b00000| Untracked 
| 156|0x0000000749c00000, 0x0000000749c00000, 0x0000000749d00000|  0%| F|  |TAMS 0x0000000749c00000, 0x0000000749c00000| Untracked 
| 157|0x0000000749d00000, 0x0000000749d00000, 0x0000000749e00000|  0%| F|  |TAMS 0x0000000749d00000, 0x0000000749d00000| Untracked 
| 158|0x0000000749e00000, 0x0000000749e00000, 0x0000000749f00000|  0%| F|  |TAMS 0x0000000749e00000, 0x0000000749e00000| Untracked 
| 159|0x0000000749f00000, 0x0000000749f00000, 0x000000074a000000|  0%| F|  |TAMS 0x0000000749f00000, 0x0000000749f00000| Untracked 
| 160|0x000000074a000000, 0x000000074a000000, 0x000000074a100000|  0%| F|  |TAMS 0x000000074a000000, 0x000000074a000000| Untracked 
| 161|0x000000074a100000, 0x000000074a100000, 0x000000074a200000|  0%| F|  |TAMS 0x000000074a100000, 0x000000074a100000| Untracked 
| 162|0x000000074a200000, 0x000000074a200000, 0x000000074a300000|  0%| F|  |TAMS 0x000000074a200000, 0x000000074a200000| Untracked 
| 163|0x000000074a300000, 0x000000074a300000, 0x000000074a400000|  0%| F|  |TAMS 0x000000074a300000, 0x000000074a300000| Untracked 
| 164|0x000000074a400000, 0x000000074a400000, 0x000000074a500000|  0%| F|  |TAMS 0x000000074a400000, 0x000000074a400000| Untracked 
| 165|0x000000074a500000, 0x000000074a500000, 0x000000074a600000|  0%| F|  |TAMS 0x000000074a500000, 0x000000074a500000| Untracked 
| 166|0x000000074a600000, 0x000000074a602db0, 0x000000074a700000|  1%| O|  |TAMS 0x000000074a600000, 0x000000074a600000| Untracked 
| 167|0x000000074a700000, 0x000000074a700000, 0x000000074a800000|  0%| F|  |TAMS 0x000000074a700000, 0x000000074a700000| Untracked 
| 168|0x000000074a800000, 0x000000074a800000, 0x000000074a900000|  0%| F|  |TAMS 0x000000074a800000, 0x000000074a800000| Untracked 
| 169|0x000000074a900000, 0x000000074a900000, 0x000000074aa00000|  0%| F|  |TAMS 0x000000074a900000, 0x000000074a900000| Untracked 
| 170|0x000000074aa00000, 0x000000074aa00000, 0x000000074ab00000|  0%| F|  |TAMS 0x000000074aa00000, 0x000000074aa00000| Untracked 
| 171|0x000000074ab00000, 0x000000074ab00000, 0x000000074ac00000|  0%| F|  |TAMS 0x000000074ab00000, 0x000000074ab00000| Untracked 
| 172|0x000000074ac00000, 0x000000074ac00000, 0x000000074ad00000|  0%| F|  |TAMS 0x000000074ac00000, 0x000000074ac00000| Untracked 
| 173|0x000000074ad00000, 0x000000074ad00000, 0x000000074ae00000|  0%| F|  |TAMS 0x000000074ad00000, 0x000000074ad00000| Untracked 
| 174|0x000000074ae00000, 0x000000074ae00000, 0x000000074af00000|  0%| F|  |TAMS 0x000000074ae00000, 0x000000074ae00000| Untracked 
| 175|0x000000074af00000, 0x000000074af00000, 0x000000074b000000|  0%| F|  |TAMS 0x000000074af00000, 0x000000074af00000| Untracked 
| 176|0x000000074b000000, 0x000000074b000000, 0x000000074b100000|  0%| F|  |TAMS 0x000000074b000000, 0x000000074b000000| Untracked 
| 177|0x000000074b100000, 0x000000074b100000, 0x000000074b200000|  0%| F|  |TAMS 0x000000074b100000, 0x000000074b100000| Untracked 
| 178|0x000000074b200000, 0x000000074b200000, 0x000000074b300000|  0%| F|  |TAMS 0x000000074b200000, 0x000000074b200000| Untracked 
| 179|0x000000074b300000, 0x000000074b300000, 0x000000074b400000|  0%| F|  |TAMS 0x000000074b300000, 0x000000074b300000| Untracked 
| 180|0x000000074b400000, 0x000000074b400000, 0x000000074b500000|  0%| F|  |TAMS 0x000000074b400000, 0x000000074b400000| Untracked 
| 181|0x000000074b500000, 0x000000074b500000, 0x000000074b600000|  0%| F|  |TAMS 0x000000074b500000, 0x000000074b500000| Untracked 
| 182|0x000000074b600000, 0x000000074b600000, 0x000000074b700000|  0%| F|  |TAMS 0x000000074b600000, 0x000000074b600000| Untracked 
| 183|0x000000074b700000, 0x000000074b700000, 0x000000074b800000|  0%| F|  |TAMS 0x000000074b700000, 0x000000074b700000| Untracked 
| 184|0x000000074b800000, 0x000000074b800000, 0x000000074b900000|  0%| F|  |TAMS 0x000000074b800000, 0x000000074b800000| Untracked 
| 185|0x000000074b900000, 0x000000074b900000, 0x000000074ba00000|  0%| F|  |TAMS 0x000000074b900000, 0x000000074b900000| Untracked 
| 186|0x000000074ba00000, 0x000000074ba00000, 0x000000074bb00000|  0%| F|  |TAMS 0x000000074ba00000, 0x000000074ba00000| Untracked 
| 187|0x000000074bb00000, 0x000000074bb00000, 0x000000074bc00000|  0%| F|  |TAMS 0x000000074bb00000, 0x000000074bb00000| Untracked 
| 188|0x000000074bc00000, 0x000000074bc00000, 0x000000074bd00000|  0%| F|  |TAMS 0x000000074bc00000, 0x000000074bc00000| Untracked 
| 189|0x000000074bd00000, 0x000000074bd00000, 0x000000074be00000|  0%| F|  |TAMS 0x000000074bd00000, 0x000000074bd00000| Untracked 
| 190|0x000000074be00000, 0x000000074be00000, 0x000000074bf00000|  0%| F|  |TAMS 0x000000074be00000, 0x000000074be00000| Untracked 
| 191|0x000000074bf00000, 0x000000074bf00000, 0x000000074c000000|  0%| F|  |TAMS 0x000000074bf00000, 0x000000074bf00000| Untracked 
| 192|0x000000074c000000, 0x000000074c000000, 0x000000074c100000|  0%| F|  |TAMS 0x000000074c000000, 0x000000074c000000| Untracked 
| 193|0x000000074c100000, 0x000000074c100000, 0x000000074c200000|  0%| F|  |TAMS 0x000000074c100000, 0x000000074c100000| Untracked 
| 194|0x000000074c200000, 0x000000074c200000, 0x000000074c300000|  0%| F|  |TAMS 0x000000074c200000, 0x000000074c200000| Untracked 
| 195|0x000000074c300000, 0x000000074c300000, 0x000000074c400000|  0%| F|  |TAMS 0x000000074c300000, 0x000000074c300000| Untracked 
| 196|0x000000074c400000, 0x000000074c400000, 0x000000074c500000|  0%| F|  |TAMS 0x000000074c400000, 0x000000074c400000| Untracked 
| 197|0x000000074c500000, 0x000000074c500000, 0x000000074c600000|  0%| F|  |TAMS 0x000000074c500000, 0x000000074c500000| Untracked 
| 198|0x000000074c600000, 0x000000074c600000, 0x000000074c700000|  0%| F|  |TAMS 0x000000074c600000, 0x000000074c600000| Untracked 
| 199|0x000000074c700000, 0x000000074c700000, 0x000000074c800000|  0%| F|  |TAMS 0x000000074c700000, 0x000000074c700000| Untracked 
| 200|0x000000074c800000, 0x000000074c800000, 0x000000074c900000|  0%| F|  |TAMS 0x000000074c800000, 0x000000074c800000| Untracked 
| 201|0x000000074c900000, 0x000000074c900000, 0x000000074ca00000|  0%| F|  |TAMS 0x000000074c900000, 0x000000074c900000| Untracked 
| 202|0x000000074ca00000, 0x000000074ca00000, 0x000000074cb00000|  0%| F|  |TAMS 0x000000074ca00000, 0x000000074ca00000| Untracked 
| 203|0x000000074cb00000, 0x000000074cb00000, 0x000000074cc00000|  0%| F|  |TAMS 0x000000074cb00000, 0x000000074cb00000| Untracked 
| 204|0x000000074cc00000, 0x000000074cc00000, 0x000000074cd00000|  0%| F|  |TAMS 0x000000074cc00000, 0x000000074cc00000| Untracked 
| 205|0x000000074cd00000, 0x000000074cd00000, 0x000000074ce00000|  0%| F|  |TAMS 0x000000074cd00000, 0x000000074cd00000| Untracked 
| 206|0x000000074ce00000, 0x000000074ce00000, 0x000000074cf00000|  0%| F|  |TAMS 0x000000074ce00000, 0x000000074ce00000| Untracked 
| 207|0x000000074cf00000, 0x000000074cf00000, 0x000000074d000000|  0%| F|  |TAMS 0x000000074cf00000, 0x000000074cf00000| Untracked 
| 208|0x000000074d000000, 0x000000074d000000, 0x000000074d100000|  0%| F|  |TAMS 0x000000074d000000, 0x000000074d000000| Untracked 
| 209|0x000000074d100000, 0x000000074d100000, 0x000000074d200000|  0%| F|  |TAMS 0x000000074d100000, 0x000000074d100000| Untracked 
| 210|0x000000074d200000, 0x000000074d200000, 0x000000074d300000|  0%| F|  |TAMS 0x000000074d200000, 0x000000074d200000| Untracked 
| 211|0x000000074d300000, 0x000000074d300000, 0x000000074d400000|  0%| F|  |TAMS 0x000000074d300000, 0x000000074d300000| Untracked 
| 212|0x000000074d400000, 0x000000074d400000, 0x000000074d500000|  0%| F|  |TAMS 0x000000074d400000, 0x000000074d400000| Untracked 
| 213|0x000000074d500000, 0x000000074d500000, 0x000000074d600000|  0%| F|  |TAMS 0x000000074d500000, 0x000000074d500000| Untracked 
| 214|0x000000074d600000, 0x000000074d600000, 0x000000074d700000|  0%| F|  |TAMS 0x000000074d600000, 0x000000074d600000| Untracked 
| 215|0x000000074d700000, 0x000000074d700000, 0x000000074d800000|  0%| F|  |TAMS 0x000000074d700000, 0x000000074d700000| Untracked 
| 216|0x000000074d800000, 0x000000074d800000, 0x000000074d900000|  0%| F|  |TAMS 0x000000074d800000, 0x000000074d800000| Untracked 
| 217|0x000000074d900000, 0x000000074d900000, 0x000000074da00000|  0%| F|  |TAMS 0x000000074d900000, 0x000000074d900000| Untracked 
| 218|0x000000074da00000, 0x000000074da00000, 0x000000074db00000|  0%| F|  |TAMS 0x000000074da00000, 0x000000074da00000| Untracked 
| 219|0x000000074db00000, 0x000000074db00000, 0x000000074dc00000|  0%| F|  |TAMS 0x000000074db00000, 0x000000074db00000| Untracked 
| 220|0x000000074dc00000, 0x000000074dc00000, 0x000000074dd00000|  0%| F|  |TAMS 0x000000074dc00000, 0x000000074dc00000| Untracked 
| 221|0x000000074dd00000, 0x000000074dd00000, 0x000000074de00000|  0%| F|  |TAMS 0x000000074dd00000, 0x000000074dd00000| Untracked 
| 222|0x000000074de00000, 0x000000074de00000, 0x000000074df00000|  0%| F|  |TAMS 0x000000074de00000, 0x000000074de00000| Untracked 
| 223|0x000000074df00000, 0x000000074df00000, 0x000000074e000000|  0%| F|  |TAMS 0x000000074df00000, 0x000000074df00000| Untracked 
| 224|0x000000074e000000, 0x000000074e000000, 0x000000074e100000|  0%| F|  |TAMS 0x000000074e000000, 0x000000074e000000| Untracked 
| 225|0x000000074e100000, 0x000000074e100000, 0x000000074e200000|  0%| F|  |TAMS 0x000000074e100000, 0x000000074e100000| Untracked 
| 226|0x000000074e200000, 0x000000074e200000, 0x000000074e300000|  0%| F|  |TAMS 0x000000074e200000, 0x000000074e200000| Untracked 
| 227|0x000000074e300000, 0x000000074e300000, 0x000000074e400000|  0%| F|  |TAMS 0x000000074e300000, 0x000000074e300000| Untracked 
| 228|0x000000074e400000, 0x000000074e400000, 0x000000074e500000|  0%| F|  |TAMS 0x000000074e400000, 0x000000074e400000| Untracked 
| 229|0x000000074e500000, 0x000000074e500000, 0x000000074e600000|  0%| F|  |TAMS 0x000000074e500000, 0x000000074e500000| Untracked 
| 230|0x000000074e600000, 0x000000074e600000, 0x000000074e700000|  0%| F|  |TAMS 0x000000074e600000, 0x000000074e600000| Untracked 
| 231|0x000000074e700000, 0x000000074e700000, 0x000000074e800000|  0%| F|  |TAMS 0x000000074e700000, 0x000000074e700000| Untracked 
| 232|0x000000074e800000, 0x000000074e800000, 0x000000074e900000|  0%| F|  |TAMS 0x000000074e800000, 0x000000074e800000| Untracked 
| 233|0x000000074e900000, 0x000000074e900000, 0x000000074ea00000|  0%| F|  |TAMS 0x000000074e900000, 0x000000074e900000| Untracked 
| 234|0x000000074ea00000, 0x000000074ea00000, 0x000000074eb00000|  0%| F|  |TAMS 0x000000074ea00000, 0x000000074ea00000| Untracked 
| 235|0x000000074eb00000, 0x000000074eb00000, 0x000000074ec00000|  0%| F|  |TAMS 0x000000074eb00000, 0x000000074eb00000| Untracked 
| 236|0x000000074ec00000, 0x000000074ec00000, 0x000000074ed00000|  0%| F|  |TAMS 0x000000074ec00000, 0x000000074ec00000| Untracked 
| 237|0x000000074ed00000, 0x000000074ed00000, 0x000000074ee00000|  0%| F|  |TAMS 0x000000074ed00000, 0x000000074ed00000| Untracked 
| 238|0x000000074ee00000, 0x000000074ee00000, 0x000000074ef00000|  0%| F|  |TAMS 0x000000074ee00000, 0x000000074ee00000| Untracked 
| 239|0x000000074ef00000, 0x000000074ef00000, 0x000000074f000000|  0%| F|  |TAMS 0x000000074ef00000, 0x000000074ef00000| Untracked 
| 240|0x000000074f000000, 0x000000074f000000, 0x000000074f100000|  0%| F|  |TAMS 0x000000074f000000, 0x000000074f000000| Untracked 
| 241|0x000000074f100000, 0x000000074f100000, 0x000000074f200000|  0%| F|  |TAMS 0x000000074f100000, 0x000000074f100000| Untracked 
| 242|0x000000074f200000, 0x000000074f200000, 0x000000074f300000|  0%| F|  |TAMS 0x000000074f200000, 0x000000074f200000| Untracked 
| 243|0x000000074f300000, 0x000000074f300000, 0x000000074f400000|  0%| F|  |TAMS 0x000000074f300000, 0x000000074f300000| Untracked 
| 244|0x000000074f400000, 0x000000074f400000, 0x000000074f500000|  0%| F|  |TAMS 0x000000074f400000, 0x000000074f400000| Untracked 
| 245|0x000000074f500000, 0x000000074f500000, 0x000000074f600000|  0%| F|  |TAMS 0x000000074f500000, 0x000000074f500000| Untracked 
| 246|0x000000074f600000, 0x000000074f600000, 0x000000074f700000|  0%| F|  |TAMS 0x000000074f600000, 0x000000074f600000| Untracked 
| 247|0x000000074f700000, 0x000000074f700000, 0x000000074f800000|  0%| F|  |TAMS 0x000000074f700000, 0x000000074f700000| Untracked 
| 248|0x000000074f800000, 0x000000074f800000, 0x000000074f900000|  0%| F|  |TAMS 0x000000074f800000, 0x000000074f800000| Untracked 
| 249|0x000000074f900000, 0x000000074f900000, 0x000000074fa00000|  0%| F|  |TAMS 0x000000074f900000, 0x000000074f900000| Untracked 
| 250|0x000000074fa00000, 0x000000074fa00000, 0x000000074fb00000|  0%| F|  |TAMS 0x000000074fa00000, 0x000000074fa00000| Untracked 
| 251|0x000000074fb00000, 0x000000074fb00000, 0x000000074fc00000|  0%| F|  |TAMS 0x000000074fb00000, 0x000000074fb00000| Untracked 
| 252|0x000000074fc00000, 0x000000074fc00000, 0x000000074fd00000|  0%| F|  |TAMS 0x000000074fc00000, 0x000000074fc00000| Untracked 
| 253|0x000000074fd00000, 0x000000074fd00000, 0x000000074fe00000|  0%| F|  |TAMS 0x000000074fd00000, 0x000000074fd00000| Untracked 
| 254|0x000000074fe00000, 0x000000074fe00000, 0x000000074ff00000|  0%| F|  |TAMS 0x000000074fe00000, 0x000000074fe00000| Untracked 
| 255|0x000000074ff00000, 0x000000074ffa5c38, 0x0000000750000000| 64%| S|CS|TAMS 0x000000074ff00000, 0x000000074ff00000| Complete 
| 256|0x0000000750000000, 0x0000000750000000, 0x0000000750100000|  0%| F|  |TAMS 0x0000000750000000, 0x0000000750000000| Untracked 
| 257|0x0000000750100000, 0x0000000750100000, 0x0000000750200000|  0%| F|  |TAMS 0x0000000750100000, 0x0000000750100000| Untracked 
| 258|0x0000000750200000, 0x0000000750200000, 0x0000000750300000|  0%| F|  |TAMS 0x0000000750200000, 0x0000000750200000| Untracked 
| 259|0x0000000750300000, 0x0000000750300000, 0x0000000750400000|  0%| F|  |TAMS 0x0000000750300000, 0x0000000750300000| Untracked 
| 260|0x0000000750400000, 0x0000000750400000, 0x0000000750500000|  0%| F|  |TAMS 0x0000000750400000, 0x0000000750400000| Untracked 
| 261|0x0000000750500000, 0x0000000750500000, 0x0000000750600000|  0%| F|  |TAMS 0x0000000750500000, 0x0000000750500000| Untracked 
| 262|0x0000000750600000, 0x0000000750600000, 0x0000000750700000|  0%| F|  |TAMS 0x0000000750600000, 0x0000000750600000| Untracked 
| 263|0x0000000750700000, 0x0000000750700000, 0x0000000750800000|  0%| F|  |TAMS 0x0000000750700000, 0x0000000750700000| Untracked 
| 264|0x0000000750800000, 0x0000000750800000, 0x0000000750900000|  0%| F|  |TAMS 0x0000000750800000, 0x0000000750800000| Untracked 
| 265|0x0000000750900000, 0x0000000750900000, 0x0000000750a00000|  0%| F|  |TAMS 0x0000000750900000, 0x0000000750900000| Untracked 
| 266|0x0000000750a00000, 0x0000000750a00000, 0x0000000750b00000|  0%| F|  |TAMS 0x0000000750a00000, 0x0000000750a00000| Untracked 
| 267|0x0000000750b00000, 0x0000000750b00000, 0x0000000750c00000|  0%| F|  |TAMS 0x0000000750b00000, 0x0000000750b00000| Untracked 
| 268|0x0000000750c00000, 0x0000000750c00000, 0x0000000750d00000|  0%| F|  |TAMS 0x0000000750c00000, 0x0000000750c00000| Untracked 
| 269|0x0000000750d00000, 0x0000000750d00000, 0x0000000750e00000|  0%| F|  |TAMS 0x0000000750d00000, 0x0000000750d00000| Untracked 
| 270|0x0000000750e00000, 0x0000000750e00000, 0x0000000750f00000|  0%| F|  |TAMS 0x0000000750e00000, 0x0000000750e00000| Untracked 
| 271|0x0000000750f00000, 0x0000000750f00000, 0x0000000751000000|  0%| F|  |TAMS 0x0000000750f00000, 0x0000000750f00000| Untracked 
| 272|0x0000000751000000, 0x0000000751000000, 0x0000000751100000|  0%| F|  |TAMS 0x0000000751000000, 0x0000000751000000| Untracked 
| 273|0x0000000751100000, 0x0000000751100000, 0x0000000751200000|  0%| F|  |TAMS 0x0000000751100000, 0x0000000751100000| Untracked 
| 274|0x0000000751200000, 0x0000000751200000, 0x0000000751300000|  0%| F|  |TAMS 0x0000000751200000, 0x0000000751200000| Untracked 
| 275|0x0000000751300000, 0x0000000751300000, 0x0000000751400000|  0%| F|  |TAMS 0x0000000751300000, 0x0000000751300000| Untracked 
| 276|0x0000000751400000, 0x0000000751400000, 0x0000000751500000|  0%| F|  |TAMS 0x0000000751400000, 0x0000000751400000| Untracked 
| 277|0x0000000751500000, 0x0000000751500000, 0x0000000751600000|  0%| F|  |TAMS 0x0000000751500000, 0x0000000751500000| Untracked 
| 278|0x0000000751600000, 0x0000000751600000, 0x0000000751700000|  0%| F|  |TAMS 0x0000000751600000, 0x0000000751600000| Untracked 
| 279|0x0000000751700000, 0x0000000751700000, 0x0000000751800000|  0%| F|  |TAMS 0x0000000751700000, 0x0000000751700000| Untracked 
| 280|0x0000000751800000, 0x0000000751800000, 0x0000000751900000|  0%| F|  |TAMS 0x0000000751800000, 0x0000000751800000| Untracked 
| 281|0x0000000751900000, 0x0000000751900000, 0x0000000751a00000|  0%| F|  |TAMS 0x0000000751900000, 0x0000000751900000| Untracked 
| 282|0x0000000751a00000, 0x0000000751a00000, 0x0000000751b00000|  0%| F|  |TAMS 0x0000000751a00000, 0x0000000751a00000| Untracked 
| 283|0x0000000751b00000, 0x0000000751b84240, 0x0000000751c00000| 51%| E|  |TAMS 0x0000000751b00000, 0x0000000751b00000| Complete 
| 284|0x0000000751c00000, 0x0000000751d00000, 0x0000000751d00000|100%| E|CS|TAMS 0x0000000751c00000, 0x0000000751c00000| Complete 
| 285|0x0000000751d00000, 0x0000000751e00000, 0x0000000751e00000|100%| E|CS|TAMS 0x0000000751d00000, 0x0000000751d00000| Complete 
| 286|0x0000000751e00000, 0x0000000751f00000, 0x0000000751f00000|100%| E|CS|TAMS 0x0000000751e00000, 0x0000000751e00000| Complete 
| 287|0x0000000751f00000, 0x0000000752000000, 0x0000000752000000|100%| E|CS|TAMS 0x0000000751f00000, 0x0000000751f00000| Complete 
| 288|0x0000000752000000, 0x0000000752100000, 0x0000000752100000|100%| E|CS|TAMS 0x0000000752000000, 0x0000000752000000| Complete 
| 289|0x0000000752100000, 0x0000000752200000, 0x0000000752200000|100%| E|CS|TAMS 0x0000000752100000, 0x0000000752100000| Complete 
| 290|0x0000000752200000, 0x0000000752300000, 0x0000000752300000|100%| E|CS|TAMS 0x0000000752200000, 0x0000000752200000| Complete 
| 291|0x0000000752300000, 0x0000000752400000, 0x0000000752400000|100%| E|CS|TAMS 0x0000000752300000, 0x0000000752300000| Complete 
| 292|0x0000000752400000, 0x0000000752500000, 0x0000000752500000|100%| E|CS|TAMS 0x0000000752400000, 0x0000000752400000| Complete 
| 293|0x0000000752500000, 0x0000000752600000, 0x0000000752600000|100%| E|CS|TAMS 0x0000000752500000, 0x0000000752500000| Complete 
| 294|0x0000000752600000, 0x0000000752700000, 0x0000000752700000|100%| E|CS|TAMS 0x0000000752600000, 0x0000000752600000| Complete 
| 295|0x0000000752700000, 0x0000000752800000, 0x0000000752800000|100%| E|CS|TAMS 0x0000000752700000, 0x0000000752700000| Complete 
| 296|0x0000000752800000, 0x0000000752900000, 0x0000000752900000|100%| E|CS|TAMS 0x0000000752800000, 0x0000000752800000| Complete 
| 297|0x0000000752900000, 0x0000000752a00000, 0x0000000752a00000|100%| E|CS|TAMS 0x0000000752900000, 0x0000000752900000| Complete 
| 298|0x0000000752a00000, 0x0000000752b00000, 0x0000000752b00000|100%| E|CS|TAMS 0x0000000752a00000, 0x0000000752a00000| Complete 
| 299|0x0000000752b00000, 0x0000000752c00000, 0x0000000752c00000|100%| E|CS|TAMS 0x0000000752b00000, 0x0000000752b00000| Complete 
| 300|0x0000000752c00000, 0x0000000752d00000, 0x0000000752d00000|100%| E|CS|TAMS 0x0000000752c00000, 0x0000000752c00000| Complete 
| 301|0x0000000752d00000, 0x0000000752e00000, 0x0000000752e00000|100%| E|CS|TAMS 0x0000000752d00000, 0x0000000752d00000| Complete 
| 302|0x0000000752e00000, 0x0000000752f00000, 0x0000000752f00000|100%| E|CS|TAMS 0x0000000752e00000, 0x0000000752e00000| Complete 
| 303|0x0000000752f00000, 0x0000000752f04400, 0x0000000753000000|  1%| O|  |TAMS 0x0000000752f00000, 0x0000000752f00000| Untracked 
| 304|0x0000000753000000, 0x0000000753100000, 0x0000000753100000|100%| E|CS|TAMS 0x0000000753000000, 0x0000000753000000| Complete 
| 305|0x0000000753100000, 0x0000000753200000, 0x0000000753200000|100%| E|CS|TAMS 0x0000000753100000, 0x0000000753100000| Complete 
| 306|0x0000000753200000, 0x0000000753300000, 0x0000000753300000|100%| E|CS|TAMS 0x0000000753200000, 0x0000000753200000| Complete 
| 307|0x0000000753300000, 0x0000000753400000, 0x0000000753400000|100%| E|CS|TAMS 0x0000000753300000, 0x0000000753300000| Complete 
| 308|0x0000000753400000, 0x0000000753500000, 0x0000000753500000|100%| E|CS|TAMS 0x0000000753400000, 0x0000000753400000| Complete 
| 309|0x0000000753500000, 0x0000000753600000, 0x0000000753600000|100%| E|CS|TAMS 0x0000000753500000, 0x0000000753500000| Complete 
| 310|0x0000000753600000, 0x0000000753700000, 0x0000000753700000|100%| E|CS|TAMS 0x0000000753600000, 0x0000000753600000| Complete 
| 311|0x0000000753700000, 0x0000000753800000, 0x0000000753800000|100%| E|CS|TAMS 0x0000000753700000, 0x0000000753700000| Complete 
| 312|0x0000000753800000, 0x0000000753900000, 0x0000000753900000|100%| E|CS|TAMS 0x0000000753800000, 0x0000000753800000| Complete 
| 313|0x0000000753900000, 0x0000000753a00000, 0x0000000753a00000|100%| E|CS|TAMS 0x0000000753900000, 0x0000000753900000| Complete 
| 314|0x0000000753a00000, 0x0000000753b00000, 0x0000000753b00000|100%| E|CS|TAMS 0x0000000753a00000, 0x0000000753a00000| Complete 
| 315|0x0000000753b00000, 0x0000000753c00000, 0x0000000753c00000|100%| E|CS|TAMS 0x0000000753b00000, 0x0000000753b00000| Complete 
| 316|0x0000000753c00000, 0x0000000753d00000, 0x0000000753d00000|100%| E|CS|TAMS 0x0000000753c00000, 0x0000000753c00000| Complete 

Card table byte_map: [0x000002c8a4750000,0x000002c8a4d50000] _byte_map_base: 0x000002c8a0d50000

Marking Bits (Prev, Next): (CMBitMap*) 0x000002c8c67267e8, (CMBitMap*) 0x000002c8c6726820
 Prev Bits: [0x000002c8acc80000, 0x000002c8afc80000)
 Next Bits: [0x000002c8afc80000, 0x000002c8b2c80000)

Polling page: 0x000002c887590000

Metaspace:

Usage:
  Non-class:     83.70 MB capacity,    82.15 MB ( 98%) used,     1.19 MB (  1%) free+waste,   368.19 KB ( <1%) overhead. 
      Class:     14.07 MB capacity,    12.85 MB ( 91%) used,     1.04 MB (  7%) free+waste,   178.06 KB (  1%) overhead. 
       Both:     97.76 MB capacity,    95.00 MB ( 97%) used,     2.23 MB (  2%) free+waste,   546.25 KB ( <1%) overhead. 

Virtual space:
  Non-class space:       84.00 MB reserved,      83.87 MB (>99%) committed 
      Class space:        1.00 GB reserved,      14.13 MB (  1%) committed 
             Both:        1.08 GB reserved,      98.00 MB (  9%) committed 

Chunk freelists:
   Non-Class:  6.38 KB
       Class:  3.38 KB
        Both:  9.75 KB

CodeHeap 'non-profiled nmethods': size=119168Kb used=25243Kb max_used=25482Kb free=93924Kb
 bounds [0x000002c89c460000, 0x000002c89dd50000, 0x000002c8a38c0000]
CodeHeap 'profiled nmethods': size=119168Kb used=40328Kb max_used=46769Kb free=78839Kb
 bounds [0x000002c895000000, 0x000002c897e60000, 0x000002c89c460000]
CodeHeap 'non-nmethods': size=7424Kb used=1664Kb max_used=3387Kb free=5759Kb
 bounds [0x000002c8948c0000, 0x000002c894c80000, 0x000002c895000000]
 total_blobs=37758 nmethods=18546 adapters=1121
 compilation: enabled
              stopped_count=0, restarted_count=0
 full_count=0

Compilation events (10 events):
Event: 2939.325 Thread 0x000002c8c75c2000 25231       4       java.util.concurrent.CopyOnWriteArrayList::indexOfRange (63 bytes)
Event: 2939.326 Thread 0x000002c8c75c2000 nmethod 25231 0x000002c89d34dc90 code [0x000002c89d34de20, 0x000002c89d34df18]
Event: 2939.327 Thread 0x000002c8c75c2000 25232       4       ui.views.Q.b.j::a (24 bytes)
Event: 2939.331 Thread 0x000002c8c75c2000 nmethod 25232 0x000002c89d3bf790 code [0x000002c89d3bf960, 0x000002c89d3c00b8]
Event: 2939.465 Thread 0x000002c8c75c3000 25233       3       com.jidesoft.utils.SystemInfo::isWindows (4 bytes)
Event: 2939.465 Thread 0x000002c8c75c3000 nmethod 25233 0x000002c8951a2e10 code [0x000002c8951a2fc0, 0x000002c8951a3118]
Event: 2940.191 Thread 0x000002c8c75c2000 25234   !   4       de.javasoft.plaf.synthetica.painter.LabelPainter::paintLabelBackground (1018 bytes)
Event: 2940.262 Thread 0x000002c8c75c2000 nmethod 25234 0x000002c89d6ea410 code [0x000002c89d6ea9e0, 0x000002c89d6f1618]
Event: 2941.995 Thread 0x000002c8c75c3000 25235       3       com.jidesoft.editor.CodeEditor::getDocumentLength (23 bytes)
Event: 2941.995 Thread 0x000002c8c75c3000 nmethod 25235 0x000002c895361090 code [0x000002c895361260, 0x000002c895361530]

GC Heap History (10 events):
Event: 2936.938 GC heap before
{Heap before GC invocations=1683 (full 1260):
 garbage-first heap   total 324608K, used 99677K [0x0000000740000000, 0x0000000800000000)
  region size 1024K, 6 young (6144K), 0 survivors (0K)
 Metaspace       used 97275K, capacity 100110K, committed 100348K, reserved 1134592K
  class space    used 13160K, capacity 14405K, committed 14464K, reserved 1048576K
}
Event: 2936.982 GC heap after
{Heap after GC invocations=1684 (full 1261):
 garbage-first heap   total 324608K, used 94536K [0x0000000740000000, 0x0000000800000000)
  region size 1024K, 0 young (0K), 0 survivors (0K)
 Metaspace       used 97275K, capacity 100110K, committed 100348K, reserved 1134592K
  class space    used 13160K, capacity 14405K, committed 14464K, reserved 1048576K
}
Event: 2937.063 GC heap before
{Heap before GC invocations=1684 (full 1261):
 garbage-first heap   total 324608K, used 99656K [0x0000000740000000, 0x0000000800000000)
  region size 1024K, 6 young (6144K), 0 survivors (0K)
 Metaspace       used 97275K, capacity 100110K, committed 100348K, reserved 1134592K
  class space    used 13160K, capacity 14405K, committed 14464K, reserved 1048576K
}
Event: 2937.108 GC heap after
{Heap after GC invocations=1685 (full 1262):
 garbage-first heap   total 324608K, used 94542K [0x0000000740000000, 0x0000000800000000)
  region size 1024K, 0 young (0K), 0 survivors (0K)
 Metaspace       used 97275K, capacity 100110K, committed 100348K, reserved 1134592K
  class space    used 13160K, capacity 14405K, committed 14464K, reserved 1048576K
}
Event: 2937.667 GC heap before
{Heap before GC invocations=1685 (full 1262):
 garbage-first heap   total 324608K, used 99662K [0x0000000740000000, 0x0000000800000000)
  region size 1024K, 6 young (6144K), 0 survivors (0K)
 Metaspace       used 97275K, capacity 100110K, committed 100348K, reserved 1134592K
  class space    used 13160K, capacity 14405K, committed 14464K, reserved 1048576K
}
Event: 2937.709 GC heap after
{Heap after GC invocations=1686 (full 1263):
 garbage-first heap   total 324608K, used 94549K [0x0000000740000000, 0x0000000800000000)
  region size 1024K, 0 young (0K), 0 survivors (0K)
 Metaspace       used 97275K, capacity 100110K, committed 100348K, reserved 1134592K
  class space    used 13160K, capacity 14405K, committed 14464K, reserved 1048576K
}
Event: 2937.743 GC heap before
{Heap before GC invocations=1686 (full 1263):
 garbage-first heap   total 324608K, used 99669K [0x0000000740000000, 0x0000000800000000)
  region size 1024K, 6 young (6144K), 0 survivors (0K)
 Metaspace       used 97275K, capacity 100110K, committed 100348K, reserved 1134592K
  class space    used 13160K, capacity 14405K, committed 14464K, reserved 1048576K
}
Event: 2937.786 GC heap after
{Heap after GC invocations=1687 (full 1264):
 garbage-first heap   total 324608K, used 94532K [0x0000000740000000, 0x0000000800000000)
  region size 1024K, 0 young (0K), 0 survivors (0K)
 Metaspace       used 97275K, capacity 100110K, committed 100348K, reserved 1134592K
  class space    used 13160K, capacity 14405K, committed 14464K, reserved 1048576K
}
Event: 2939.472 GC heap before
{Heap before GC invocations=1687 (full 1264):
 garbage-first heap   total 324608K, used 155972K [0x0000000740000000, 0x0000000800000000)
  region size 1024K, 60 young (61440K), 0 survivors (0K)
 Metaspace       used 97283K, capacity 100110K, committed 100348K, reserved 1134592K
  class space    used 13160K, capacity 14405K, committed 14464K, reserved 1048576K
}
Event: 2939.474 GC heap after
{Heap after GC invocations=1688 (full 1264):
 garbage-first heap   total 324608K, used 95195K [0x0000000740000000, 0x0000000800000000)
  region size 1024K, 1 young (1024K), 1 survivors (1024K)
 Metaspace       used 97283K, capacity 100110K, committed 100348K, reserved 1134592K
  class space    used 13160K, capacity 14405K, committed 14464K, reserved 1048576K
}

Deoptimization events (10 events):
Event: 2848.326 Thread 0x000002c8c90c3000 Uncommon trap: reason=unstable_if action=reinterpret pc=0x000002c89d44a770 method=java.awt.LightweightDispatcher.trackMouseEnterExit(Ljava/awt/Component;Ljava/awt/event/MouseEvent;)V @ 4 c2
Event: 2848.326 Thread 0x000002c8c90c3000 Uncommon trap: reason=unstable_if action=reinterpret pc=0x000002c89cf445f8 method=java.awt.LightweightDispatcher.retargetMouseEvent(Ljava/awt/Component;ILjava/awt/event/MouseEvent;)V @ 73 c2
Event: 2848.326 Thread 0x000002c8c90c3000 Uncommon trap: reason=unstable_if action=reinterpret pc=0x000002c89d780ae0 method=java.awt.Component.dispatchEventImpl(Ljava/awt/AWTEvent;)V @ 92 c2
Event: 2848.327 Thread 0x000002c8c90c3000 Uncommon trap: reason=class_check action=maybe_recompile pc=0x000002c89c5f31fc method=java.lang.Throwable.<init>()V @ 24 c2
Event: 2848.327 Thread 0x000002c8c90c3000 Uncommon trap: reason=unstable_if action=reinterpret pc=0x000002c89cf63a94 method=java.awt.EventQueue.getPriority(Ljava/awt/AWTEvent;)I @ 35 c2
Event: 2848.328 Thread 0x000002c8c90c3000 Uncommon trap: reason=unstable_if action=reinterpret pc=0x000002c89cdb402c method=java.awt.EventQueue.getPriority(Ljava/awt/AWTEvent;)I @ 35 c2
Event: 2854.541 Thread 0x000002c8c90c3000 Uncommon trap: reason=unstable_if action=reinterpret pc=0x000002c89d6ed854 method=java.awt.datatransfer.DataFlavor.equals(Ljava/awt/datatransfer/DataFlavor;)Z @ 70 c2
Event: 2854.541 Thread 0x000002c8c90c3000 Uncommon trap: reason=profile_predicate action=maybe_recompile pc=0x000002c89c6fadf8 method=java.util.TreeMap.getEntryUsingComparator(Ljava/lang/Object;)Ljava/util/TreeMap$Entry; @ 19 c2
Event: 2854.563 Thread 0x000002c8c90c3000 Uncommon trap: reason=class_check action=maybe_recompile pc=0x000002c89c5f31fc method=java.lang.Throwable.<init>()V @ 24 c2
Event: 2941.308 Thread 0x000002c8c90c3000 Uncommon trap: reason=speculate_class_check action=maybe_recompile pc=0x000002c89d5ca6d0 method=javax.swing.plaf.basic.BasicLabelUI.paint(Ljava/awt/Graphics;Ljavax/swing/JComponent;)V @ 168 c2

Classes redefined (0 events):
No events

Internal exceptions (10 events):
Event: 2919.539 Thread 0x000002c8c90c3000 Exception <a 'java/io/FileNotFoundException'{0x0000000751c373f8}> (0x0000000751c373f8) thrown at [t:/workspace/open/src/hotspot/share/prims/jni.cpp, line 615]
Event: 2919.539 Thread 0x000002c8c90c3000 Exception <a 'java/io/FileNotFoundException'{0x0000000751c37c38}> (0x0000000751c37c38) thrown at [t:/workspace/open/src/hotspot/share/prims/jni.cpp, line 615]
Event: 2924.541 Thread 0x000002c8c90c3000 Exception <a 'java/io/FileNotFoundException'{0x0000000750eb3f10}> (0x0000000750eb3f10) thrown at [t:/workspace/open/src/hotspot/share/prims/jni.cpp, line 615]
Event: 2924.541 Thread 0x000002c8c90c3000 Exception <a 'java/io/FileNotFoundException'{0x0000000750eb4750}> (0x0000000750eb4750) thrown at [t:/workspace/open/src/hotspot/share/prims/jni.cpp, line 615]
Event: 2929.541 Thread 0x000002c8c90c3000 Exception <a 'java/io/FileNotFoundException'{0x0000000753244840}> (0x0000000753244840) thrown at [t:/workspace/open/src/hotspot/share/prims/jni.cpp, line 615]
Event: 2929.541 Thread 0x000002c8c90c3000 Exception <a 'java/io/FileNotFoundException'{0x0000000753245080}> (0x0000000753245080) thrown at [t:/workspace/open/src/hotspot/share/prims/jni.cpp, line 615]
Event: 2934.542 Thread 0x000002c8c90c3000 Exception <a 'java/io/FileNotFoundException'{0x0000000753a05020}> (0x0000000753a05020) thrown at [t:/workspace/open/src/hotspot/share/prims/jni.cpp, line 615]
Event: 2934.542 Thread 0x000002c8c90c3000 Exception <a 'java/io/FileNotFoundException'{0x0000000753a05860}> (0x0000000753a05860) thrown at [t:/workspace/open/src/hotspot/share/prims/jni.cpp, line 615]
Event: 2939.543 Thread 0x000002c8c90c3000 Exception <a 'java/io/FileNotFoundException'{0x00000007534d13f0}> (0x00000007534d13f0) thrown at [t:/workspace/open/src/hotspot/share/prims/jni.cpp, line 615]
Event: 2939.543 Thread 0x000002c8c90c3000 Exception <a 'java/io/FileNotFoundException'{0x00000007534d1c40}> (0x00000007534d1c40) thrown at [t:/workspace/open/src/hotspot/share/prims/jni.cpp, line 615]

Events (10 events):
Event: 2940.986 Thread 0x000002c8b8199000 Thread added: 0x000002c8b8199000
Event: 2940.988 Thread 0x000002c8b8199000 Thread exited: 0x000002c8b8199000
Event: 2941.294 Thread 0x000002c8b8199000 Thread added: 0x000002c8b8199000
Event: 2941.295 Executing VM operation: RevokeBias
Event: 2941.298 Executing VM operation: RevokeBias done
Event: 2941.308 Thread 0x000002c8c90c3000 Uncommon trap: trap_request=0xffffff6e fr.pc=0x000002c89d5ca6d0 relative=0x0000000000001190
Event: 2941.308 Thread 0x000002c8c90c3000 DEOPT PACKING pc=0x000002c89d5ca6d0 sp=0x000000fe3fdf4470
Event: 2941.308 Thread 0x000002c8c90c3000 DEOPT UNPACKING pc=0x000002c8948e91af sp=0x000000fe3fdf4458 mode 2
Event: 2941.987 Thread 0x000002c8b819a000 Thread added: 0x000002c8b819a000
Event: 2941.989 Thread 0x000002c8b819a000 Thread exited: 0x000002c8b819a000


Dynamic libraries:
0x00007ff6f2570000 - 0x00007ff6f259f000 	C:\Xilinx\Vivado\2020.2\bin\unwrapped\win64.o\vivado.exe
0x00007ffe144d0000 - 0x00007ffe146e7000 	C:\Windows\SYSTEM32\ntdll.dll
0x00007ffe12e00000 - 0x00007ffe12ec4000 	C:\Windows\System32\KERNEL32.DLL
0x00007ffe11a40000 - 0x00007ffe11e10000 	C:\Windows\System32\KERNELBASE.dll
0x00007ffe120a0000 - 0x00007ffe121b1000 	C:\Windows\System32\ucrtbase.dll
0x00007ffde9780000 - 0x00007ffde980d000 	C:\Windows\SYSTEM32\MSVCP140.dll
0x00007ffd67460000 - 0x00007ffd685d7000 	C:\Xilinx\Vivado\2020.2\lib\win64.o\librdi_common.dll
0x00007ffdeb980000 - 0x00007ffdeb99e000 	C:\Windows\SYSTEM32\VCRUNTIME140.dll
0x00007ffe02210000 - 0x00007ffe02228000 	C:\Xilinx\Vivado\2020.2\lib\win64.o\librdi_commonmain.dll
0x00007ffe12ed0000 - 0x00007ffe1307e000 	C:\Windows\System32\USER32.dll
0x00007ffe11e90000 - 0x00007ffe11eb6000 	C:\Windows\System32\win32u.dll
0x00007ffe12930000 - 0x00007ffe12959000 	C:\Windows\System32\GDI32.dll
0x00007ffdfef10000 - 0x00007ffdfef1c000 	C:\Windows\SYSTEM32\VCRUNTIME140_1.dll
0x00007ffe11ec0000 - 0x00007ffe11fdb000 	C:\Windows\System32\gdi32full.dll
0x00007ffe11920000 - 0x00007ffe119ba000 	C:\Windows\System32\msvcp_win.dll
0x00007ffe13de0000 - 0x00007ffe13e91000 	C:\Windows\System32\ADVAPI32.dll
0x00007ffe133f0000 - 0x00007ffe13497000 	C:\Windows\System32\msvcrt.dll
0x00007ffe02a70000 - 0x00007ffe02a83000 	C:\Xilinx\Vivado\2020.2\lib\win64.o\libboost_signals.dll
0x00007ffd7d3d0000 - 0x00007ffd7d73e000 	C:\Xilinx\Vivado\2020.2\lib\win64.o\libCOIN-all.dll
0x00007ffe021c0000 - 0x00007ffe021d0000 	C:\Xilinx\Vivado\2020.2\lib\win64.o\libboost_date_time.dll
0x00007ffe13ea0000 - 0x00007ffe13f47000 	C:\Windows\System32\sechost.dll
0x00007ffe11780000 - 0x00007ffe117a8000 	C:\Windows\System32\bcrypt.dll
0x00007ffe12810000 - 0x00007ffe12924000 	C:\Windows\System32\RPCRT4.dll
0x00007ffe134c0000 - 0x00007ffe13d38000 	C:\Windows\System32\SHELL32.dll
0x00007ffe12bb0000 - 0x00007ffe12c21000 	C:\Windows\System32\WS2_32.dll
0x00007ffe021e0000 - 0x00007ffe02202000 	C:\Xilinx\Vivado\2020.2\lib\win64.o\libboost_filesystem.dll
0x00007ffde8ce0000 - 0x00007ffde8d53000 	C:\Xilinx\Vivado\2020.2\lib\win64.o\libboost_program_options.dll
0x00007ffdc1230000 - 0x00007ffdc1341000 	C:\Xilinx\Vivado\2020.2\lib\win64.o\libboost_regex.dll
0x00007ffe021d0000 - 0x00007ffe021d9000 	C:\Xilinx\Vivado\2020.2\lib\win64.o\libboost_system.dll
0x00007ffe01e80000 - 0x00007ffe01e8c000 	C:\Xilinx\Vivado\2020.2\lib\win64.o\libboost_xilinx.dll
0x00007ffe021a0000 - 0x00007ffe021be000 	C:\Xilinx\Vivado\2020.2\lib\win64.o\libboost_thread.dll
0x00007ffdc4fc0000 - 0x00007ffdc5042000 	C:\Xilinx\Vivado\2020.2\lib\win64.o\libhdlpsolve.dll
0x00007ffdc3910000 - 0x00007ffdc39b5000 	C:\Xilinx\Vivado\2020.2\lib\win64.o\libhdxml.dll
0x00007ffd66660000 - 0x00007ffd67452600 	C:\Xilinx\Vivado\2020.2\lib\win64.o\libisl_iostreams.dll
0x00007ffe01e50000 - 0x00007ffe01e78000 	C:\Xilinx\Vivado\2020.2\lib\win64.o\libisl_sysinfo.dll
0x00007ffdd8520000 - 0x00007ffdd8585000 	C:\Xilinx\Vivado\2020.2\lib\win64.o\liblmx6.0.dll
0x00007ffe01da0000 - 0x00007ffe01dba000 	C:\Xilinx\Vivado\2020.2\lib\win64.o\pthreadVC2.dll
0x00007ffdc3650000 - 0x00007ffdc37e9000 	C:\Xilinx\Vivado\2020.2\lib\win64.o\librdi_commonxillic.dll
0x00007ffe01790000 - 0x00007ffe017b1000 	C:\Xilinx\Vivado\2020.2\lib\win64.o\librdizlib.dll
0x00007ffe01d80000 - 0x00007ffe01d9c000 	C:\Xilinx\Vivado\2020.2\lib\win64.o\librdiconfig.dll
0x00000000600f0000 - 0x000000006021b000 	C:\Xilinx\Vivado\2020.2\lib\win64.o\tcl85t.dll
0x00007ffe13d80000 - 0x00007ffe13dde000 	C:\Windows\System32\SHLWAPI.dll
0x0000000012000000 - 0x0000000012270000 	C:\Xilinx\Vivado\2020.2\lib\win64.o\xerces-c_3_1.dll
0x00007ffe07aa0000 - 0x00007ffe07aa9000 	C:\Xilinx\Vivado\2020.2\lib\win64.o\librdi_commonversion.dll
0x00007ffe10380000 - 0x00007ffe10399000 	C:\Windows\SYSTEM32\NETAPI32.dll
0x00007ffde9ce0000 - 0x00007ffdea1de000 	C:\Windows\SYSTEM32\WININET.dll
0x00007ffe098e0000 - 0x00007ffe09a0c000 	C:\Windows\SYSTEM32\WINHTTP.dll
0x00007ffdeb5d0000 - 0x00007ffdeb7c5000 	C:\Windows\SYSTEM32\urlmon.dll
0x00007ffdb6800000 - 0x00007ffdb6809000 	C:\Windows\SYSTEM32\WSOCK32.dll
0x00007ffe01420000 - 0x00007ffe01450000 	C:\Windows\SYSTEM32\VCOMP140.DLL
0x00007ffd64740000 - 0x00007ffd66657000 	C:\Xilinx\Vivado\2020.2\lib\win64.o\gurobi90.dll
0x00007ffe117b0000 - 0x00007ffe11916000 	C:\Windows\System32\CRYPT32.dll
0x00007ffe12790000 - 0x00007ffe127f1000 	C:\Windows\System32\WLDAP32.dll
0x00007ffe14480000 - 0x00007ffe14488000 	C:\Windows\System32\Normaliz.dll
0x00007ffe01a80000 - 0x00007ffe01a8c000 	C:\Xilinx\Vivado\2020.2\lib\win64.o\libboost_chrono.dll
0x00007ffe019d0000 - 0x00007ffe019e6000 	C:\Xilinx\Vivado\2020.2\lib\win64.o\libboost_iostreams.dll
0x00007ffde1830000 - 0x00007ffde1853000 	C:\Xilinx\Vivado\2020.2\lib\win64.o\libisl_iosutils.dll
0x00007ffd7db60000 - 0x00007ffd7de3b000 	C:\Xilinx\Vivado\2020.2\lib\win64.o\libXil_lmgr11.dll
0x00007ffe132e0000 - 0x00007ffe133e2000 	C:\Windows\System32\COMDLG32.dll
0x00007ffe039b0000 - 0x00007ffe039d8000 	C:\Windows\SYSTEM32\srvcli.dll
0x00007ffdeb310000 - 0x00007ffdeb5cf000 	C:\Windows\SYSTEM32\iertutil.dll
0x00007ffe10370000 - 0x00007ffe1037c000 	C:\Windows\SYSTEM32\netutils.dll
0x00007ffe12400000 - 0x00007ffe12790000 	C:\Windows\System32\combase.dll
0x00007ffe0f3f0000 - 0x00007ffe0fd00000 	C:\Windows\SYSTEM32\windows.storage.dll
0x00007ffe130f0000 - 0x00007ffe131fa000 	C:\Windows\System32\shcore.dll
0x00007ffe13200000 - 0x00007ffe132d7000 	C:\Windows\System32\OLEAUT32.dll
0x00007ffe12c30000 - 0x00007ffe12dd1000 	C:\Windows\System32\ole32.dll
0x00007ffe119c0000 - 0x00007ffe11a32000 	C:\Windows\System32\WINTRUST.dll
0x00007ffe0f2b0000 - 0x00007ffe0f3ef000 	C:\Windows\SYSTEM32\wintypes.dll
0x00007ffdffa30000 - 0x00007ffdffae3000 	C:\Windows\WinSxS\amd64_microsoft.windows.common-controls_6595b64144ccf1df_5.82.22621.3527_none_b43b7f4b638cc64f\COMCTL32.dll
0x00007ffe095a0000 - 0x00007ffe095bf000 	C:\Windows\SYSTEM32\dhcpcsvc.DLL
0x00007ffe10ce0000 - 0x00007ffe10d4a000 	C:\Windows\SYSTEM32\MSWSOCK.DLL
0x00007ffe13d40000 - 0x00007ffe13d71000 	C:\Windows\System32\IMM32.DLL
0x00007ffe11420000 - 0x00007ffe11432000 	C:\Windows\SYSTEM32\MSASN1.dll
0x00007ffe10870000 - 0x00007ffe10888000 	C:\Windows\SYSTEM32\kernel.appcore.dll
0x00007ffd64210000 - 0x00007ffd64732000 	C:\Xilinx\Vivado\2020.2\lib\win64.o\librdi_commontasks.dll
0x00007ffd636e0000 - 0x00007ffd64203000 	C:\Xilinx\Vivado\2020.2\tps\win64\jre11.0.2\bin\server\jvm.dll
0x00007ffe10400000 - 0x00007ffe1040a000 	C:\Windows\SYSTEM32\VERSION.dll
0x00007ffe12de0000 - 0x00007ffe12de8000 	C:\Windows\System32\PSAPI.DLL
0x00007ffd63400000 - 0x00007ffd636d5000 	C:\Xilinx\Vivado\2020.2\lib\win64.o\librdi_sio.dll
0x00007ffe07850000 - 0x00007ffe07884000 	C:\Windows\SYSTEM32\WINMM.dll
0x00007ffe0ffc0000 - 0x00007ffe0ffed000 	C:\Windows\SYSTEM32\IPHLPAPI.DLL
0x00007ffd60940000 - 0x00007ffd633fe000 	C:\Xilinx\Vivado\2020.2\lib\win64.o\librdi_tcltasks.dll
0x00007ffdd8210000 - 0x00007ffdd828e000 	C:\Xilinx\Vivado\2020.2\lib\win64.o\librdi_boarddep.dll
0x00007ffd60490000 - 0x00007ffd60936000 	C:\Xilinx\Vivado\2020.2\lib\win64.o\librdi_bitstream.dll
0x00007ffd7dfb0000 - 0x00007ffd7e163000 	C:\Xilinx\Vivado\2020.2\lib\win64.o\librdi_board.dll
0x00007ffdb3810000 - 0x00007ffdb3906000 	C:\Xilinx\Vivado\2020.2\lib\win64.o\librdi_chipscope.dll
0x00007ffd7d1e0000 - 0x00007ffd7d3ca000 	C:\Xilinx\Vivado\2020.2\lib\win64.o\librdi_chipscopeimpl.dll
0x00007ffd7af70000 - 0x00007ffd7b0d1000 	C:\Xilinx\Vivado\2020.2\lib\win64.o\librdi_containers.dll
0x00007ffd5c8f0000 - 0x00007ffd5e71c000 	C:\Xilinx\Vivado\2020.2\lib\win64.o\librdi_constraints.dll
0x00007ffd59aa0000 - 0x00007ffd5be5d000 	C:\Xilinx\Vivado\2020.2\lib\win64.o\librdi_coregen.dll
0x00007ffd5be60000 - 0x00007ffd5c578000 	C:\Xilinx\Vivado\2020.2\lib\win64.o\librdi_coregenipxact.dll
0x00007ffd5e720000 - 0x00007ffd60481000 	C:\Xilinx\Vivado\2020.2\lib\win64.o\librdi_designutils.dll
0x00007ffd40b40000 - 0x00007ffd5911f000 	C:\Xilinx\Vivado\2020.2\lib\win64.o\librdi_device.dll
0x00007ffd5c580000 - 0x00007ffd5c8e8000 	C:\Xilinx\Vivado\2020.2\lib\win64.o\librdi_dlyest.dll
0x00007ffd59440000 - 0x00007ffd59a9d000 	C:\Xilinx\Vivado\2020.2\lib\win64.o\librdi_drc.dll
0x00007ffda86f0000 - 0x00007ffda87a3000 	C:\Xilinx\Vivado\2020.2\lib\win64.o\librdi_dsp.dll
0x00007ffd40470000 - 0x00007ffd40b32000 	C:\Xilinx\Vivado\2020.2\lib\win64.o\librdi_filemgmt.dll
0x00007ffd59120000 - 0x00007ffd5943d000 	C:\Xilinx\Vivado\2020.2\lib\win64.o\librdi_guitools.dll
0x00007ffdd7670000 - 0x00007ffdd76db000 	C:\Xilinx\Vivado\2020.2\lib\win64.o\librdi_hdf.dll
0x00007ffd401f0000 - 0x00007ffd40467000 	C:\Xilinx\Vivado\2020.2\lib\win64.o\librdi_hip_devdesign.dll
0x00007ffd7d890000 - 0x00007ffd7d9d7000 	C:\Xilinx\Vivado\2020.2\lib\win64.o\librdi_hip_perf_analysis.dll
0x00007ffd3dfc0000 - 0x00007ffd3fb94000 	C:\Xilinx\Vivado\2020.2\lib\win64.o\librdi_implflow.dll
0x00007ffd3fba0000 - 0x00007ffd401ec000 	C:\Xilinx\Vivado\2020.2\lib\win64.o\librdi_memdata.dll
0x00007ffdbfc40000 - 0x00007ffdbfcb2000 	C:\Xilinx\Vivado\2020.2\lib\win64.o\librdi_memoryarray.dll
0x00007ffd3bb70000 - 0x00007ffd3dfb4000 	C:\Xilinx\Vivado\2020.2\lib\win64.o\librdi_mig.dll
0x00007ffd3b440000 - 0x00007ffd3bb6c000 	C:\Xilinx\Vivado\2020.2\lib\win64.o\librdi_netlist.dll
0x00007ffdde610000 - 0x00007ffdde664000 	C:\Xilinx\Vivado\2020.2\lib\win64.o\librdi_pfi.dll
0x00007ffd35b80000 - 0x00007ffd38d87000 	C:\Xilinx\Vivado\2020.2\lib\win64.o\librdi_place.dll
0x00007ffd3a880000 - 0x00007ffd3ac1e000 	C:\Xilinx\Vivado\2020.2\lib\win64.o\librdi_platform.dll
0x00007ffd3ac20000 - 0x00007ffd3b437000 	C:\Xilinx\Vivado\2020.2\lib\win64.o\librdi_power.dll
0x00007ffd3a200000 - 0x00007ffd3a874000 	C:\Xilinx\Vivado\2020.2\lib\win64.o\librdi_project.dll
0x00007ffd392c0000 - 0x00007ffd399e2000 	C:\Xilinx\Vivado\2020.2\lib\win64.o\librdi_psta.dll
0x00007ffd399f0000 - 0x00007ffd3a1fc000 	C:\Xilinx\Vivado\2020.2\lib\win64.o\librdi_rsb.dll
0x00007ffd38d90000 - 0x00007ffd392bb000 	C:\Xilinx\Vivado\2020.2\lib\win64.o\librdi_runs.dll
0x00007ffda8460000 - 0x00007ffda8569000 	C:\Xilinx\Vivado\2020.2\lib\win64.o\librdi_runsbase.dll
0x00007ffd35900000 - 0x00007ffd35b74000 	C:\Xilinx\Vivado\2020.2\lib\win64.o\librdi_simdata.dll
0x00007ffd337c0000 - 0x00007ffd34741000 	C:\Xilinx\Vivado\2020.2\lib\win64.o\librdi_timing.dll
0x00007ffda7fe0000 - 0x00007ffda80f6000 	C:\Xilinx\Vivado\2020.2\lib\win64.o\librdi_xhub.dll
0x00007ffdac370000 - 0x00007ffdac417000 	C:\Xilinx\Vivado\2020.2\lib\win64.o\librdi_xhubtasks.dll
0x00007ffd35710000 - 0x00007ffd358fb000 	C:\Xilinx\Vivado\2020.2\lib\win64.o\librdi_advchipscopeimpl.dll
0x00007ffdb84c0000 - 0x00007ffdb8507000 	C:\Xilinx\Vivado\2020.2\lib\win64.o\libboost_serialization.dll
0x00007ffda3fb0000 - 0x00007ffda409b000 	C:\Xilinx\Vivado\2020.2\lib\win64.o\librdi_ipconfig_readwrite.dll
0x00007ffdae960000 - 0x00007ffdae9ca000 	C:\Xilinx\Vivado\2020.2\lib\win64.o\librdi_noc_frameworks.dll
0x00007ffdb39a0000 - 0x00007ffdb39e6000 	C:\Xilinx\Vivado\2020.2\lib\win64.o\libboost_graph.dll
0x00007ffd7da90000 - 0x00007ffd7db56000 	C:\Xilinx\Vivado\2020.2\lib\win64.o\librdi_bda.dll
0x00007ffd34750000 - 0x00007ffd34eb7000 	C:\Xilinx\Vivado\2020.2\lib\win64.o\librdi_ippcw.dll
0x00007ffd32690000 - 0x00007ffd331e6000 	C:\Xilinx\Vivado\2020.2\lib\win64.o\libverific.dll

dbghelp: loaded successfully - version: 4.0.5 - missing functions: none
symbol engine: initialized successfully - sym options: 0x614 - pdb path: .;C:\Xilinx\Vivado\2020.2\bin\unwrapped\win64.o;C:\Windows\SYSTEM32;C:\Xilinx\Vivado\2020.2\lib\win64.o;C:\Windows\WinSxS\amd64_microsoft.windows.common-controls_6595b64144ccf1df_5.82.22621.3527_none_b43b7f4b638cc64f;C:\Xilinx\Vivado\2020.2\tps\win64\jre11.0.2\bin\server;C:\Xilinx\Vivado\2020.2\tps\win64\python-3.8.3;C:\Xilinx\Vivado\2020.2\tps\win64\jre11.0.2\bin;C:\ProgramData\A-Volute\A-Volute.Nahimic\Modules\Scheduled\x64;C:\Windows\WinSxS\amd64_microsoft.windows.common-controls_6595b64144ccf1df_6.0.22621.4830_none_270fe7d773858e80;C:\Windows\WinSxS\amd64_microsoft.windows.gdiplus_6595b64144ccf1df_1.1.22621.4830_none_57fadabcce18084e

VM Arguments:
jvm_args: -Dsun.java2d.pmoffscreen=false -Dhttps.protocols=TLSv1,TLSv1.1,TLSv1.2 -Dsun.java2d.xrender=false -Dsun.java2d.d3d=false -Dsun.awt.nopixfmt=true -Dsun.java2d.dpiaware=true -Dsun.java2d.uiScale.enabled=false -Xverify:none -Dswing.aatext=true -XX:-UsePerfData -Djdk.map.althashing.threshold=512 -XX:StringTableSize=4072 --add-opens=java.base/java.nio=ALL-UNNAMED --add-opens=java.desktop/sun.swing=ALL-UNNAMED --add-opens=java.desktop/javax.swing=ALL-UNNAMED --add-opens=java.desktop/javax.swing.tree=ALL-UNNAMED --add-opens=java.desktop/javax.swing.plaf.basic=ALL-UNNAMED --add-opens=java.desktop/javax.swing.plaf.synth=ALL-UNNAMED --add-opens=java.desktop/com.sun.awt=ALL-UNNAMED -XX:NewSize=60m -XX:MaxNewSize=60m -Xms128m -Xmx3072m -Xss5m 
java_command: <unknown>
java_class_path (initial): C:/Xilinx/Vivado/2020.2\lib\classes\alloy.jar;C:/Xilinx/Vivado/2020.2\lib\classes\ArchiveSummary.jar;C:/Xilinx/Vivado/2020.2\lib\classes\autoesl-models.jar;C:/Xilinx/Vivado/2020.2\lib\classes\autopilot.scelaborator.jar;C:/Xilinx/Vivado/2020.2\lib\classes\autopilot.sourceprocessor.jar;C:/Xilinx/Vivado/2020.2\lib\classes\autopilot.tbprocessor.jar;C:/Xilinx/Vivado/2020.2\lib\classes\batik-anim.jar;C:/Xilinx/Vivado/2020.2\lib\classes\batik-awt-util.jar;C:/Xilinx/Vivado/2020.2\lib\classes\batik-bridge.jar;C:/Xilinx/Vivado/2020.2\lib\classes\batik-codec.jar;C:/Xilinx/Vivado/2020.2\lib\classes\batik-css.jar;C:/Xilinx/Vivado/2020.2\lib\classes\batik-dom.jar;C:/Xilinx/Vivado/2020.2\lib\classes\batik-ext.jar;C:/Xilinx/Vivado/2020.2\lib\classes\batik-gui-util.jar;C:/Xilinx/Vivado/2020.2\lib\classes\batik-gvt.jar;C:/Xilinx/Vivado/2020.2\lib\classes\batik-parser.jar;C:/Xilinx/Vivado/2020.2\lib\classes\batik-script.jar;C:/Xilinx/Vivado/2020.2\lib\classes\batik-svg-dom.jar;C:/Xilinx/Vivado/2020.2\lib\classes\batik-swing.jar;C:/Xilinx/Vivado/2020.2\lib\classes\batik-transcoder.jar;C:/Xilinx/Vivado/2020.2\lib\classes\batik-util.jar;C:/Xilinx/Vivado/2020.2\lib\classes\batik-xml.jar;C:/Xilinx/Vivado/2020.2\lib\classes\com.google.gson_2.8.2.v20180104-1110.jar;C:/Xilinx/Vivado/2020.2\lib\classes\com.google.guava_27.1.0.v20190517-1946.jar;C:/Xilinx/Vivado/2020.2\lib\classes\com.ibm.icu_4.4.2.v20110208.jar;C:/Xilinx/Vivado/2020.2\lib\classes\com.sigasi.hdt.connection_4.9.0.202009050929.jar;C:/Xilinx/Vivado/2020.2\lib\classes\com.sigasi.hdt.epl_4.9.0.202009050929.jar;C:/Xilinx/Vivado/2020.2\lib\classes\com.sigasi.hdt.project_4.9.0.202009050929.jar;C:/Xilinx/Vivado/2020.2\lib\classes\com.sigasi.hdt.readonlyfilesystem_4.9.0.202009050929.jar;C:/Xilinx/Vivado/2020.2\lib\classes\com.sigasi.lcm_4.9.0.202009050929.jar;C:/Xilinx/Vivado/2020.2\lib\classes\com.sigasi.sdk.client_4.9.0.202009050929.jar;C:/Xilinx/Vivado/2020.2\lib\classes\com.xilinx.hls.services.jar;C:/Xili
Launcher Type: generic

[Global flags]
     bool BytecodeVerificationLocal                = false                                     {product} {command line}
     bool BytecodeVerificationRemote               = false                                     {product} {command line}
     intx CICompilerCount                          = 12                                        {product} {ergonomic}
     uint ConcGCThreads                            = 4                                         {product} {ergonomic}
     uint G1ConcRefinementThreads                  = 15                                        {product} {ergonomic}
   size_t G1HeapRegionSize                         = 1048576                                   {product} {ergonomic}
    uintx GCDrainStackTargetSize                   = 64                                        {product} {ergonomic}
   size_t InitialHeapSize                          = 134217728                                 {product} {command line}
   size_t MarkStackSize                            = 4194304                                   {product} {ergonomic}
   size_t MaxHeapSize                              = 3221225472                                {product} {command line}
   size_t MaxNewSize                               = 62914560                                  {product} {command line}
   size_t MinHeapDeltaBytes                        = 1048576                                   {product} {ergonomic}
   size_t NewSize                                  = 62914560                                  {product} {command line}
    uintx NonNMethodCodeHeapSize                   = 7591728                                {pd product} {ergonomic}
    uintx NonProfiledCodeHeapSize                  = 122033256                              {pd product} {ergonomic}
    uintx ProfiledCodeHeapSize                     = 122033256                              {pd product} {ergonomic}
    uintx ReservedCodeCacheSize                    = 251658240                              {pd product} {ergonomic}
     bool SegmentedCodeCache                       = true                                      {product} {ergonomic}
    uintx StringTableSize                          = 4072                                      {product} {command line}
     intx ThreadStackSize                          = 5120                                   {pd product} {command line}
     bool UseCompressedClassPointers               = true                                 {lp64_product} {ergonomic}
     bool UseCompressedOops                        = true                                 {lp64_product} {ergonomic}
     bool UseG1GC                                  = true                                      {product} {ergonomic}
     bool UseLargePagesIndividualAllocation        = false                                  {pd product} {ergonomic}
     bool UsePerfData                              = false                                     {product} {command line}

Logging:
Log output configuration:
 #0: stdout all=warning uptime,level,tags
 #1: stderr all=off uptime,level,tags

Environment Variables:
PATH=C:/Xilinx/Vivado/2020.2\gnuwin\bin;C:/Xilinx/Vivado/2020.2\gnu\microblaze\nt\bin;C:/Xilinx/Vivado/2020.2/bin;C:/Xilinx/Vivado/2020.2/tps/win64/javafx-sdk-11.0.2/lib;C:/Xilinx/Vivado/2020.2/tps/win64/javafx-sdk-11.0.2/bin;C:/Xilinx/Vivado/2020.2/lib/win64.o;C:/Xilinx/Vivado/2020.2/tps/win64/jre11.0.2/bin/server;C:/Xilinx/Vivado/2020.2/tps/win64/jre11.0.2/bin;C:/Xilinx/Vivado/2020.2/ids_lite/ISE/bin/nt64;C:/Xilinx/Vivado/2020.2/ids_lite/ISE/lib/nt64;C:/Xilinx/Vitis_HLS/2020.2/bin;C:\Program Files\Python39\Scripts\;C:\Program Files\Python39\;C:\Program Files\Microsoft\jdk-11.0.16.101-hotspot\bin;C:\Windows\system32;C:\Windows;C:\Windows\System32\Wbem;C:\Windows\System32\WindowsPowerShell\v1.0\;C:\Windows\System32\OpenSSH\;C:\Program Files (x86)\NVIDIA Corporation\PhysX\Common;C:\Program Files\NVIDIA Corporation\NVIDIA NvDLISR;C:\Program Files\dotnet\;C:\Program Files\MATLAB\R2023b\runtime\win64;C:\Program Files\MATLAB\R2023b\bin;C:\Program Files\Git\cmd;C:\\Users\\hkjac\\Downloads\\chromedriver_win32(1)\\chromedriver.exe%;c:\WebDriver\bin;C:\Users\hkjac\AppData\Local\Programs\Microsoft VS Code\bin;C:\Program Files\CMake\bin;C:\Users\hkjac\AppData\Roaming\Python\Python39\Scripts;;C:/Xilinx/Vivado/2020.2\tps\mingw\6.2.0\win64.o\nt\bin;C:/Xilinx/Vivado/2020.2\tps\mingw\6.2.0\win64.o\nt\libexec\gcc\x86_64-w64-mingw32\6.2.0;C:/Xilinx/Vivado/2020.2\tps\win64\python-3.8.3;C:/Xilinx/Vivado/2020.2\tps\win64\python-3.8.3\bin;C:/Xilinx/Vivado/2020.2\tps\win64\python-3.8.3\lib;C:/Xilinx/Vivado/2020.2\tps\win64\python-3.8.3\lib\site-packages
USERNAME=hkjac
OS=Windows_NT
PROCESSOR_IDENTIFIER=Intel64 Family 6 Model 186 Stepping 2, GenuineIntel



---------------  S Y S T E M  ---------------

OS: Windows 10 , 64 bit Build 22621 (10.0.22621.4830)

CPU:total 20 (initial active 20) (10 cores per cpu, 2 threads per core) family 6 model 186 stepping 2, cmov, cx8, fxsr, mmx, sse, sse2, sse3, ssse3, sse4.1, sse4.2, popcnt, avx, avx2, aes, clmul, erms, 3dnowpref, lzcnt, ht, tsc, tscinvbit, bmi1, bmi2, adx, sha, fma

Memory: 4k page, system-wide physical 16084M (6446M free)
TotalPageFile size 39636M (AvailPageFile size 25354M)
current process WorkingSet (physical memory assigned to process): 1168M, peak: 1256M
current process commit charge ("private bytes"): 1206M, peak: 1947M

vm_info: OpenJDK 64-Bit Server VM (11.0.2+9) for windows-amd64 JRE (11.0.2+9), built on Jan 18 2019 05:23:22 by "mach5one" with MS VC++ 15.5 (VS2017)

END.
