#
# A fatal error has been detected by the Java Runtime Environment:
#
#  EXCEPTION_ACCESS_VIOLATION (0xc0000005) at pc=0x00007ffd675f2745, pid=5448, tid=4960
#
# JRE version: OpenJDK Runtime Environment (11.0.2+9) (build 11.0.2+9)
# Java VM: OpenJDK 64-Bit Server VM (11.0.2+9, mixed mode, tiered, compressed oops, g1 gc, windows-amd64)
# Problematic frame:
# C  [librdi_common.dll+0x192745]
#
# No core dump will be written. Minidumps are not enabled by default on client versions of Windows
#
# If you would like to submit a bug report, please visit:
#   http://bugreport.java.com/bugreport/crash.jsp
# The crash happened outside the Java Virtual Machine in native code.
# See problematic frame for where to report the bug.
#

---------------  S U M M A R Y ------------

Command Line: -Dsun.java2d.pmoffscreen=false -Dhttps.protocols=TLSv1,TLSv1.1,TLSv1.2 -Dsun.java2d.xrender=false -Dsun.java2d.d3d=false -Dsun.awt.nopixfmt=true -Dsun.java2d.dpiaware=true -Dsun.java2d.uiScale.enabled=false -Xverify:none -Dswing.aatext=true -XX:-UsePerfData -Djdk.map.althashing.threshold=512 -XX:StringTableSize=4072 --add-opens=java.base/java.nio=ALL-UNNAMED --add-opens=java.desktop/sun.swing=ALL-UNNAMED --add-opens=java.desktop/javax.swing=ALL-UNNAMED --add-opens=java.desktop/javax.swing.tree=ALL-UNNAMED --add-opens=java.desktop/javax.swing.plaf.basic=ALL-UNNAMED --add-opens=java.desktop/javax.swing.plaf.synth=ALL-UNNAMED --add-opens=java.desktop/com.sun.awt=ALL-UNNAMED -XX:NewSize=60m -XX:MaxNewSize=60m -Xms128m -Xmx3072m -Xss5m 

Host: 13th Gen Intel(R) Core(TM) i7-13700H, 20 cores, 15G,  Windows 10 , 64 bit Build 22621 (10.0.22621.4830)
Time: Wed Mar  5 20:46:13 2025 中国标准时间 elapsed time: 20844 seconds (0d 5h 47m 24s)

---------------  T H R E A D  ---------------

Current thread (0x0000020e2e287800):  JavaThread "AWT-EventQueue-0" [_thread_in_native, id=4960, stack(0x000000ea8a200000,0x000000ea8a700000)]

Stack: [0x000000ea8a200000,0x000000ea8a700000],  sp=0x000000ea8a6faf40,  free space=5099k
Native frames: (J=compiled Java code, j=interpreted, Vv=VM code, C=native code)
C  [librdi_common.dll+0x192745]
C  [librdi_common.dll+0x187998]
C  [librdi_common.dll+0x15073d]
C  0x00007ffd333b3750
C  0x00007ffd33437ebd
C  0x00007ffd334400ab
C  0x00007ffd3341159a
C  0x00007ffd3344ea98
C  0x0000020e266d912d

Java frames: (J=compiled Java code, j=interpreted, Vv=VM code)
J 22987  ui.views.waveform.waveformi.WVExecutive_getTooltipTextDelayed(J)Ljava/lang/String; (0 bytes) @ 0x0000020e266d9091 [0x0000020e266d9040+0x0000000000000051]
J 26420 c2 ui.views.waveform.b.a.ca(Ljava/awt/event/MouseEvent;)V (135 bytes) @ 0x0000020e26a8677c [0x0000020e26a86680+0x00000000000000fc]
J 26518 c2 ui.views.waveform.b.a.mouseMoved(Ljava/awt/event/MouseEvent;)V (32 bytes) @ 0x0000020e2557fab4 [0x0000020e2557f9e0+0x00000000000000d4]
J 16377 c2 java.awt.AWTEventMulticaster.mouseMoved(Ljava/awt/event/MouseEvent;)V java.desktop@11.0.2 (27 bytes) @ 0x0000020e25456074 [0x0000020e25455fc0+0x00000000000000b4]
J 26618 c2 javax.swing.JComponent.processMouseMotionEvent(Ljava/awt/event/MouseEvent;)V java.desktop@11.0.2 (46 bytes) @ 0x0000020e25a26dd4 [0x0000020e25a26ce0+0x00000000000000f4]
J 26276 c2 ui.frmwork.b.j.processMouseMotionEvent(Ljava/awt/event/MouseEvent;)V (131 bytes) @ 0x0000020e2656f718 [0x0000020e2656f440+0x00000000000002d8]
J 20862 c2 java.awt.Container.processEvent(Ljava/awt/AWTEvent;)V java.desktop@11.0.2 (22 bytes) @ 0x0000020e2644ddac [0x0000020e2644dc60+0x000000000000014c]
J 29571 c1 java.awt.Component.dispatchEventImpl(Ljava/awt/AWTEvent;)V java.desktop@11.0.2 (777 bytes) @ 0x0000020e20148cbc [0x0000020e20144b20+0x000000000000419c]
J 27937 c2 java.awt.Container.dispatchEventImpl(Ljava/awt/AWTEvent;)V java.desktop@11.0.2 (129 bytes) @ 0x0000020e26be13dc [0x0000020e26be1300+0x00000000000000dc]
J 27908 c2 java.awt.LightweightDispatcher.retargetMouseEvent(Ljava/awt/Component;ILjava/awt/event/MouseEvent;)V java.desktop@11.0.2 (372 bytes) @ 0x0000020e26139728 [0x0000020e26139140+0x00000000000005e8]
J 27926 c2 java.awt.LightweightDispatcher.processMouseEvent(Ljava/awt/event/MouseEvent;)Z java.desktop@11.0.2 (265 bytes) @ 0x0000020e26ac86a0 [0x0000020e26ac8280+0x0000000000000420]
J 27937 c2 java.awt.Container.dispatchEventImpl(Ljava/awt/AWTEvent;)V java.desktop@11.0.2 (129 bytes) @ 0x0000020e26be14dc [0x0000020e26be1300+0x00000000000001dc]
J 16349 c2 java.awt.Window.dispatchEventImpl(Ljava/awt/AWTEvent;)V java.desktop@11.0.2 (23 bytes) @ 0x0000020e2543288c [0x0000020e25432840+0x000000000000004c]
J 15483 c2 java.awt.EventQueue$4.run()Ljava/lang/Object; java.desktop@11.0.2 (5 bytes) @ 0x0000020e25d36330 [0x0000020e25d361e0+0x0000000000000150]
v  ~StubRoutines::call_stub
J 4542  java.security.AccessController.doPrivileged(Ljava/security/PrivilegedAction;Ljava/security/AccessControlContext;)Ljava/lang/Object; java.base@11.0.2 (0 bytes) @ 0x0000020e2531fcb6 [0x0000020e2531fc40+0x0000000000000076]
J 15451 c2 java.awt.EventQueue$5.run()Ljava/lang/Object; java.desktop@11.0.2 (5 bytes) @ 0x0000020e25d137d8 [0x0000020e25d13760+0x0000000000000078]
v  ~StubRoutines::call_stub
J 4542  java.security.AccessController.doPrivileged(Ljava/security/PrivilegedAction;Ljava/security/AccessControlContext;)Ljava/lang/Object; java.base@11.0.2 (0 bytes) @ 0x0000020e2531fcb6 [0x0000020e2531fc40+0x0000000000000076]
J 29309 c2 ui.frmwork.a.d.dispatchEvent(Ljava/awt/AWTEvent;)V (42 bytes) @ 0x0000020e26ec3968 [0x0000020e26ec33c0+0x00000000000005a8]
J 29392 c2 java.awt.EventDispatchThread.pumpOneEventForFilters(I)V java.desktop@11.0.2 (113 bytes) @ 0x0000020e26ee52a8 [0x0000020e26ee4da0+0x0000000000000508]
J 16542% c2 java.awt.EventDispatchThread.pumpEventsForFilter(ILjava/awt/Conditional;Ljava/awt/EventFilter;)V java.desktop@11.0.2 (47 bytes) @ 0x0000020e25758740 [0x0000020e25758640+0x0000000000000100]
j  java.awt.EventDispatchThread.pumpEventsForHierarchy(ILjava/awt/Conditional;Ljava/awt/Component;)V+11 java.desktop@11.0.2
j  java.awt.EventDispatchThread.pumpEvents(ILjava/awt/Conditional;)V+4 java.desktop@11.0.2
j  java.awt.EventDispatchThread.pumpEvents(Ljava/awt/Conditional;)V+3 java.desktop@11.0.2
j  java.awt.EventDispatchThread.run()V+9 java.desktop@11.0.2
v  ~StubRoutines::call_stub

siginfo: EXCEPTION_ACCESS_VIOLATION (0xc0000005), reading address 0xffffffffffffffff


Register to memory mapping:

RIP=0x00007ffd675f2745 librdi_common.dll
RAX=0x0000020e5ee15301 points into unknown readable memory: 00 5c 00 56 00 69 00
RBX=0x90043200eb0fa35c is an unknown value
RCX=0x0000020e5ee15320 points into unknown readable memory: 60 ac ea 5e 0e 02 00 00
RDX=0x90043200eb0fa35c is an unknown value
RSP=0x000000ea8a6faf40 is pointing into the stack for thread: 0x0000020e2e287800
RBP=0x000000ea8a6fb070 is pointing into the stack for thread: 0x0000020e2e287800
RSI=0x0000020e04ef6320 points into unknown readable memory: b8 e1 5f 33 fd 7f 00 00
RDI=0x000000ea8a6fb308 is pointing into the stack for thread: 0x0000020e2e287800
R8 =0x000000ea8a6fb188 is pointing into the stack for thread: 0x0000020e2e287800
R9 =0x0 is NULL
R10=0x00007ffdeb980000 VCRUNTIME140.dll
R11=0x2401485344846992 is an unknown value
R12=0x0 is NULL
R13=0x000000ea8a6fb188 is pointing into the stack for thread: 0x0000020e2e287800
R14=0x0000020e5b3435d0 points into unknown readable memory: 90 25 2f 5b 0e 02 00 00
R15=0x90043200eb0fa35c is an unknown value


Registers:
RAX=0x0000020e5ee15301, RBX=0x90043200eb0fa35c, RCX=0x0000020e5ee15320, RDX=0x90043200eb0fa35c
RSP=0x000000ea8a6faf40, RBP=0x000000ea8a6fb070, RSI=0x0000020e04ef6320, RDI=0x000000ea8a6fb308
R8 =0x000000ea8a6fb188, R9 =0x0000000000000000, R10=0x00007ffdeb980000, R11=0x2401485344846992
R12=0x0000000000000000, R13=0x000000ea8a6fb188, R14=0x0000020e5b3435d0, R15=0x90043200eb0fa35c
RIP=0x00007ffd675f2745, EFLAGS=0x0000000000010202

Top of Stack: (sp=0x000000ea8a6faf40)
0x000000ea8a6faf40:   0000020e5b100000 00007ffd0000000b
0x000000ea8a6faf50:   00000000000000a8 90043200eb0fa35c
0x000000ea8a6faf60:   90043200eb0fa35c 00007ffd675e7998
0x000000ea8a6faf70:   0000000000000000 0000000000000000
0x000000ea8a6faf80:   0000000000000000 0000020e33721ed8
0x000000ea8a6faf90:   0000000000000000 00007ffe120b1966
0x000000ea8a6fafa0:   0000000000000000 0000000000000018
0x000000ea8a6fafb0:   000000ea8a6fb0fb 000000ea8a6f0000
0x000000ea8a6fafc0:   0000000000000000 0000020e33721ed0
0x000000ea8a6fafd0:   0000000000001360 00007ffde979290c
0x000000ea8a6fafe0:   0000000000000000 fffffffffffffffe
0x000000ea8a6faff0:   0000000000000000 00007ffde97927a8
0x000000ea8a6fb000:   fffffffffffffffe 0000020e46a6c860
0x000000ea8a6fb010:   00001ab9536b507e 0000020e33721e68
0x000000ea8a6fb020:   0000020e33721e40 00007ffd676524ce
0x000000ea8a6fb030:   0000020e33721ed8 000000ea8a6fb188 

Instructions: (pc=0x00007ffd675f2745)
0x00007ffd675f2725:   20 48 8b d9 e8 b2 cc 04 00 48 8b c8 48 8b d3 e8
0x00007ffd675f2735:   27 0f 05 00 84 c0 75 08 33 c0 48 83 c4 20 5b c3
0x00007ffd675f2745:   48 8b 4b 50 48 85 c9 74 0a 48 83 c4 20 5b e9 28
0x00007ffd675f2755:   e9 04 00 48 8b d3 48 8d 0d 66 6a 8f 00 e8 f9 c7 


Stack slot to memory mapping:
stack at sp + 0 slots: 0x0000020e5b100000 points into unknown readable memory: 00 00 00 00 00 00 00 00
stack at sp + 1 slots: 0x00007ffd0000000b is an unknown value
stack at sp + 2 slots: 0x00000000000000a8 is an unknown value
stack at sp + 3 slots: 0x90043200eb0fa35c is an unknown value
stack at sp + 4 slots: 0x90043200eb0fa35c is an unknown value
stack at sp + 5 slots: 0x00007ffd675e7998 librdi_common.dll
stack at sp + 6 slots: 0x0 is NULL
stack at sp + 7 slots: 0x0 is NULL


---------------  P R O C E S S  ---------------

Threads class SMR info:
_java_thread_list=0x0000020e46e74d00, length=39, elements={
0x0000020e5e4af000, 0x0000020e1d44d800, 0x0000020e1d44e800, 0x0000020e611cf800,
0x0000020e611d0000, 0x0000020e1d4c5800, 0x0000020e1d4c6800, 0x0000020e0229b800,
0x0000020e09bee000, 0x0000020e02979800, 0x0000020e0545a800, 0x0000020e05516800,
0x0000020e053d9800, 0x0000020e2e2da800, 0x0000020e2e287800, 0x0000020e05a7b000,
0x0000020e2e9ea800, 0x0000020e2eabe800, 0x0000020e2e9cd000, 0x0000020e2e9c9800,
0x0000020e7ad43800, 0x0000020e7ad40000, 0x0000020e7ad41800, 0x0000020e7ad42800,
0x0000020e7ad3f800, 0x0000020e7ad44000, 0x0000020e7ad4b800, 0x0000020e7ad46800,
0x0000020e7ad4e000, 0x0000020e7ad49000, 0x0000020e43e98000, 0x0000020e43ea3800,
0x0000020e43ea0000, 0x0000020e43e9d000, 0x0000020e43e9f800, 0x0000020e43e9b000,
0x0000020e43ea1800, 0x0000020e7ad45000, 0x0000020e2e9ca800
}

Java Threads: ( => current thread )
  0x0000020e5e4af000 JavaThread "main" [_thread_blocked, id=2304, stack(0x000000ea85700000,0x000000ea85800000)]
  0x0000020e1d44d800 JavaThread "Reference Handler" daemon [_thread_blocked, id=9528, stack(0x000000ea85e00000,0x000000ea86300000)]
  0x0000020e1d44e800 JavaThread "Finalizer" daemon [_thread_blocked, id=14436, stack(0x000000ea86300000,0x000000ea86800000)]
  0x0000020e611cf800 JavaThread "Signal Dispatcher" daemon [_thread_blocked, id=18024, stack(0x000000ea86800000,0x000000ea86d00000)]
  0x0000020e611d0000 JavaThread "Attach Listener" daemon [_thread_blocked, id=1068, stack(0x000000ea86d00000,0x000000ea87200000)]
  0x0000020e1d4c5800 JavaThread "C2 CompilerThread0" daemon [_thread_blocked, id=17960, stack(0x000000ea87200000,0x000000ea87300000)]
  0x0000020e1d4c6800 JavaThread "C1 CompilerThread0" daemon [_thread_blocked, id=372, stack(0x000000ea87300000,0x000000ea87400000)]
  0x0000020e0229b800 JavaThread "Sweeper thread" daemon [_thread_blocked, id=5316, stack(0x000000ea87400000,0x000000ea87900000)]
  0x0000020e09bee000 JavaThread "Common-Cleaner" daemon [_thread_blocked, id=2316, stack(0x000000ea87c00000,0x000000ea88100000)]
  0x0000020e02979800 JavaThread "Service Thread" daemon [_thread_blocked, id=12632, stack(0x000000ea88100000,0x000000ea88600000)]
  0x0000020e0545a800 JavaThread "Java2D Disposer" daemon [_thread_blocked, id=17548, stack(0x000000ea88700000,0x000000ea88c00000)]
  0x0000020e05516800 JavaThread "AWT-Shutdown" [_thread_blocked, id=5060, stack(0x000000ea88c00000,0x000000ea89100000)]
  0x0000020e053d9800 JavaThread "AWT-Windows" daemon [_thread_in_native, id=14420, stack(0x000000ea89100000,0x000000ea89600000)]
  0x0000020e2e2da800 JavaThread "TimerQueue" daemon [_thread_blocked, id=14904, stack(0x000000ea89700000,0x000000ea89c00000)]
=>0x0000020e2e287800 JavaThread "AWT-EventQueue-0" [_thread_in_native, id=4960, stack(0x000000ea8a200000,0x000000ea8a700000)]
  0x0000020e05a7b000 JavaThread "Thread-1" [_thread_in_native, id=6600, stack(0x000000ea84100000,0x000000ea85500000)]
  0x0000020e2e9ea800 JavaThread "Process Messages Thread" [_thread_blocked, id=5496, stack(0x000000ea8ad00000,0x000000ea8b200000)]
  0x0000020e2eabe800 JavaThread "Batik CleanerThread" daemon [_thread_blocked, id=17664, stack(0x000000ea8bd00000,0x000000ea8c200000)]
  0x0000020e2e9cd000 JavaThread "SyntheticaCleanerThread" daemon [_thread_blocked, id=18296, stack(0x000000ea8c700000,0x000000ea8cc00000)]
  0x0000020e2e9c9800 JavaThread "Monitor HEventQueue Thread" [_thread_blocked, id=7892, stack(0x000000ea8d400000,0x000000ea8d900000)]
  0x0000020e7ad43800 JavaThread "SyntheticaAnimation 50" daemon [_thread_blocked, id=16808, stack(0x000000ea8d900000,0x000000ea8de00000)]
  0x0000020e7ad40000 JavaThread "SyntheticaAnimation 25" daemon [_thread_blocked, id=2672, stack(0x000000ea8df00000,0x000000ea8e400000)]
  0x0000020e7ad41800 JavaThread "Swing-Shell" daemon [_thread_blocked, id=18180, stack(0x000000ea89d00000,0x000000ea8a200000)]
  0x0000020e7ad42800 JavaThread "SyntheticaAnimation 70" daemon [_thread_blocked, id=17052, stack(0x000000ea8ce00000,0x000000ea8d300000)]
  0x0000020e7ad3f800 JavaThread "Refresh Filesets Swing Worker Thread" [_thread_blocked, id=10980, stack(0x000000ea8e600000,0x000000ea8eb00000)]
  0x0000020e7ad44000 JavaThread "hw_ila_monitor" [_thread_blocked, id=116, stack(0x000000ea8f000000,0x000000ea8f500000)]
  0x0000020e7ad4b800 JavaThread "pool-2-thread-1" [_thread_blocked, id=17460, stack(0x000000ea8ff00000,0x000000ea90400000)]
  0x0000020e7ad46800 JavaThread "pool-3-thread-1" [_thread_blocked, id=11224, stack(0x000000ea90400000,0x000000ea90900000)]
  0x0000020e7ad4e000 JavaThread "pool-4-thread-1" [_thread_blocked, id=1336, stack(0x000000ea90900000,0x000000ea90e00000)]
  0x0000020e7ad49000 JavaThread "Update Runs Swing Worker Thread" [_thread_blocked, id=13376, stack(0x000000ea90e00000,0x000000ea91300000)]
  0x0000020e43e98000 JavaThread "Image Animator 1" daemon [_thread_blocked, id=15476, stack(0x000000ea8f500000,0x000000ea8fa00000)]
  0x0000020e43ea3800 JavaThread "SyntheticaAnimation 50" daemon [_thread_blocked, id=13792, stack(0x000000ea91800000,0x000000ea91d00000)]
  0x0000020e43ea0000 JavaThread "Timer-1" [_thread_blocked, id=13864, stack(0x000000ea91d00000,0x000000ea92200000)]
  0x0000020e43e9d000 JavaThread "Monitor File Timestamp Swing Worker Thread" [_thread_blocked, id=17728, stack(0x000000ea92200000,0x000000ea92700000)]
  0x0000020e43e9f800 JavaThread "Timer-2" [_thread_blocked, id=5544, stack(0x000000ea8eb00000,0x000000ea8f000000)]
  0x0000020e43e9b000 JavaThread "Monitor File Timestamp Swing Worker Thread" [_thread_blocked, id=16496, stack(0x000000ea92700000,0x000000ea92c00000)]
  0x0000020e43ea1800 JavaThread "SyntheticaAnimation 50" daemon [_thread_blocked, id=16164, stack(0x000000ea92c00000,0x000000ea93100000)]
  0x0000020e7ad45000 JavaThread "SwingWorker-pool-8-thread-1" daemon [_thread_blocked, id=17056, stack(0x000000ea91300000,0x000000ea91800000)]
  0x0000020e2e9ca800 JavaThread "Relaunch Simulation Thread" [_thread_blocked, id=14568, stack(0x000000ea8fa00000,0x000000ea8ff00000)]

Other Threads:
  0x0000020e1d424800 VMThread "VM Thread" [stack: 0x000000ea85d00000,0x000000ea85e00000] [id=12744]
  0x0000020e0297a800 WatcherThread [stack: 0x000000ea88600000,0x000000ea88700000] [id=10184]
  0x0000020e61b2d800 GCTaskThread "GC Thread#0" [stack: 0x000000ea85800000,0x000000ea85900000] [id=10432]
  0x0000020e2e3b6800 GCTaskThread "GC Thread#1" [stack: 0x000000ea8b200000,0x000000ea8b300000] [id=18020]
  0x0000020e2e3b7000 GCTaskThread "GC Thread#2" [stack: 0x000000ea8b300000,0x000000ea8b400000] [id=1260]
  0x0000020e056ce800 GCTaskThread "GC Thread#3" [stack: 0x000000ea8b400000,0x000000ea8b500000] [id=11420]
  0x0000020e056cf000 GCTaskThread "GC Thread#4" [stack: 0x000000ea8b500000,0x000000ea8b600000] [id=6952]
  0x0000020e0596b800 GCTaskThread "GC Thread#5" [stack: 0x000000ea8b600000,0x000000ea8b700000] [id=12824]
  0x0000020e0596c800 GCTaskThread "GC Thread#6" [stack: 0x000000ea8b700000,0x000000ea8b800000] [id=12920]
  0x0000020e2e6ce000 GCTaskThread "GC Thread#7" [stack: 0x000000ea8b800000,0x000000ea8b900000] [id=8484]
  0x0000020e2e6cf000 GCTaskThread "GC Thread#8" [stack: 0x000000ea8b900000,0x000000ea8ba00000] [id=8344]
  0x0000020e2e6cf800 GCTaskThread "GC Thread#9" [stack: 0x000000ea8ba00000,0x000000ea8bb00000] [id=13348]
  0x0000020e2e6d0800 GCTaskThread "GC Thread#10" [stack: 0x000000ea8bb00000,0x000000ea8bc00000] [id=11428]
  0x0000020e2e6d1000 GCTaskThread "GC Thread#11" [stack: 0x000000ea8bc00000,0x000000ea8bd00000] [id=16504]
  0x0000020e053c4000 GCTaskThread "GC Thread#12" [stack: 0x000000ea8a800000,0x000000ea8a900000] [id=11868]
  0x0000020e053bd800 GCTaskThread "GC Thread#13" [stack: 0x000000ea8a900000,0x000000ea8aa00000] [id=12452]
  0x0000020e053be800 GCTaskThread "GC Thread#14" [stack: 0x000000ea8c300000,0x000000ea8c400000] [id=10972]
  0x0000020e7f279000 ConcurrentGCThread "G1 Main Marker" [stack: 0x000000ea85900000,0x000000ea85a00000] [id=10376]
  0x0000020e00682800 ConcurrentGCThread "G1 Conc#0" [stack: 0x000000ea85a00000,0x000000ea85b00000] [id=2468]
  0x0000020e05da2000 ConcurrentGCThread "G1 Conc#1" [stack: 0x000000ea89600000,0x000000ea89700000] [id=11748]
  0x0000020e05da8000 ConcurrentGCThread "G1 Conc#2" [stack: 0x000000ea89c00000,0x000000ea89d00000] [id=2164]
  0x0000020e2e6da800 ConcurrentGCThread "G1 Conc#3" [stack: 0x000000ea8a700000,0x000000ea8a800000] [id=3208]
  0x0000020e03925800 ConcurrentGCThread "G1 Refine#0" [stack: 0x000000ea85b00000,0x000000ea85c00000] [id=3344]
  0x0000020e303cc000 ConcurrentGCThread "G1 Refine#1" [stack: 0x000000ea8ab00000,0x000000ea8ac00000] [id=14784]
  0x0000020e31f05800 ConcurrentGCThread "G1 Refine#2" [stack: 0x000000ea8aa00000,0x000000ea8ab00000] [id=9420]
  0x0000020e356a3800 ConcurrentGCThread "G1 Refine#3" [stack: 0x000000ea8e500000,0x000000ea8e600000] [id=11744]
  0x0000020e1b64c800 ConcurrentGCThread "G1 Young RemSet Sampling" [stack: 0x000000ea85c00000,0x000000ea85d00000] [id=7008]

Threads with active compile tasks:

VM state:not at safepoint (normal execution)

VM Mutex/Monitor currently owned by a thread: None

Heap address: 0x0000000740000000, size: 3072 MB, Compressed Oops mode: Zero based, Oop shift amount: 3
Narrow klass base: 0x0000000800000000, Narrow klass shift: 0
Compressed class space size: 1073741824 Address: 0x0000000800000000

Heap:
 garbage-first heap   total 327680K, used 100408K [0x0000000740000000, 0x0000000800000000)
  region size 1024K, 5 young (5120K), 1 survivors (1024K)
 Metaspace       used 98077K, capacity 99556K, committed 101704K, reserved 1136640K
  class space    used 12678K, capacity 13276K, committed 14080K, reserved 1048576K
Heap Regions: E=young(eden), S=young(survivor), O=old, HS=humongous(starts), HC=humongous(continues), CS=collection set, F=free, A=archive, TAMS=top-at-mark-start (previous, next)
|   0|0x0000000740000000, 0x0000000740100000, 0x0000000740100000|100%|HS|  |TAMS 0x0000000740100000, 0x0000000740000000| Complete 
|   1|0x0000000740100000, 0x0000000740200000, 0x0000000740200000|100%|HC|  |TAMS 0x0000000740200000, 0x0000000740100000| Complete 
|   2|0x0000000740200000, 0x0000000740300000, 0x0000000740300000|100%|HS|  |TAMS 0x0000000740300000, 0x0000000740200000| Complete 
|   3|0x0000000740300000, 0x00000007403ffff0, 0x0000000740400000| 99%| O|  |TAMS 0x00000007403ffff0, 0x0000000740300000| Untracked 
|   4|0x0000000740400000, 0x0000000740500000, 0x0000000740500000|100%| O|  |TAMS 0x0000000740500000, 0x0000000740400000| Untracked 
|   5|0x0000000740500000, 0x00000007405ffff0, 0x0000000740600000| 99%| O|  |TAMS 0x00000007405ffff0, 0x0000000740500000| Untracked 
|   6|0x0000000740600000, 0x00000007406ffff8, 0x0000000740700000| 99%| O|  |TAMS 0x00000007406ffff8, 0x0000000740600000| Untracked 
|   7|0x0000000740700000, 0x0000000740800000, 0x0000000740800000|100%| O|  |TAMS 0x0000000740800000, 0x0000000740700000| Untracked 
|   8|0x0000000740800000, 0x00000007408ffff8, 0x0000000740900000| 99%| O|  |TAMS 0x00000007408ffff8, 0x0000000740800000| Untracked 
|   9|0x0000000740900000, 0x0000000740a00000, 0x0000000740a00000|100%| O|  |TAMS 0x0000000740a00000, 0x0000000740900000| Untracked 
|  10|0x0000000740a00000, 0x0000000740affff8, 0x0000000740b00000| 99%| O|  |TAMS 0x0000000740affff8, 0x0000000740a00000| Untracked 
|  11|0x0000000740b00000, 0x0000000740c00000, 0x0000000740c00000|100%| O|  |TAMS 0x0000000740c00000, 0x0000000740b00000| Untracked 
|  12|0x0000000740c00000, 0x0000000740d00000, 0x0000000740d00000|100%| O|  |TAMS 0x0000000740d00000, 0x0000000740c00000| Untracked 
|  13|0x0000000740d00000, 0x0000000740dffff8, 0x0000000740e00000| 99%| O|  |TAMS 0x0000000740dffff8, 0x0000000740d00000| Untracked 
|  14|0x0000000740e00000, 0x0000000740f00000, 0x0000000740f00000|100%| O|  |TAMS 0x0000000740f00000, 0x0000000740e00000| Untracked 
|  15|0x0000000740f00000, 0x0000000740fffff0, 0x0000000741000000| 99%| O|  |TAMS 0x0000000740fffff0, 0x0000000740f00000| Untracked 
|  16|0x0000000741000000, 0x00000007410ffff0, 0x0000000741100000| 99%| O|  |TAMS 0x00000007410ffff0, 0x0000000741000000| Untracked 
|  17|0x0000000741100000, 0x0000000741200000, 0x0000000741200000|100%| O|  |TAMS 0x0000000741200000, 0x0000000741100000| Untracked 
|  18|0x0000000741200000, 0x0000000741300000, 0x0000000741300000|100%| O|  |TAMS 0x0000000741300000, 0x0000000741200000| Untracked 
|  19|0x0000000741300000, 0x0000000741400000, 0x0000000741400000|100%| O|  |TAMS 0x0000000741400000, 0x0000000741300000| Untracked 
|  20|0x0000000741400000, 0x0000000741500000, 0x0000000741500000|100%| O|  |TAMS 0x0000000741500000, 0x0000000741400000| Untracked 
|  21|0x0000000741500000, 0x00000007415ffff0, 0x0000000741600000| 99%| O|  |TAMS 0x00000007415ffff0, 0x0000000741500000| Untracked 
|  22|0x0000000741600000, 0x00000007416ffff8, 0x0000000741700000| 99%| O|  |TAMS 0x00000007416ffff8, 0x0000000741600000| Untracked 
|  23|0x0000000741700000, 0x00000007417fffe8, 0x0000000741800000| 99%| O|  |TAMS 0x00000007417fffe8, 0x0000000741700000| Untracked 
|  24|0x0000000741800000, 0x0000000741900000, 0x0000000741900000|100%| O|  |TAMS 0x0000000741900000, 0x0000000741800000| Untracked 
|  25|0x0000000741900000, 0x0000000741a00000, 0x0000000741a00000|100%| O|  |TAMS 0x0000000741a00000, 0x0000000741900000| Untracked 
|  26|0x0000000741a00000, 0x0000000741affff8, 0x0000000741b00000| 99%| O|  |TAMS 0x0000000741affff8, 0x0000000741a00000| Untracked 
|  27|0x0000000741b00000, 0x0000000741c00000, 0x0000000741c00000|100%| O|  |TAMS 0x0000000741c00000, 0x0000000741b00000| Untracked 
|  28|0x0000000741c00000, 0x0000000741cffff8, 0x0000000741d00000| 99%| O|  |TAMS 0x0000000741cffff8, 0x0000000741c00000| Untracked 
|  29|0x0000000741d00000, 0x0000000741e00000, 0x0000000741e00000|100%| O|  |TAMS 0x0000000741e00000, 0x0000000741d00000| Untracked 
|  30|0x0000000741e00000, 0x0000000741f00000, 0x0000000741f00000|100%| O|  |TAMS 0x0000000741f00000, 0x0000000741e00000| Untracked 
|  31|0x0000000741f00000, 0x0000000741fffff8, 0x0000000742000000| 99%| O|  |TAMS 0x0000000741fffff8, 0x0000000741f00000| Untracked 
|  32|0x0000000742000000, 0x0000000742100000, 0x0000000742100000|100%| O|  |TAMS 0x0000000742100000, 0x0000000742000000| Untracked 
|  33|0x0000000742100000, 0x0000000742200000, 0x0000000742200000|100%| O|  |TAMS 0x0000000742200000, 0x0000000742100000| Untracked 
|  34|0x0000000742200000, 0x0000000742300000, 0x0000000742300000|100%| O|  |TAMS 0x0000000742300000, 0x0000000742200000| Untracked 
|  35|0x0000000742300000, 0x0000000742400000, 0x0000000742400000|100%| O|  |TAMS 0x0000000742400000, 0x0000000742300000| Untracked 
|  36|0x0000000742400000, 0x0000000742500000, 0x0000000742500000|100%| O|  |TAMS 0x0000000742500000, 0x0000000742400000| Untracked 
|  37|0x0000000742500000, 0x00000007425ffff0, 0x0000000742600000| 99%| O|  |TAMS 0x00000007425ffff0, 0x0000000742500000| Untracked 
|  38|0x0000000742600000, 0x00000007426ffff8, 0x0000000742700000| 99%| O|  |TAMS 0x00000007426ffff8, 0x0000000742600000| Untracked 
|  39|0x0000000742700000, 0x00000007427ffff8, 0x0000000742800000| 99%| O|  |TAMS 0x00000007427ffff8, 0x0000000742700000| Untracked 
|  40|0x0000000742800000, 0x00000007428ffff8, 0x0000000742900000| 99%| O|  |TAMS 0x00000007428ffff8, 0x0000000742800000| Untracked 
|  41|0x0000000742900000, 0x0000000742a00000, 0x0000000742a00000|100%| O|  |TAMS 0x0000000742a00000, 0x0000000742900000| Untracked 
|  42|0x0000000742a00000, 0x0000000742b00000, 0x0000000742b00000|100%| O|  |TAMS 0x0000000742b00000, 0x0000000742a00000| Untracked 
|  43|0x0000000742b00000, 0x0000000742c00000, 0x0000000742c00000|100%| O|  |TAMS 0x0000000742c00000, 0x0000000742b00000| Untracked 
|  44|0x0000000742c00000, 0x0000000742cffff8, 0x0000000742d00000| 99%| O|  |TAMS 0x0000000742cffff8, 0x0000000742c00000| Untracked 
|  45|0x0000000742d00000, 0x0000000742e00000, 0x0000000742e00000|100%| O|  |TAMS 0x0000000742e00000, 0x0000000742d00000| Untracked 
|  46|0x0000000742e00000, 0x0000000742f00000, 0x0000000742f00000|100%| O|  |TAMS 0x0000000742f00000, 0x0000000742e00000| Untracked 
|  47|0x0000000742f00000, 0x0000000742fffff8, 0x0000000743000000| 99%| O|  |TAMS 0x0000000742fffff8, 0x0000000742f00000| Untracked 
|  48|0x0000000743000000, 0x0000000743100000, 0x0000000743100000|100%| O|  |TAMS 0x0000000743100000, 0x0000000743000000| Untracked 
|  49|0x0000000743100000, 0x0000000743200000, 0x0000000743200000|100%| O|  |TAMS 0x0000000743200000, 0x0000000743100000| Untracked 
|  50|0x0000000743200000, 0x00000007432ffff8, 0x0000000743300000| 99%| O|  |TAMS 0x00000007432ffff8, 0x0000000743200000| Untracked 
|  51|0x0000000743300000, 0x0000000743400000, 0x0000000743400000|100%| O|  |TAMS 0x0000000743400000, 0x0000000743300000| Untracked 
|  52|0x0000000743400000, 0x00000007434ffff8, 0x0000000743500000| 99%| O|  |TAMS 0x00000007434ffff8, 0x0000000743400000| Untracked 
|  53|0x0000000743500000, 0x0000000743600000, 0x0000000743600000|100%| O|  |TAMS 0x0000000743600000, 0x0000000743500000| Untracked 
|  54|0x0000000743600000, 0x0000000743700000, 0x0000000743700000|100%| O|  |TAMS 0x0000000743700000, 0x0000000743600000| Untracked 
|  55|0x0000000743700000, 0x00000007437ffff8, 0x0000000743800000| 99%| O|  |TAMS 0x00000007437ffff8, 0x0000000743700000| Untracked 
|  56|0x0000000743800000, 0x0000000743900000, 0x0000000743900000|100%| O|  |TAMS 0x0000000743900000, 0x0000000743800000| Untracked 
|  57|0x0000000743900000, 0x00000007439ffff8, 0x0000000743a00000| 99%| O|  |TAMS 0x00000007439ffff8, 0x0000000743900000| Untracked 
|  58|0x0000000743a00000, 0x0000000743b00000, 0x0000000743b00000|100%| O|  |TAMS 0x0000000743b00000, 0x0000000743a00000| Untracked 
|  59|0x0000000743b00000, 0x0000000743c00000, 0x0000000743c00000|100%| O|  |TAMS 0x0000000743c00000, 0x0000000743b00000| Untracked 
|  60|0x0000000743c00000, 0x0000000743d00000, 0x0000000743d00000|100%| O|  |TAMS 0x0000000743d00000, 0x0000000743c00000| Untracked 
|  61|0x0000000743d00000, 0x0000000743dffff8, 0x0000000743e00000| 99%| O|  |TAMS 0x0000000743dffff8, 0x0000000743d00000| Untracked 
|  62|0x0000000743e00000, 0x0000000743f00000, 0x0000000743f00000|100%| O|  |TAMS 0x0000000743f00000, 0x0000000743e00000| Untracked 
|  63|0x0000000743f00000, 0x0000000744000000, 0x0000000744000000|100%| O|  |TAMS 0x0000000744000000, 0x0000000743f00000| Untracked 
|  64|0x0000000744000000, 0x00000007440ffff0, 0x0000000744100000| 99%| O|  |TAMS 0x00000007440ffff0, 0x0000000744000000| Untracked 
|  65|0x0000000744100000, 0x00000007441fffe8, 0x0000000744200000| 99%| O|  |TAMS 0x00000007441fffe8, 0x0000000744100000| Untracked 
|  66|0x0000000744200000, 0x00000007442ffff0, 0x0000000744300000| 99%| O|  |TAMS 0x00000007442ffff0, 0x0000000744200000| Untracked 
|  67|0x0000000744300000, 0x00000007443fc700, 0x0000000744400000| 98%| O|  |TAMS 0x00000007443fc700, 0x0000000744300000| Untracked 
|  68|0x0000000744400000, 0x00000007444fdf58, 0x0000000744500000| 99%| O|  |TAMS 0x00000007444fdf58, 0x0000000744400000| Untracked 
|  69|0x0000000744500000, 0x00000007445a3f50, 0x0000000744600000| 64%| O|  |TAMS 0x00000007445a3f50, 0x0000000744500000| Untracked 
|  70|0x0000000744600000, 0x000000074463ecb8, 0x0000000744700000| 24%| O|  |TAMS 0x000000074463ecb8, 0x0000000744600000| Untracked 
|  71|0x0000000744700000, 0x0000000744706890, 0x0000000744800000|  2%| O|  |TAMS 0x0000000744706890, 0x0000000744700000| Untracked 
|  72|0x0000000744800000, 0x0000000744800000, 0x0000000744900000|  0%| F|  |TAMS 0x0000000744800000, 0x0000000744800000| Untracked 
|  73|0x0000000744900000, 0x0000000744900000, 0x0000000744a00000|  0%| F|  |TAMS 0x0000000744900000, 0x0000000744900000| Untracked 
|  74|0x0000000744a00000, 0x0000000744b00000, 0x0000000744b00000|100%|HS|  |TAMS 0x0000000744b00000, 0x0000000744a00000| Complete 
|  75|0x0000000744b00000, 0x0000000744c00000, 0x0000000744c00000|100%|HC|  |TAMS 0x0000000744c00000, 0x0000000744b00000| Complete 
|  76|0x0000000744c00000, 0x0000000744d00000, 0x0000000744d00000|100%|HC|  |TAMS 0x0000000744d00000, 0x0000000744c00000| Complete 
|  77|0x0000000744d00000, 0x0000000744e00000, 0x0000000744e00000|100%|HS|  |TAMS 0x0000000744e00000, 0x0000000744d00000| Complete 
|  78|0x0000000744e00000, 0x0000000744f00000, 0x0000000744f00000|100%|HC|  |TAMS 0x0000000744f00000, 0x0000000744e00000| Complete 
|  79|0x0000000744f00000, 0x0000000744f00000, 0x0000000745000000|  0%| F|  |TAMS 0x0000000744f00000, 0x0000000744f00000| Untracked 
|  80|0x0000000745000000, 0x0000000745000000, 0x0000000745100000|  0%| F|  |TAMS 0x0000000745000000, 0x0000000745000000| Untracked 
|  81|0x0000000745100000, 0x0000000745100000, 0x0000000745200000|  0%| F|  |TAMS 0x0000000745100000, 0x0000000745100000| Untracked 
|  82|0x0000000745200000, 0x0000000745200000, 0x0000000745300000|  0%| F|  |TAMS 0x0000000745200000, 0x0000000745200000| Untracked 
|  83|0x0000000745300000, 0x0000000745300000, 0x0000000745400000|  0%| F|  |TAMS 0x0000000745300000, 0x0000000745300000| Untracked 
|  84|0x0000000745400000, 0x0000000745400000, 0x0000000745500000|  0%| F|  |TAMS 0x0000000745400000, 0x0000000745400000| Untracked 
|  85|0x0000000745500000, 0x0000000745500000, 0x0000000745600000|  0%| F|  |TAMS 0x0000000745500000, 0x0000000745500000| Untracked 
|  86|0x0000000745600000, 0x0000000745600000, 0x0000000745700000|  0%| F|  |TAMS 0x0000000745600000, 0x0000000745600000| Untracked 
|  87|0x0000000745700000, 0x0000000745700000, 0x0000000745800000|  0%| F|  |TAMS 0x0000000745700000, 0x0000000745700000| Untracked 
|  88|0x0000000745800000, 0x0000000745800000, 0x0000000745900000|  0%| F|  |TAMS 0x0000000745800000, 0x0000000745800000| Untracked 
|  89|0x0000000745900000, 0x0000000745900000, 0x0000000745a00000|  0%| F|  |TAMS 0x0000000745900000, 0x0000000745900000| Untracked 
|  90|0x0000000745a00000, 0x0000000745a00000, 0x0000000745b00000|  0%| F|  |TAMS 0x0000000745a00000, 0x0000000745a00000| Untracked 
|  91|0x0000000745b00000, 0x0000000745b00000, 0x0000000745c00000|  0%| F|  |TAMS 0x0000000745b00000, 0x0000000745b00000| Untracked 
|  92|0x0000000745c00000, 0x0000000745c00000, 0x0000000745d00000|  0%| F|  |TAMS 0x0000000745c00000, 0x0000000745c00000| Untracked 
|  93|0x0000000745d00000, 0x0000000745d00000, 0x0000000745e00000|  0%| F|  |TAMS 0x0000000745d00000, 0x0000000745d00000| Untracked 
|  94|0x0000000745e00000, 0x0000000745e00000, 0x0000000745f00000|  0%| F|  |TAMS 0x0000000745e00000, 0x0000000745e00000| Untracked 
|  95|0x0000000745f00000, 0x0000000745f00000, 0x0000000746000000|  0%| F|  |TAMS 0x0000000745f00000, 0x0000000745f00000| Untracked 
|  96|0x0000000746000000, 0x0000000746000000, 0x0000000746100000|  0%| F|  |TAMS 0x0000000746000000, 0x0000000746000000| Untracked 
|  97|0x0000000746100000, 0x0000000746200000, 0x0000000746200000|100%|HS|  |TAMS 0x0000000746200000, 0x0000000746100000| Complete 
|  98|0x0000000746200000, 0x0000000746300000, 0x0000000746300000|100%|HC|  |TAMS 0x0000000746300000, 0x0000000746200000| Complete 
|  99|0x0000000746300000, 0x0000000746400000, 0x0000000746400000|100%|HC|  |TAMS 0x0000000746400000, 0x0000000746300000| Complete 
| 100|0x0000000746400000, 0x0000000746500000, 0x0000000746500000|100%|HC|  |TAMS 0x0000000746500000, 0x0000000746400000| Complete 
| 101|0x0000000746500000, 0x0000000746600000, 0x0000000746600000|100%|HC|  |TAMS 0x0000000746600000, 0x0000000746500000| Complete 
| 102|0x0000000746600000, 0x0000000746700000, 0x0000000746700000|100%|HC|  |TAMS 0x0000000746700000, 0x0000000746600000| Complete 
| 103|0x0000000746700000, 0x0000000746800000, 0x0000000746800000|100%|HC|  |TAMS 0x0000000746800000, 0x0000000746700000| Complete 
| 104|0x0000000746800000, 0x0000000746900000, 0x0000000746900000|100%|HC|  |TAMS 0x0000000746900000, 0x0000000746800000| Complete 
| 105|0x0000000746900000, 0x0000000746a00000, 0x0000000746a00000|100%|HC|  |TAMS 0x0000000746a00000, 0x0000000746900000| Complete 
| 106|0x0000000746a00000, 0x0000000746b00000, 0x0000000746b00000|100%|HC|  |TAMS 0x0000000746b00000, 0x0000000746a00000| Complete 
| 107|0x0000000746b00000, 0x0000000746c00000, 0x0000000746c00000|100%|HC|  |TAMS 0x0000000746c00000, 0x0000000746b00000| Complete 
| 108|0x0000000746c00000, 0x0000000746d00000, 0x0000000746d00000|100%|HC|  |TAMS 0x0000000746d00000, 0x0000000746c00000| Complete 
| 109|0x0000000746d00000, 0x0000000746e00000, 0x0000000746e00000|100%|HC|  |TAMS 0x0000000746e00000, 0x0000000746d00000| Complete 
| 110|0x0000000746e00000, 0x0000000746f00000, 0x0000000746f00000|100%|HC|  |TAMS 0x0000000746f00000, 0x0000000746e00000| Complete 
| 111|0x0000000746f00000, 0x0000000747000000, 0x0000000747000000|100%|HC|  |TAMS 0x0000000747000000, 0x0000000746f00000| Complete 
| 112|0x0000000747000000, 0x0000000747100000, 0x0000000747100000|100%|HC|  |TAMS 0x0000000747100000, 0x0000000747000000| Complete 
| 113|0x0000000747100000, 0x0000000747200000, 0x0000000747200000|100%|HC|  |TAMS 0x0000000747200000, 0x0000000747100000| Complete 
| 114|0x0000000747200000, 0x0000000747300000, 0x0000000747300000|100%|HC|  |TAMS 0x0000000747300000, 0x0000000747200000| Complete 
| 115|0x0000000747300000, 0x0000000747400000, 0x0000000747400000|100%|HC|  |TAMS 0x0000000747400000, 0x0000000747300000| Complete 
| 116|0x0000000747400000, 0x0000000747400000, 0x0000000747500000|  0%| F|  |TAMS 0x0000000747400000, 0x0000000747400000| Untracked 
| 117|0x0000000747500000, 0x0000000747500000, 0x0000000747600000|  0%| F|  |TAMS 0x0000000747500000, 0x0000000747500000| Untracked 
| 118|0x0000000747600000, 0x0000000747600000, 0x0000000747700000|  0%| F|  |TAMS 0x0000000747600000, 0x0000000747600000| Untracked 
| 119|0x0000000747700000, 0x0000000747700000, 0x0000000747800000|  0%| F|  |TAMS 0x0000000747700000, 0x0000000747700000| Untracked 
| 120|0x0000000747800000, 0x0000000747800000, 0x0000000747900000|  0%| F|  |TAMS 0x0000000747800000, 0x0000000747800000| Untracked 
| 121|0x0000000747900000, 0x0000000747900000, 0x0000000747a00000|  0%| F|  |TAMS 0x0000000747900000, 0x0000000747900000| Untracked 
| 122|0x0000000747a00000, 0x0000000747a00000, 0x0000000747b00000|  0%| F|  |TAMS 0x0000000747a00000, 0x0000000747a00000| Untracked 
| 123|0x0000000747b00000, 0x0000000747b00000, 0x0000000747c00000|  0%| F|  |TAMS 0x0000000747b00000, 0x0000000747b00000| Untracked 
| 124|0x0000000747c00000, 0x0000000747c00000, 0x0000000747d00000|  0%| F|  |TAMS 0x0000000747c00000, 0x0000000747c00000| Untracked 
| 125|0x0000000747d00000, 0x0000000747d00000, 0x0000000747e00000|  0%| F|  |TAMS 0x0000000747d00000, 0x0000000747d00000| Untracked 
| 126|0x0000000747e00000, 0x0000000747e00000, 0x0000000747f00000|  0%| F|  |TAMS 0x0000000747e00000, 0x0000000747e00000| Untracked 
| 127|0x0000000747f00000, 0x0000000747f00000, 0x0000000748000000|  0%| F|  |TAMS 0x0000000747f00000, 0x0000000747f00000| Untracked 
| 128|0x0000000748000000, 0x0000000748000000, 0x0000000748100000|  0%| F|  |TAMS 0x0000000748000000, 0x0000000748000000| Untracked 
| 129|0x0000000748100000, 0x0000000748100000, 0x0000000748200000|  0%| F|  |TAMS 0x0000000748100000, 0x0000000748100000| Untracked 
| 130|0x0000000748200000, 0x0000000748200000, 0x0000000748300000|  0%| F|  |TAMS 0x0000000748200000, 0x0000000748200000| Untracked 
| 131|0x0000000748300000, 0x0000000748300000, 0x0000000748400000|  0%| F|  |TAMS 0x0000000748300000, 0x0000000748300000| Untracked 
| 132|0x0000000748400000, 0x0000000748400000, 0x0000000748500000|  0%| F|  |TAMS 0x0000000748400000, 0x0000000748400000| Untracked 
| 133|0x0000000748500000, 0x0000000748511a70, 0x0000000748600000|  6%| O|  |TAMS 0x0000000748511a70, 0x0000000748500000| Untracked 
| 134|0x0000000748600000, 0x0000000748600000, 0x0000000748700000|  0%| F|  |TAMS 0x0000000748600000, 0x0000000748600000| Untracked 
| 135|0x0000000748700000, 0x0000000748700000, 0x0000000748800000|  0%| F|  |TAMS 0x0000000748700000, 0x0000000748700000| Untracked 
| 136|0x0000000748800000, 0x0000000748800000, 0x0000000748900000|  0%| F|  |TAMS 0x0000000748800000, 0x0000000748800000| Untracked 
| 137|0x0000000748900000, 0x0000000748900000, 0x0000000748a00000|  0%| F|  |TAMS 0x0000000748900000, 0x0000000748900000| Untracked 
| 138|0x0000000748a00000, 0x0000000748a00000, 0x0000000748b00000|  0%| F|  |TAMS 0x0000000748a00000, 0x0000000748a00000| Untracked 
| 139|0x0000000748b00000, 0x0000000748b00000, 0x0000000748c00000|  0%| F|  |TAMS 0x0000000748b00000, 0x0000000748b00000| Untracked 
| 140|0x0000000748c00000, 0x0000000748c00000, 0x0000000748d00000|  0%| F|  |TAMS 0x0000000748c00000, 0x0000000748c00000| Untracked 
| 141|0x0000000748d00000, 0x0000000748d00000, 0x0000000748e00000|  0%| F|  |TAMS 0x0000000748d00000, 0x0000000748d00000| Untracked 
| 142|0x0000000748e00000, 0x0000000748e00000, 0x0000000748f00000|  0%| F|  |TAMS 0x0000000748e00000, 0x0000000748e00000| Untracked 
| 143|0x0000000748f00000, 0x0000000748f00000, 0x0000000749000000|  0%| F|  |TAMS 0x0000000748f00000, 0x0000000748f00000| Untracked 
| 144|0x0000000749000000, 0x0000000749000000, 0x0000000749100000|  0%| F|  |TAMS 0x0000000749000000, 0x0000000749000000| Untracked 
| 145|0x0000000749100000, 0x0000000749100000, 0x0000000749200000|  0%| F|  |TAMS 0x0000000749100000, 0x0000000749100000| Untracked 
| 146|0x0000000749200000, 0x0000000749200000, 0x0000000749300000|  0%| F|  |TAMS 0x0000000749200000, 0x0000000749200000| Untracked 
| 147|0x0000000749300000, 0x0000000749300000, 0x0000000749400000|  0%| F|  |TAMS 0x0000000749300000, 0x0000000749300000| Untracked 
| 148|0x0000000749400000, 0x0000000749400000, 0x0000000749500000|  0%| F|  |TAMS 0x0000000749400000, 0x0000000749400000| Untracked 
| 149|0x0000000749500000, 0x0000000749500000, 0x0000000749600000|  0%| F|  |TAMS 0x0000000749500000, 0x0000000749500000| Untracked 
| 150|0x0000000749600000, 0x0000000749600000, 0x0000000749700000|  0%| F|  |TAMS 0x0000000749600000, 0x0000000749600000| Untracked 
| 151|0x0000000749700000, 0x0000000749700000, 0x0000000749800000|  0%| F|  |TAMS 0x0000000749700000, 0x0000000749700000| Untracked 
| 152|0x0000000749800000, 0x0000000749800000, 0x0000000749900000|  0%| F|  |TAMS 0x0000000749800000, 0x0000000749800000| Untracked 
| 153|0x0000000749900000, 0x0000000749900000, 0x0000000749a00000|  0%| F|  |TAMS 0x0000000749900000, 0x0000000749900000| Untracked 
| 154|0x0000000749a00000, 0x0000000749a00000, 0x0000000749b00000|  0%| F|  |TAMS 0x0000000749a00000, 0x0000000749a00000| Untracked 
| 155|0x0000000749b00000, 0x0000000749b00000, 0x0000000749c00000|  0%| F|  |TAMS 0x0000000749b00000, 0x0000000749b00000| Untracked 
| 156|0x0000000749c00000, 0x0000000749c00000, 0x0000000749d00000|  0%| F|  |TAMS 0x0000000749c00000, 0x0000000749c00000| Untracked 
| 157|0x0000000749d00000, 0x0000000749d00000, 0x0000000749e00000|  0%| F|  |TAMS 0x0000000749d00000, 0x0000000749d00000| Untracked 
| 158|0x0000000749e00000, 0x0000000749e00000, 0x0000000749f00000|  0%| F|  |TAMS 0x0000000749e00000, 0x0000000749e00000| Untracked 
| 159|0x0000000749f00000, 0x0000000749f00000, 0x000000074a000000|  0%| F|  |TAMS 0x0000000749f00000, 0x0000000749f00000| Untracked 
| 160|0x000000074a000000, 0x000000074a000000, 0x000000074a100000|  0%| F|  |TAMS 0x000000074a000000, 0x000000074a000000| Untracked 
| 161|0x000000074a100000, 0x000000074a100000, 0x000000074a200000|  0%| F|  |TAMS 0x000000074a100000, 0x000000074a100000| Untracked 
| 162|0x000000074a200000, 0x000000074a200000, 0x000000074a300000|  0%| F|  |TAMS 0x000000074a200000, 0x000000074a200000| Untracked 
| 163|0x000000074a300000, 0x000000074a300000, 0x000000074a400000|  0%| F|  |TAMS 0x000000074a300000, 0x000000074a300000| Untracked 
| 164|0x000000074a400000, 0x000000074a400000, 0x000000074a500000|  0%| F|  |TAMS 0x000000074a400000, 0x000000074a400000| Untracked 
| 165|0x000000074a500000, 0x000000074a500000, 0x000000074a600000|  0%| F|  |TAMS 0x000000074a500000, 0x000000074a500000| Untracked 
| 166|0x000000074a600000, 0x000000074a600000, 0x000000074a700000|  0%| F|  |TAMS 0x000000074a600000, 0x000000074a600000| Untracked 
| 167|0x000000074a700000, 0x000000074a700000, 0x000000074a800000|  0%| F|  |TAMS 0x000000074a700000, 0x000000074a700000| Untracked 
| 168|0x000000074a800000, 0x000000074a800000, 0x000000074a900000|  0%| F|  |TAMS 0x000000074a800000, 0x000000074a800000| Untracked 
| 169|0x000000074a900000, 0x000000074a900000, 0x000000074aa00000|  0%| F|  |TAMS 0x000000074a900000, 0x000000074a900000| Untracked 
| 170|0x000000074aa00000, 0x000000074aa00000, 0x000000074ab00000|  0%| F|  |TAMS 0x000000074aa00000, 0x000000074aa00000| Untracked 
| 171|0x000000074ab00000, 0x000000074ab00000, 0x000000074ac00000|  0%| F|  |TAMS 0x000000074ab00000, 0x000000074ab00000| Untracked 
| 172|0x000000074ac00000, 0x000000074ac00000, 0x000000074ad00000|  0%| F|  |TAMS 0x000000074ac00000, 0x000000074ac00000| Untracked 
| 173|0x000000074ad00000, 0x000000074ad00000, 0x000000074ae00000|  0%| F|  |TAMS 0x000000074ad00000, 0x000000074ad00000| Untracked 
| 174|0x000000074ae00000, 0x000000074ae00000, 0x000000074af00000|  0%| F|  |TAMS 0x000000074ae00000, 0x000000074ae00000| Untracked 
| 175|0x000000074af00000, 0x000000074af00000, 0x000000074b000000|  0%| F|  |TAMS 0x000000074af00000, 0x000000074af00000| Untracked 
| 176|0x000000074b000000, 0x000000074b000000, 0x000000074b100000|  0%| F|  |TAMS 0x000000074b000000, 0x000000074b000000| Untracked 
| 177|0x000000074b100000, 0x000000074b100000, 0x000000074b200000|  0%| F|  |TAMS 0x000000074b100000, 0x000000074b100000| Untracked 
| 178|0x000000074b200000, 0x000000074b200000, 0x000000074b300000|  0%| F|  |TAMS 0x000000074b200000, 0x000000074b200000| Untracked 
| 179|0x000000074b300000, 0x000000074b300000, 0x000000074b400000|  0%| F|  |TAMS 0x000000074b300000, 0x000000074b300000| Untracked 
| 180|0x000000074b400000, 0x000000074b400000, 0x000000074b500000|  0%| F|  |TAMS 0x000000074b400000, 0x000000074b400000| Untracked 
| 181|0x000000074b500000, 0x000000074b500000, 0x000000074b600000|  0%| F|  |TAMS 0x000000074b500000, 0x000000074b500000| Untracked 
| 182|0x000000074b600000, 0x000000074b600000, 0x000000074b700000|  0%| F|  |TAMS 0x000000074b600000, 0x000000074b600000| Untracked 
| 183|0x000000074b700000, 0x000000074b700000, 0x000000074b800000|  0%| F|  |TAMS 0x000000074b700000, 0x000000074b700000| Untracked 
| 184|0x000000074b800000, 0x000000074b800000, 0x000000074b900000|  0%| F|  |TAMS 0x000000074b800000, 0x000000074b800000| Untracked 
| 185|0x000000074b900000, 0x000000074b90d260, 0x000000074ba00000|  5%| O|  |TAMS 0x000000074b90d260, 0x000000074b900000| Untracked 
| 186|0x000000074ba00000, 0x000000074ba00000, 0x000000074bb00000|  0%| F|  |TAMS 0x000000074ba00000, 0x000000074ba00000| Untracked 
| 187|0x000000074bb00000, 0x000000074bb00000, 0x000000074bc00000|  0%| F|  |TAMS 0x000000074bb00000, 0x000000074bb00000| Untracked 
| 188|0x000000074bc00000, 0x000000074bc00000, 0x000000074bd00000|  0%| F|  |TAMS 0x000000074bc00000, 0x000000074bc00000| Untracked 
| 189|0x000000074bd00000, 0x000000074bd00000, 0x000000074be00000|  0%| F|  |TAMS 0x000000074bd00000, 0x000000074bd00000| Untracked 
| 190|0x000000074be00000, 0x000000074be00000, 0x000000074bf00000|  0%| F|  |TAMS 0x000000074be00000, 0x000000074be00000| Untracked 
| 191|0x000000074bf00000, 0x000000074bf00000, 0x000000074c000000|  0%| F|  |TAMS 0x000000074bf00000, 0x000000074bf00000| Untracked 
| 192|0x000000074c000000, 0x000000074c000000, 0x000000074c100000|  0%| F|  |TAMS 0x000000074c000000, 0x000000074c000000| Untracked 
| 193|0x000000074c100000, 0x000000074c100000, 0x000000074c200000|  0%| F|  |TAMS 0x000000074c100000, 0x000000074c100000| Untracked 
| 194|0x000000074c200000, 0x000000074c200000, 0x000000074c300000|  0%| F|  |TAMS 0x000000074c200000, 0x000000074c200000| Untracked 
| 195|0x000000074c300000, 0x000000074c300000, 0x000000074c400000|  0%| F|  |TAMS 0x000000074c300000, 0x000000074c300000| Untracked 
| 196|0x000000074c400000, 0x000000074c400000, 0x000000074c500000|  0%| F|  |TAMS 0x000000074c400000, 0x000000074c400000| Untracked 
| 197|0x000000074c500000, 0x000000074c500000, 0x000000074c600000|  0%| F|  |TAMS 0x000000074c500000, 0x000000074c500000| Untracked 
| 198|0x000000074c600000, 0x000000074c600000, 0x000000074c700000|  0%| F|  |TAMS 0x000000074c600000, 0x000000074c600000| Untracked 
| 199|0x000000074c700000, 0x000000074c700000, 0x000000074c800000|  0%| F|  |TAMS 0x000000074c700000, 0x000000074c700000| Untracked 
| 200|0x000000074c800000, 0x000000074c800000, 0x000000074c900000|  0%| F|  |TAMS 0x000000074c800000, 0x000000074c800000| Untracked 
| 201|0x000000074c900000, 0x000000074c900000, 0x000000074ca00000|  0%| F|  |TAMS 0x000000074c900000, 0x000000074c900000| Untracked 
| 202|0x000000074ca00000, 0x000000074ca00000, 0x000000074cb00000|  0%| F|  |TAMS 0x000000074ca00000, 0x000000074ca00000| Untracked 
| 203|0x000000074cb00000, 0x000000074cb00000, 0x000000074cc00000|  0%| F|  |TAMS 0x000000074cb00000, 0x000000074cb00000| Untracked 
| 204|0x000000074cc00000, 0x000000074cc00000, 0x000000074cd00000|  0%| F|  |TAMS 0x000000074cc00000, 0x000000074cc00000| Untracked 
| 205|0x000000074cd00000, 0x000000074cd00000, 0x000000074ce00000|  0%| F|  |TAMS 0x000000074cd00000, 0x000000074cd00000| Untracked 
| 206|0x000000074ce00000, 0x000000074ce00000, 0x000000074cf00000|  0%| F|  |TAMS 0x000000074ce00000, 0x000000074ce00000| Untracked 
| 207|0x000000074cf00000, 0x000000074cf00000, 0x000000074d000000|  0%| F|  |TAMS 0x000000074cf00000, 0x000000074cf00000| Untracked 
| 208|0x000000074d000000, 0x000000074d000000, 0x000000074d100000|  0%| F|  |TAMS 0x000000074d000000, 0x000000074d000000| Untracked 
| 209|0x000000074d100000, 0x000000074d100000, 0x000000074d200000|  0%| F|  |TAMS 0x000000074d100000, 0x000000074d100000| Untracked 
| 210|0x000000074d200000, 0x000000074d2054d8, 0x000000074d300000|  2%| O|  |TAMS 0x000000074d2054d8, 0x000000074d200000| Untracked 
| 211|0x000000074d300000, 0x000000074d300000, 0x000000074d400000|  0%| F|  |TAMS 0x000000074d300000, 0x000000074d300000| Untracked 
| 212|0x000000074d400000, 0x000000074d400000, 0x000000074d500000|  0%| F|  |TAMS 0x000000074d400000, 0x000000074d400000| Untracked 
| 213|0x000000074d500000, 0x000000074d500000, 0x000000074d600000|  0%| F|  |TAMS 0x000000074d500000, 0x000000074d500000| Untracked 
| 214|0x000000074d600000, 0x000000074d600000, 0x000000074d700000|  0%| F|  |TAMS 0x000000074d600000, 0x000000074d600000| Untracked 
| 215|0x000000074d700000, 0x000000074d700000, 0x000000074d800000|  0%| F|  |TAMS 0x000000074d700000, 0x000000074d700000| Untracked 
| 216|0x000000074d800000, 0x000000074d800000, 0x000000074d900000|  0%| F|  |TAMS 0x000000074d800000, 0x000000074d800000| Untracked 
| 217|0x000000074d900000, 0x000000074d900000, 0x000000074da00000|  0%| F|  |TAMS 0x000000074d900000, 0x000000074d900000| Untracked 
| 218|0x000000074da00000, 0x000000074da00000, 0x000000074db00000|  0%| F|  |TAMS 0x000000074da00000, 0x000000074da00000| Untracked 
| 219|0x000000074db00000, 0x000000074db00000, 0x000000074dc00000|  0%| F|  |TAMS 0x000000074db00000, 0x000000074db00000| Untracked 
| 220|0x000000074dc00000, 0x000000074dc00000, 0x000000074dd00000|  0%| F|  |TAMS 0x000000074dc00000, 0x000000074dc00000| Untracked 
| 221|0x000000074dd00000, 0x000000074dd00000, 0x000000074de00000|  0%| F|  |TAMS 0x000000074dd00000, 0x000000074dd00000| Untracked 
| 222|0x000000074de00000, 0x000000074de00000, 0x000000074df00000|  0%| F|  |TAMS 0x000000074de00000, 0x000000074de00000| Untracked 
| 223|0x000000074df00000, 0x000000074df00000, 0x000000074e000000|  0%| F|  |TAMS 0x000000074df00000, 0x000000074df00000| Untracked 
| 224|0x000000074e000000, 0x000000074e000000, 0x000000074e100000|  0%| F|  |TAMS 0x000000074e000000, 0x000000074e000000| Untracked 
| 225|0x000000074e100000, 0x000000074e100000, 0x000000074e200000|  0%| F|  |TAMS 0x000000074e100000, 0x000000074e100000| Untracked 
| 226|0x000000074e200000, 0x000000074e200000, 0x000000074e300000|  0%| F|  |TAMS 0x000000074e200000, 0x000000074e200000| Untracked 
| 227|0x000000074e300000, 0x000000074e300000, 0x000000074e400000|  0%| F|  |TAMS 0x000000074e300000, 0x000000074e300000| Untracked 
| 228|0x000000074e400000, 0x000000074e400000, 0x000000074e500000|  0%| F|  |TAMS 0x000000074e400000, 0x000000074e400000| Untracked 
| 229|0x000000074e500000, 0x000000074e500000, 0x000000074e600000|  0%| F|  |TAMS 0x000000074e500000, 0x000000074e500000| Untracked 
| 230|0x000000074e600000, 0x000000074e600000, 0x000000074e700000|  0%| F|  |TAMS 0x000000074e600000, 0x000000074e600000| Untracked 
| 231|0x000000074e700000, 0x000000074e700000, 0x000000074e800000|  0%| F|  |TAMS 0x000000074e700000, 0x000000074e700000| Untracked 
| 232|0x000000074e800000, 0x000000074e800000, 0x000000074e900000|  0%| F|  |TAMS 0x000000074e800000, 0x000000074e800000| Untracked 
| 233|0x000000074e900000, 0x000000074e900000, 0x000000074ea00000|  0%| F|  |TAMS 0x000000074e900000, 0x000000074e900000| Untracked 
| 234|0x000000074ea00000, 0x000000074ea00000, 0x000000074eb00000|  0%| F|  |TAMS 0x000000074ea00000, 0x000000074ea00000| Untracked 
| 235|0x000000074eb00000, 0x000000074eb00000, 0x000000074ec00000|  0%| F|  |TAMS 0x000000074eb00000, 0x000000074eb00000| Untracked 
| 236|0x000000074ec00000, 0x000000074ec00000, 0x000000074ed00000|  0%| F|  |TAMS 0x000000074ec00000, 0x000000074ec00000| Untracked 
| 237|0x000000074ed00000, 0x000000074ed00000, 0x000000074ee00000|  0%| F|  |TAMS 0x000000074ed00000, 0x000000074ed00000| Untracked 
| 238|0x000000074ee00000, 0x000000074ee00000, 0x000000074ef00000|  0%| F|  |TAMS 0x000000074ee00000, 0x000000074ee00000| Untracked 
| 239|0x000000074ef00000, 0x000000074ef00000, 0x000000074f000000|  0%| F|  |TAMS 0x000000074ef00000, 0x000000074ef00000| Untracked 
| 240|0x000000074f000000, 0x000000074f000000, 0x000000074f100000|  0%| F|  |TAMS 0x000000074f000000, 0x000000074f000000| Untracked 
| 241|0x000000074f100000, 0x000000074f100000, 0x000000074f200000|  0%| F|  |TAMS 0x000000074f100000, 0x000000074f100000| Untracked 
| 242|0x000000074f200000, 0x000000074f200000, 0x000000074f300000|  0%| F|  |TAMS 0x000000074f200000, 0x000000074f200000| Untracked 
| 243|0x000000074f300000, 0x000000074f300000, 0x000000074f400000|  0%| F|  |TAMS 0x000000074f300000, 0x000000074f300000| Untracked 
| 244|0x000000074f400000, 0x000000074f400000, 0x000000074f500000|  0%| F|  |TAMS 0x000000074f400000, 0x000000074f400000| Untracked 
| 245|0x000000074f500000, 0x000000074f500000, 0x000000074f600000|  0%| F|  |TAMS 0x000000074f500000, 0x000000074f500000| Untracked 
| 246|0x000000074f600000, 0x000000074f600000, 0x000000074f700000|  0%| F|  |TAMS 0x000000074f600000, 0x000000074f600000| Untracked 
| 247|0x000000074f700000, 0x000000074f700000, 0x000000074f800000|  0%| F|  |TAMS 0x000000074f700000, 0x000000074f700000| Untracked 
| 248|0x000000074f800000, 0x000000074f800000, 0x000000074f900000|  0%| F|  |TAMS 0x000000074f800000, 0x000000074f800000| Untracked 
| 249|0x000000074f900000, 0x000000074f900000, 0x000000074fa00000|  0%| F|  |TAMS 0x000000074f900000, 0x000000074f900000| Untracked 
| 250|0x000000074fa00000, 0x000000074fa00000, 0x000000074fb00000|  0%| F|  |TAMS 0x000000074fa00000, 0x000000074fa00000| Untracked 
| 251|0x000000074fb00000, 0x000000074fb00000, 0x000000074fc00000|  0%| F|  |TAMS 0x000000074fb00000, 0x000000074fb00000| Untracked 
| 252|0x000000074fc00000, 0x000000074fc00000, 0x000000074fd00000|  0%| F|  |TAMS 0x000000074fc00000, 0x000000074fc00000| Untracked 
| 253|0x000000074fd00000, 0x000000074fd00000, 0x000000074fe00000|  0%| F|  |TAMS 0x000000074fd00000, 0x000000074fd00000| Untracked 
| 254|0x000000074fe00000, 0x000000074fe00000, 0x000000074ff00000|  0%| F|  |TAMS 0x000000074fe00000, 0x000000074fe00000| Untracked 
| 255|0x000000074ff00000, 0x000000074ff00000, 0x0000000750000000|  0%| F|  |TAMS 0x000000074ff00000, 0x000000074ff00000| Untracked 
| 256|0x0000000750000000, 0x0000000750000000, 0x0000000750100000|  0%| F|  |TAMS 0x0000000750000000, 0x0000000750000000| Untracked 
| 257|0x0000000750100000, 0x0000000750100000, 0x0000000750200000|  0%| F|  |TAMS 0x0000000750100000, 0x0000000750100000| Untracked 
| 258|0x0000000750200000, 0x0000000750200000, 0x0000000750300000|  0%| F|  |TAMS 0x0000000750200000, 0x0000000750200000| Untracked 
| 259|0x0000000750300000, 0x0000000750300000, 0x0000000750400000|  0%| F|  |TAMS 0x0000000750300000, 0x0000000750300000| Untracked 
| 260|0x0000000750400000, 0x00000007504fef20, 0x0000000750500000| 99%| S|CS|TAMS 0x0000000750400000, 0x0000000750400000| Complete 
| 261|0x0000000750500000, 0x0000000750500000, 0x0000000750600000|  0%| F|  |TAMS 0x0000000750500000, 0x0000000750500000| Untracked 
| 262|0x0000000750600000, 0x0000000750600000, 0x0000000750700000|  0%| F|  |TAMS 0x0000000750600000, 0x0000000750600000| Untracked 
| 263|0x0000000750700000, 0x0000000750700000, 0x0000000750800000|  0%| F|  |TAMS 0x0000000750700000, 0x0000000750700000| Untracked 
| 264|0x0000000750800000, 0x0000000750800000, 0x0000000750900000|  0%| F|  |TAMS 0x0000000750800000, 0x0000000750800000| Untracked 
| 265|0x0000000750900000, 0x0000000750900000, 0x0000000750a00000|  0%| F|  |TAMS 0x0000000750900000, 0x0000000750900000| Untracked 
| 266|0x0000000750a00000, 0x0000000750a00000, 0x0000000750b00000|  0%| F|  |TAMS 0x0000000750a00000, 0x0000000750a00000| Untracked 
| 267|0x0000000750b00000, 0x0000000750b00000, 0x0000000750c00000|  0%| F|  |TAMS 0x0000000750b00000, 0x0000000750b00000| Untracked 
| 268|0x0000000750c00000, 0x0000000750c00000, 0x0000000750d00000|  0%| F|  |TAMS 0x0000000750c00000, 0x0000000750c00000| Untracked 
| 269|0x0000000750d00000, 0x0000000750d00000, 0x0000000750e00000|  0%| F|  |TAMS 0x0000000750d00000, 0x0000000750d00000| Untracked 
| 270|0x0000000750e00000, 0x0000000750e00000, 0x0000000750f00000|  0%| F|  |TAMS 0x0000000750e00000, 0x0000000750e00000| Untracked 
| 271|0x0000000750f00000, 0x0000000750f00000, 0x0000000751000000|  0%| F|  |TAMS 0x0000000750f00000, 0x0000000750f00000| Untracked 
| 272|0x0000000751000000, 0x0000000751000000, 0x0000000751100000|  0%| F|  |TAMS 0x0000000751000000, 0x0000000751000000| Untracked 
| 273|0x0000000751100000, 0x0000000751100000, 0x0000000751200000|  0%| F|  |TAMS 0x0000000751100000, 0x0000000751100000| Untracked 
| 274|0x0000000751200000, 0x0000000751200000, 0x0000000751300000|  0%| F|  |TAMS 0x0000000751200000, 0x0000000751200000| Untracked 
| 275|0x0000000751300000, 0x0000000751300000, 0x0000000751400000|  0%| F|  |TAMS 0x0000000751300000, 0x0000000751300000| Untracked 
| 276|0x0000000751400000, 0x0000000751400000, 0x0000000751500000|  0%| F|  |TAMS 0x0000000751400000, 0x0000000751400000| Untracked 
| 277|0x0000000751500000, 0x0000000751500000, 0x0000000751600000|  0%| F|  |TAMS 0x0000000751500000, 0x0000000751500000| Untracked 
| 278|0x0000000751600000, 0x0000000751600000, 0x0000000751700000|  0%| F|  |TAMS 0x0000000751600000, 0x0000000751600000| Untracked 
| 279|0x0000000751700000, 0x0000000751700000, 0x0000000751800000|  0%| F|  |TAMS 0x0000000751700000, 0x0000000751700000| Untracked 
| 280|0x0000000751800000, 0x0000000751800000, 0x0000000751900000|  0%| F|  |TAMS 0x0000000751800000, 0x0000000751800000| Untracked 
| 281|0x0000000751900000, 0x0000000751900000, 0x0000000751a00000|  0%| F|  |TAMS 0x0000000751900000, 0x0000000751900000| Untracked 
| 282|0x0000000751a00000, 0x0000000751a00000, 0x0000000751b00000|  0%| F|  |TAMS 0x0000000751a00000, 0x0000000751a00000| Untracked 
| 283|0x0000000751b00000, 0x0000000751b00000, 0x0000000751c00000|  0%| F|  |TAMS 0x0000000751b00000, 0x0000000751b00000| Untracked 
| 284|0x0000000751c00000, 0x0000000751c00000, 0x0000000751d00000|  0%| F|  |TAMS 0x0000000751c00000, 0x0000000751c00000| Untracked 
| 285|0x0000000751d00000, 0x0000000751d00000, 0x0000000751e00000|  0%| F|  |TAMS 0x0000000751d00000, 0x0000000751d00000| Untracked 
| 286|0x0000000751e00000, 0x0000000751e00000, 0x0000000751f00000|  0%| F|  |TAMS 0x0000000751e00000, 0x0000000751e00000| Untracked 
| 287|0x0000000751f00000, 0x0000000751f00000, 0x0000000752000000|  0%| F|  |TAMS 0x0000000751f00000, 0x0000000751f00000| Untracked 
| 288|0x0000000752000000, 0x0000000752000000, 0x0000000752100000|  0%| F|  |TAMS 0x0000000752000000, 0x0000000752000000| Untracked 
| 289|0x0000000752100000, 0x0000000752100000, 0x0000000752200000|  0%| F|  |TAMS 0x0000000752100000, 0x0000000752100000| Untracked 
| 290|0x0000000752200000, 0x0000000752200000, 0x0000000752300000|  0%| F|  |TAMS 0x0000000752200000, 0x0000000752200000| Untracked 
| 291|0x0000000752300000, 0x0000000752300000, 0x0000000752400000|  0%| F|  |TAMS 0x0000000752300000, 0x0000000752300000| Untracked 
| 292|0x0000000752400000, 0x0000000752400000, 0x0000000752500000|  0%| F|  |TAMS 0x0000000752400000, 0x0000000752400000| Untracked 
| 293|0x0000000752500000, 0x0000000752500000, 0x0000000752600000|  0%| F|  |TAMS 0x0000000752500000, 0x0000000752500000| Untracked 
| 294|0x0000000752600000, 0x0000000752600000, 0x0000000752700000|  0%| F|  |TAMS 0x0000000752600000, 0x0000000752600000| Untracked 
| 295|0x0000000752700000, 0x0000000752700000, 0x0000000752800000|  0%| F|  |TAMS 0x0000000752700000, 0x0000000752700000| Untracked 
| 296|0x0000000752800000, 0x0000000752800000, 0x0000000752900000|  0%| F|  |TAMS 0x0000000752800000, 0x0000000752800000| Untracked 
| 297|0x0000000752900000, 0x0000000752900000, 0x0000000752a00000|  0%| F|  |TAMS 0x0000000752900000, 0x0000000752900000| Untracked 
| 298|0x0000000752a00000, 0x0000000752a00000, 0x0000000752b00000|  0%| F|  |TAMS 0x0000000752a00000, 0x0000000752a00000| Untracked 
| 299|0x0000000752b00000, 0x0000000752b00000, 0x0000000752c00000|  0%| F|  |TAMS 0x0000000752b00000, 0x0000000752b00000| Untracked 
| 300|0x0000000752c00000, 0x0000000752c00000, 0x0000000752d00000|  0%| F|  |TAMS 0x0000000752c00000, 0x0000000752c00000| Untracked 
| 301|0x0000000752d00000, 0x0000000752d00000, 0x0000000752e00000|  0%| F|  |TAMS 0x0000000752d00000, 0x0000000752d00000| Untracked 
| 302|0x0000000752e00000, 0x0000000752e00000, 0x0000000752f00000|  0%| F|  |TAMS 0x0000000752e00000, 0x0000000752e00000| Untracked 
| 303|0x0000000752f00000, 0x0000000752f00000, 0x0000000753000000|  0%| F|  |TAMS 0x0000000752f00000, 0x0000000752f00000| Untracked 
| 304|0x0000000753000000, 0x0000000753000000, 0x0000000753100000|  0%| F|  |TAMS 0x0000000753000000, 0x0000000753000000| Untracked 
| 305|0x0000000753100000, 0x0000000753100000, 0x0000000753200000|  0%| F|  |TAMS 0x0000000753100000, 0x0000000753100000| Untracked 
| 306|0x0000000753200000, 0x0000000753200000, 0x0000000753300000|  0%| F|  |TAMS 0x0000000753200000, 0x0000000753200000| Untracked 
| 307|0x0000000753300000, 0x0000000753300000, 0x0000000753400000|  0%| F|  |TAMS 0x0000000753300000, 0x0000000753300000| Untracked 
| 308|0x0000000753400000, 0x0000000753400000, 0x0000000753500000|  0%| F|  |TAMS 0x0000000753400000, 0x0000000753400000| Untracked 
| 309|0x0000000753500000, 0x0000000753500000, 0x0000000753600000|  0%| F|  |TAMS 0x0000000753500000, 0x0000000753500000| Untracked 
| 310|0x0000000753600000, 0x0000000753600000, 0x0000000753700000|  0%| F|  |TAMS 0x0000000753600000, 0x0000000753600000| Untracked 
| 311|0x0000000753700000, 0x0000000753700000, 0x0000000753800000|  0%| F|  |TAMS 0x0000000753700000, 0x0000000753700000| Untracked 
| 312|0x0000000753800000, 0x0000000753800000, 0x0000000753900000|  0%| F|  |TAMS 0x0000000753800000, 0x0000000753800000| Untracked 
| 313|0x0000000753900000, 0x0000000753900000, 0x0000000753a00000|  0%| F|  |TAMS 0x0000000753900000, 0x0000000753900000| Untracked 
| 314|0x0000000753a00000, 0x0000000753a00000, 0x0000000753b00000|  0%| F|  |TAMS 0x0000000753a00000, 0x0000000753a00000| Untracked 
| 315|0x0000000753b00000, 0x0000000753ba2640, 0x0000000753c00000| 63%| E|  |TAMS 0x0000000753b00000, 0x0000000753b00000| Complete 
| 316|0x0000000753c00000, 0x0000000753d00000, 0x0000000753d00000|100%| E|CS|TAMS 0x0000000753c00000, 0x0000000753c00000| Complete 
| 317|0x0000000753d00000, 0x0000000753d07780, 0x0000000753e00000|  2%| O|  |TAMS 0x0000000753d07780, 0x0000000753d00000| Untracked 
| 318|0x0000000753e00000, 0x0000000753f00000, 0x0000000753f00000|100%| E|CS|TAMS 0x0000000753e00000, 0x0000000753e00000| Complete 
| 319|0x0000000753f00000, 0x0000000754000000, 0x0000000754000000|100%| E|CS|TAMS 0x0000000753f00000, 0x0000000753f00000| Complete 

Card table byte_map: [0x0000020e070e0000,0x0000020e076e0000] _byte_map_base: 0x0000020e036e0000

Marking Bits (Prev, Next): (CMBitMap*) 0x0000020e0396b658, (CMBitMap*) 0x0000020e0396b690
 Prev Bits: [0x0000020e11e30000, 0x0000020e14e30000)
 Next Bits: [0x0000020e14e30000, 0x0000020e17e30000)

Polling page: 0x0000020e04860000

Metaspace:

Usage:
  Non-class:     84.26 MB capacity,    83.40 MB ( 99%) used,   667.27 KB ( <1%) free+waste,   213.44 KB ( <1%) overhead. 
      Class:     12.96 MB capacity,    12.38 MB ( 95%) used,   503.55 KB (  4%) free+waste,    93.94 KB ( <1%) overhead. 
       Both:     97.22 MB capacity,    95.78 MB ( 99%) used,     1.14 MB (  1%) free+waste,   307.38 KB ( <1%) overhead. 

Virtual space:
  Non-class space:       86.00 MB reserved,      85.57 MB (>99%) committed 
      Class space:        1.00 GB reserved,      13.75 MB (  1%) committed 
             Both:        1.08 GB reserved,      99.32 MB (  9%) committed 

Chunk freelists:
   Non-Class:  152.00 KB
       Class:  96.50 KB
        Both:  248.50 KB

CodeHeap 'non-profiled nmethods': size=119168Kb used=31378Kb max_used=31378Kb free=87789Kb
 bounds [0x0000020e25090000, 0x0000020e26f40000, 0x0000020e2c4f0000]
CodeHeap 'profiled nmethods': size=119168Kb used=42605Kb max_used=47132Kb free=76562Kb
 bounds [0x0000020e1dc30000, 0x0000020e20ad0000, 0x0000020e25090000]
CodeHeap 'non-nmethods': size=7424Kb used=1689Kb max_used=3419Kb free=5734Kb
 bounds [0x0000020e1d4f0000, 0x0000020e1d940000, 0x0000020e1dc30000]
 total_blobs=45377 nmethods=20890 adapters=1154
 compilation: enabled
              stopped_count=0, restarted_count=0
 full_count=0

Compilation events (10 events):
Event: 20841.705 Thread 0x0000020e1d4c6800 29623       3       com.sun.org.apache.xerces.internal.parsers.XMLParser::<init> (22 bytes)
Event: 20841.705 Thread 0x0000020e1d4c6800 nmethod 29623 0x0000020e1fbd8510 code [0x0000020e1fbd8720, 0x0000020e1fbd8e90]
Event: 20841.705 Thread 0x0000020e1d4c6800 29624       3       com.sun.org.apache.xerces.internal.parsers.XML11Configuration::setDocumentHandler (46 bytes)
Event: 20841.706 Thread 0x0000020e1d4c6800 nmethod 29624 0x0000020e1faf1210 code [0x0000020e1faf13e0, 0x0000020e1faf17e0]
Event: 20841.706 Thread 0x0000020e1d4c6800 29625       3       com.sun.org.apache.xml.internal.serializer.ToStream::getOutputFormat (131 bytes)
Event: 20841.707 Thread 0x0000020e1d4c6800 nmethod 29625 0x0000020e20191510 code [0x0000020e20191840, 0x0000020e201930e0]
Event: 20843.981 Thread 0x0000020e1d4c6800 29626       3       javax.swing.SortingFocusTraversalPolicy::getFirstComponent (187 bytes)
Event: 20843.982 Thread 0x0000020e1d4c6800 nmethod 29626 0x0000020e201db390 code [0x0000020e201db720, 0x0000020e201dcec0]
Event: 20843.989 Thread 0x0000020e1d4c5800 29627   !   4       com.jidesoft.grid.SortableTableModel::a (2292 bytes)
Event: 20844.005 Thread 0x0000020e1d4c5800 nmethod 29627 0x0000020e26f39510 code [0x0000020e26f397e0, 0x0000020e26f3b658]

GC Heap History (10 events):
Event: 20830.512 GC heap before
{Heap before GC invocations=5122 (full 2907):
 garbage-first heap   total 327680K, used 100506K [0x0000000740000000, 0x0000000800000000)
  region size 1024K, 6 young (6144K), 1 survivors (1024K)
 Metaspace       used 98032K, capacity 99556K, committed 101704K, reserved 1136640K
  class space    used 12678K, capacity 13276K, committed 14080K, reserved 1048576K
}
Event: 20830.555 GC heap after
{Heap after GC invocations=5123 (full 2908):
 garbage-first heap   total 327680K, used 96280K [0x0000000740000000, 0x0000000800000000)
  region size 1024K, 0 young (0K), 0 survivors (0K)
 Metaspace       used 98032K, capacity 99556K, committed 101704K, reserved 1136640K
  class space    used 12678K, capacity 13276K, committed 14080K, reserved 1048576K
}
Event: 20831.035 GC heap before
{Heap before GC invocations=5123 (full 2908):
 garbage-first heap   total 327680K, used 101400K [0x0000000740000000, 0x0000000800000000)
  region size 1024K, 6 young (6144K), 0 survivors (0K)
 Metaspace       used 98032K, capacity 99556K, committed 101704K, reserved 1136640K
  class space    used 12678K, capacity 13276K, committed 14080K, reserved 1048576K
}
Event: 20831.079 GC heap after
{Heap after GC invocations=5124 (full 2909):
 garbage-first heap   total 327680K, used 96316K [0x0000000740000000, 0x0000000800000000)
  region size 1024K, 0 young (0K), 0 survivors (0K)
 Metaspace       used 98032K, capacity 99556K, committed 101704K, reserved 1136640K
  class space    used 12678K, capacity 13276K, committed 14080K, reserved 1048576K
}
Event: 20839.683 GC heap before
{Heap before GC invocations=5124 (full 2909):
 garbage-first heap   total 327680K, used 157756K [0x0000000740000000, 0x0000000800000000)
  region size 1024K, 60 young (61440K), 0 survivors (0K)
 Metaspace       used 98062K, capacity 99556K, committed 101704K, reserved 1136640K
  class space    used 12678K, capacity 13276K, committed 14080K, reserved 1048576K
}
Event: 20839.685 GC heap after
{Heap after GC invocations=5125 (full 2909):
 garbage-first heap   total 327680K, used 96935K [0x0000000740000000, 0x0000000800000000)
  region size 1024K, 1 young (1024K), 1 survivors (1024K)
 Metaspace       used 98062K, capacity 99556K, committed 101704K, reserved 1136640K
  class space    used 12678K, capacity 13276K, committed 14080K, reserved 1048576K
}
Event: 20841.708 GC heap before
{Heap before GC invocations=5126 (full 2909):
 garbage-first heap   total 327680K, used 157351K [0x0000000740000000, 0x0000000800000000)
  region size 1024K, 60 young (61440K), 1 survivors (1024K)
 Metaspace       used 98076K, capacity 99556K, committed 101704K, reserved 1136640K
  class space    used 12678K, capacity 13276K, committed 14080K, reserved 1048576K
}
Event: 20841.710 GC heap after
{Heap after GC invocations=5127 (full 2909):
 garbage-first heap   total 327680K, used 97557K [0x0000000740000000, 0x0000000800000000)
  region size 1024K, 2 young (2048K), 2 survivors (2048K)
 Metaspace       used 98076K, capacity 99556K, committed 101704K, reserved 1136640K
  class space    used 12678K, capacity 13276K, committed 14080K, reserved 1048576K
}
Event: 20844.735 GC heap before
{Heap before GC invocations=5127 (full 2909):
 garbage-first heap   total 327680K, used 156949K [0x0000000740000000, 0x0000000800000000)
  region size 1024K, 60 young (61440K), 2 survivors (2048K)
 Metaspace       used 98077K, capacity 99556K, committed 101704K, reserved 1136640K
  class space    used 12678K, capacity 13276K, committed 14080K, reserved 1048576K
}
Event: 20844.737 GC heap after
{Heap after GC invocations=5128 (full 2909):
 garbage-first heap   total 327680K, used 97336K [0x0000000740000000, 0x0000000800000000)
  region size 1024K, 1 young (1024K), 1 survivors (1024K)
 Metaspace       used 98077K, capacity 99556K, committed 101704K, reserved 1136640K
  class space    used 12678K, capacity 13276K, committed 14080K, reserved 1048576K
}

Deoptimization events (10 events):
Event: 20714.805 Thread 0x0000020e2e287800 Uncommon trap: reason=profile_predicate action=maybe_recompile pc=0x0000020e260b4f78 method=sun.java2d.marlin.DTransformingPathConsumer2D$CurveClipSplitter.subdivideAtIntersections(IILsun/java2d/marlin/DPathConsumer2D;)Z @ 125 c2
Event: 20747.232 Thread 0x0000020e2e287800 Uncommon trap: reason=array_check action=maybe_recompile pc=0x0000020e26ee3098 method=java.util.TimSort.mergeHi(IIII)V @ 524 c2
Event: 20747.479 Thread 0x0000020e2e287800 Uncommon trap: reason=array_check action=maybe_recompile pc=0x0000020e26ee3098 method=java.util.TimSort.mergeHi(IIII)V @ 524 c2
Event: 20817.394 Thread 0x0000020e2e287800 Uncommon trap: reason=uninitialized action=reinterpret pc=0x0000020e26be80b4 method=java.awt.Component.dispatchEventImpl(Ljava/awt/AWTEvent;)V @ 568 c2
Event: 20836.087 Thread 0x0000020e2e287800 Uncommon trap: reason=array_check action=maybe_recompile pc=0x0000020e26f2dc4c method=java.util.TimSort.mergeHi(IIII)V @ 657 c2
Event: 20836.270 Thread 0x0000020e2e287800 Uncommon trap: reason=array_check action=maybe_recompile pc=0x0000020e26f2dc4c method=java.util.TimSort.mergeHi(IIII)V @ 657 c2
Event: 20841.652 Thread 0x0000020e2e287800 Uncommon trap: reason=profile_predicate action=maybe_recompile pc=0x0000020e26efc0a0 method=javax.swing.text.html.HTMLWriter.convertToHTML32(Ljavax/swing/text/AttributeSet;Ljavax/swing/text/MutableAttributeSet;)V @ 21 c2
Event: 20841.652 Thread 0x0000020e2e287800 Uncommon trap: reason=profile_predicate action=maybe_recompile pc=0x0000020e26efc0a0 method=javax.swing.text.html.HTMLWriter.convertToHTML32(Ljavax/swing/text/AttributeSet;Ljavax/swing/text/MutableAttributeSet;)V @ 21 c2
Event: 20841.652 Thread 0x0000020e2e287800 Uncommon trap: reason=profile_predicate action=maybe_recompile pc=0x0000020e26efc0a0 method=javax.swing.text.html.HTMLWriter.convertToHTML32(Ljavax/swing/text/AttributeSet;Ljavax/swing/text/MutableAttributeSet;)V @ 21 c2
Event: 20841.653 Thread 0x0000020e2e287800 Uncommon trap: reason=profile_predicate action=maybe_recompile pc=0x0000020e26efc0a0 method=javax.swing.text.html.HTMLWriter.convertToHTML32(Ljavax/swing/text/AttributeSet;Ljavax/swing/text/MutableAttributeSet;)V @ 21 c2

Classes redefined (0 events):
No events

Internal exceptions (10 events):
Event: 20821.258 Thread 0x0000020e2e287800 Exception <a 'java/io/FileNotFoundException'{0x00000007540b7778}> (0x00000007540b7778) thrown at [t:/workspace/open/src/hotspot/share/prims/jni.cpp, line 615]
Event: 20821.258 Thread 0x0000020e2e287800 Exception <a 'java/io/FileNotFoundException'{0x00000007540b7f18}> (0x00000007540b7f18) thrown at [t:/workspace/open/src/hotspot/share/prims/jni.cpp, line 615]
Event: 20826.259 Thread 0x0000020e2e287800 Exception <a 'java/io/FileNotFoundException'{0x00000007540771d0}> (0x00000007540771d0) thrown at [t:/workspace/open/src/hotspot/share/prims/jni.cpp, line 615]
Event: 20826.259 Thread 0x0000020e2e287800 Exception <a 'java/io/FileNotFoundException'{0x0000000754077970}> (0x0000000754077970) thrown at [t:/workspace/open/src/hotspot/share/prims/jni.cpp, line 615]
Event: 20831.260 Thread 0x0000020e2e287800 Exception <a 'java/io/FileNotFoundException'{0x0000000753f2eb20}> (0x0000000753f2eb20) thrown at [t:/workspace/open/src/hotspot/share/prims/jni.cpp, line 615]
Event: 20831.260 Thread 0x0000020e2e287800 Exception <a 'java/io/FileNotFoundException'{0x0000000753f2f2c0}> (0x0000000753f2f2c0) thrown at [t:/workspace/open/src/hotspot/share/prims/jni.cpp, line 615]
Event: 20836.260 Thread 0x0000020e2e287800 Exception <a 'java/io/FileNotFoundException'{0x000000075240bc08}> (0x000000075240bc08) thrown at [t:/workspace/open/src/hotspot/share/prims/jni.cpp, line 615]
Event: 20836.260 Thread 0x0000020e2e287800 Exception <a 'java/io/FileNotFoundException'{0x000000075240c388}> (0x000000075240c388) thrown at [t:/workspace/open/src/hotspot/share/prims/jni.cpp, line 615]
Event: 20841.262 Thread 0x0000020e2e287800 Exception <a 'java/io/FileNotFoundException'{0x000000075218a1f0}> (0x000000075218a1f0) thrown at [t:/workspace/open/src/hotspot/share/prims/jni.cpp, line 615]
Event: 20841.262 Thread 0x0000020e2e287800 Exception <a 'java/io/FileNotFoundException'{0x000000075218a990}> (0x000000075218a990) thrown at [t:/workspace/open/src/hotspot/share/prims/jni.cpp, line 615]

Events (10 events):
Event: 20844.669 Thread 0x0000020e2e9c9000 Thread added: 0x0000020e2e9c9000
Event: 20844.671 Thread 0x0000020e2e9c9000 Thread exited: 0x0000020e2e9c9000
Event: 20844.734 Executing VM operation: G1CollectForAllocation
Event: 20844.734 Executing VM operation: G1CollectForAllocation done
Event: 20844.734 Executing VM operation: G1CollectForAllocation
Event: 20844.737 Executing VM operation: G1CollectForAllocation done
Event: 20844.758 Executing VM operation: CGC_Operation
Event: 20844.765 Executing VM operation: CGC_Operation done
Event: 20844.778 Executing VM operation: CGC_Operation
Event: 20844.778 Executing VM operation: CGC_Operation done


Dynamic libraries:
0x00007ff6f2570000 - 0x00007ff6f259f000 	C:\Xilinx\Vivado\2020.2\bin\unwrapped\win64.o\vivado.exe
0x00007ffe144d0000 - 0x00007ffe146e7000 	C:\Windows\SYSTEM32\ntdll.dll
0x00007ffe12e00000 - 0x00007ffe12ec4000 	C:\Windows\System32\KERNEL32.DLL
0x00007ffe11a40000 - 0x00007ffe11e10000 	C:\Windows\System32\KERNELBASE.dll
0x00007ffe120a0000 - 0x00007ffe121b1000 	C:\Windows\System32\ucrtbase.dll
0x00007ffde9780000 - 0x00007ffde980d000 	C:\Windows\SYSTEM32\MSVCP140.dll
0x00007ffdeb980000 - 0x00007ffdeb99e000 	C:\Windows\SYSTEM32\VCRUNTIME140.dll
0x00007ffdfef10000 - 0x00007ffdfef1c000 	C:\Windows\SYSTEM32\VCRUNTIME140_1.dll
0x00007ffe02a70000 - 0x00007ffe02a83000 	C:\Xilinx\Vivado\2020.2\lib\win64.o\libboost_signals.dll
0x00007ffe02210000 - 0x00007ffe02228000 	C:\Xilinx\Vivado\2020.2\lib\win64.o\librdi_commonmain.dll
0x00007ffe021e0000 - 0x00007ffe02202000 	C:\Xilinx\Vivado\2020.2\lib\win64.o\libboost_filesystem.dll
0x00007ffe13de0000 - 0x00007ffe13e91000 	C:\Windows\System32\ADVAPI32.dll
0x00007ffe133f0000 - 0x00007ffe13497000 	C:\Windows\System32\msvcrt.dll
0x00007ffe13ea0000 - 0x00007ffe13f47000 	C:\Windows\System32\sechost.dll
0x00007ffe11780000 - 0x00007ffe117a8000 	C:\Windows\System32\bcrypt.dll
0x00007ffe12810000 - 0x00007ffe12924000 	C:\Windows\System32\RPCRT4.dll
0x00007ffe07aa0000 - 0x00007ffe07aa9000 	C:\Xilinx\Vivado\2020.2\lib\win64.o\librdi_commonversion.dll
0x00007ffdc3650000 - 0x00007ffdc37e9000 	C:\Xilinx\Vivado\2020.2\lib\win64.o\librdi_commonxillic.dll
0x00007ffe12ed0000 - 0x00007ffe1307e000 	C:\Windows\System32\USER32.dll
0x00007ffe11e90000 - 0x00007ffe11eb6000 	C:\Windows\System32\win32u.dll
0x00007ffe12930000 - 0x00007ffe12959000 	C:\Windows\System32\GDI32.dll
0x00007ffe11ec0000 - 0x00007ffe11fdb000 	C:\Windows\System32\gdi32full.dll
0x00007ffe11920000 - 0x00007ffe119ba000 	C:\Windows\System32\msvcp_win.dll
0x00007ffe12bb0000 - 0x00007ffe12c21000 	C:\Windows\System32\WS2_32.dll
0x00000000600f0000 - 0x000000006021b000 	C:\Xilinx\Vivado\2020.2\lib\win64.o\tcl85t.dll
0x00007ffe021d0000 - 0x00007ffe021d9000 	C:\Xilinx\Vivado\2020.2\lib\win64.o\libboost_system.dll
0x00007ffd67460000 - 0x00007ffd685d7000 	C:\Xilinx\Vivado\2020.2\lib\win64.o\librdi_common.dll
0x00007ffe134c0000 - 0x00007ffe13d38000 	C:\Windows\System32\SHELL32.dll
0x00007ffdc1230000 - 0x00007ffdc1341000 	C:\Xilinx\Vivado\2020.2\lib\win64.o\libboost_regex.dll
0x00007ffd7db60000 - 0x00007ffd7de3b000 	C:\Xilinx\Vivado\2020.2\lib\win64.o\libXil_lmgr11.dll
0x00007ffe132e0000 - 0x00007ffe133e2000 	C:\Windows\System32\COMDLG32.dll
0x00007ffe12400000 - 0x00007ffe12790000 	C:\Windows\System32\combase.dll
0x00007ffe130f0000 - 0x00007ffe131fa000 	C:\Windows\System32\shcore.dll
0x00007ffe13d80000 - 0x00007ffe13dde000 	C:\Windows\System32\SHLWAPI.dll
0x00007ffe13200000 - 0x00007ffe132d7000 	C:\Windows\System32\OLEAUT32.dll
0x00007ffe12c30000 - 0x00007ffe12dd1000 	C:\Windows\System32\ole32.dll
0x00007ffe119c0000 - 0x00007ffe11a32000 	C:\Windows\System32\WINTRUST.dll
0x00007ffe117b0000 - 0x00007ffe11916000 	C:\Windows\System32\CRYPT32.dll
0x00007ffe021c0000 - 0x00007ffe021d0000 	C:\Xilinx\Vivado\2020.2\lib\win64.o\libboost_date_time.dll
0x00007ffd7d3d0000 - 0x00007ffd7d73e000 	C:\Xilinx\Vivado\2020.2\lib\win64.o\libCOIN-all.dll
0x00007ffde8ce0000 - 0x00007ffde8d53000 	C:\Xilinx\Vivado\2020.2\lib\win64.o\libboost_program_options.dll
0x00007ffe021a0000 - 0x00007ffe021be000 	C:\Xilinx\Vivado\2020.2\lib\win64.o\libboost_thread.dll
0x00007ffe01e80000 - 0x00007ffe01e8c000 	C:\Xilinx\Vivado\2020.2\lib\win64.o\libboost_xilinx.dll
0x00007ffdc4fc0000 - 0x00007ffdc5042000 	C:\Xilinx\Vivado\2020.2\lib\win64.o\libhdlpsolve.dll
0x00007ffdc3910000 - 0x00007ffdc39b5000 	C:\Xilinx\Vivado\2020.2\lib\win64.o\libhdxml.dll
0x00007ffe01e50000 - 0x00007ffe01e78000 	C:\Xilinx\Vivado\2020.2\lib\win64.o\libisl_sysinfo.dll
0x00007ffd66660000 - 0x00007ffd67452600 	C:\Xilinx\Vivado\2020.2\lib\win64.o\libisl_iostreams.dll
0x00007ffdd8520000 - 0x00007ffdd8585000 	C:\Xilinx\Vivado\2020.2\lib\win64.o\liblmx6.0.dll
0x00007ffe01da0000 - 0x00007ffe01dba000 	C:\Xilinx\Vivado\2020.2\lib\win64.o\pthreadVC2.dll
0x00007ffe01d80000 - 0x00007ffe01d9c000 	C:\Xilinx\Vivado\2020.2\lib\win64.o\librdiconfig.dll
0x00007ffe10380000 - 0x00007ffe10399000 	C:\Windows\SYSTEM32\NETAPI32.dll
0x00007ffde9ce0000 - 0x00007ffdea1de000 	C:\Windows\SYSTEM32\WININET.dll
0x00007ffe098e0000 - 0x00007ffe09a0c000 	C:\Windows\SYSTEM32\WINHTTP.dll
0x00007ffdeb5d0000 - 0x00007ffdeb7c5000 	C:\Windows\SYSTEM32\urlmon.dll
0x00007ffe01790000 - 0x00007ffe017b1000 	C:\Xilinx\Vivado\2020.2\lib\win64.o\librdizlib.dll
0x00007ffdb6800000 - 0x00007ffdb6809000 	C:\Windows\SYSTEM32\WSOCK32.dll
0x00007ffe01420000 - 0x00007ffe01450000 	C:\Windows\SYSTEM32\VCOMP140.DLL
0x00007ffdffa30000 - 0x00007ffdffae3000 	C:\Windows\WinSxS\amd64_microsoft.windows.common-controls_6595b64144ccf1df_5.82.22621.3527_none_b43b7f4b638cc64f\COMCTL32.dll
0x00007ffe095a0000 - 0x00007ffe095bf000 	C:\Windows\SYSTEM32\dhcpcsvc.DLL
0x00007ffe01a80000 - 0x00007ffe01a8c000 	C:\Xilinx\Vivado\2020.2\lib\win64.o\libboost_chrono.dll
0x00007ffd64740000 - 0x00007ffd66657000 	C:\Xilinx\Vivado\2020.2\lib\win64.o\gurobi90.dll
0x00007ffe12790000 - 0x00007ffe127f1000 	C:\Windows\System32\WLDAP32.dll
0x00007ffe14480000 - 0x00007ffe14488000 	C:\Windows\System32\Normaliz.dll
0x00007ffe019d0000 - 0x00007ffe019e6000 	C:\Xilinx\Vivado\2020.2\lib\win64.o\libboost_iostreams.dll
0x00007ffdeb310000 - 0x00007ffdeb5cf000 	C:\Windows\SYSTEM32\iertutil.dll
0x00007ffe039b0000 - 0x00007ffe039d8000 	C:\Windows\SYSTEM32\srvcli.dll
0x00007ffe10370000 - 0x00007ffe1037c000 	C:\Windows\SYSTEM32\netutils.dll
0x00007ffe0f3f0000 - 0x00007ffe0fd00000 	C:\Windows\SYSTEM32\windows.storage.dll
0x00007ffe0f2b0000 - 0x00007ffe0f3ef000 	C:\Windows\SYSTEM32\wintypes.dll
0x00007ffde1830000 - 0x00007ffde1853000 	C:\Xilinx\Vivado\2020.2\lib\win64.o\libisl_iosutils.dll
0x0000000012000000 - 0x0000000012270000 	C:\Xilinx\Vivado\2020.2\lib\win64.o\xerces-c_3_1.dll
0x00007ffe10ce0000 - 0x00007ffe10d4a000 	C:\Windows\SYSTEM32\MSWSOCK.DLL
0x00007ffe13d40000 - 0x00007ffe13d71000 	C:\Windows\System32\IMM32.DLL
0x00007ffe11420000 - 0x00007ffe11432000 	C:\Windows\SYSTEM32\MSASN1.dll
0x00007ffe10870000 - 0x00007ffe10888000 	C:\Windows\SYSTEM32\kernel.appcore.dll
0x00007ffd64210000 - 0x00007ffd64732000 	C:\Xilinx\Vivado\2020.2\lib\win64.o\librdi_commontasks.dll
0x00007ffe10400000 - 0x00007ffe1040a000 	C:\Windows\SYSTEM32\VERSION.dll
0x00007ffd636e0000 - 0x00007ffd64203000 	C:\Xilinx\Vivado\2020.2\tps\win64\jre11.0.2\bin\server\jvm.dll
0x00007ffe12de0000 - 0x00007ffe12de8000 	C:\Windows\System32\PSAPI.DLL
0x00007ffe07850000 - 0x00007ffe07884000 	C:\Windows\SYSTEM32\WINMM.dll
0x00007ffd63400000 - 0x00007ffd636d5000 	C:\Xilinx\Vivado\2020.2\lib\win64.o\librdi_sio.dll
0x00007ffe0ffc0000 - 0x00007ffe0ffed000 	C:\Windows\SYSTEM32\IPHLPAPI.DLL
0x00007ffd60940000 - 0x00007ffd633fe000 	C:\Xilinx\Vivado\2020.2\lib\win64.o\librdi_tcltasks.dll
0x00007ffdb3810000 - 0x00007ffdb3906000 	C:\Xilinx\Vivado\2020.2\lib\win64.o\librdi_chipscope.dll
0x00007ffdd8210000 - 0x00007ffdd828e000 	C:\Xilinx\Vivado\2020.2\lib\win64.o\librdi_boarddep.dll
0x00007ffd7dfb0000 - 0x00007ffd7e163000 	C:\Xilinx\Vivado\2020.2\lib\win64.o\librdi_board.dll
0x00007ffd60490000 - 0x00007ffd60936000 	C:\Xilinx\Vivado\2020.2\lib\win64.o\librdi_bitstream.dll
0x00007ffd7d1e0000 - 0x00007ffd7d3ca000 	C:\Xilinx\Vivado\2020.2\lib\win64.o\librdi_chipscopeimpl.dll
0x00007ffd7af70000 - 0x00007ffd7b0d1000 	C:\Xilinx\Vivado\2020.2\lib\win64.o\librdi_containers.dll
0x00007ffd5e720000 - 0x00007ffd60481000 	C:\Xilinx\Vivado\2020.2\lib\win64.o\librdi_designutils.dll
0x00007ffd5c8f0000 - 0x00007ffd5e71c000 	C:\Xilinx\Vivado\2020.2\lib\win64.o\librdi_constraints.dll
0x00007ffd5c580000 - 0x00007ffd5c8e8000 	C:\Xilinx\Vivado\2020.2\lib\win64.o\librdi_dlyest.dll
0x00007ffd5be60000 - 0x00007ffd5c578000 	C:\Xilinx\Vivado\2020.2\lib\win64.o\librdi_coregenipxact.dll
0x00007ffd59aa0000 - 0x00007ffd5be5d000 	C:\Xilinx\Vivado\2020.2\lib\win64.o\librdi_coregen.dll
0x00007ffd59440000 - 0x00007ffd59a9d000 	C:\Xilinx\Vivado\2020.2\lib\win64.o\librdi_drc.dll
0x00007ffda86f0000 - 0x00007ffda87a3000 	C:\Xilinx\Vivado\2020.2\lib\win64.o\librdi_dsp.dll
0x00007ffdd7670000 - 0x00007ffdd76db000 	C:\Xilinx\Vivado\2020.2\lib\win64.o\librdi_hdf.dll
0x00007ffd59120000 - 0x00007ffd5943d000 	C:\Xilinx\Vivado\2020.2\lib\win64.o\librdi_guitools.dll
0x00007ffd40470000 - 0x00007ffd40b32000 	C:\Xilinx\Vivado\2020.2\lib\win64.o\librdi_filemgmt.dll
0x00007ffd401f0000 - 0x00007ffd40467000 	C:\Xilinx\Vivado\2020.2\lib\win64.o\librdi_hip_devdesign.dll
0x00007ffd40b40000 - 0x00007ffd5911f000 	C:\Xilinx\Vivado\2020.2\lib\win64.o\librdi_device.dll
0x00007ffd7d890000 - 0x00007ffd7d9d7000 	C:\Xilinx\Vivado\2020.2\lib\win64.o\librdi_hip_perf_analysis.dll
0x00007ffdbfc40000 - 0x00007ffdbfcb2000 	C:\Xilinx\Vivado\2020.2\lib\win64.o\librdi_memoryarray.dll
0x00007ffd3fba0000 - 0x00007ffd401ec000 	C:\Xilinx\Vivado\2020.2\lib\win64.o\librdi_memdata.dll
0x00007ffd3dfc0000 - 0x00007ffd3fb94000 	C:\Xilinx\Vivado\2020.2\lib\win64.o\librdi_implflow.dll
0x00007ffdde610000 - 0x00007ffdde664000 	C:\Xilinx\Vivado\2020.2\lib\win64.o\librdi_pfi.dll
0x00007ffd3bb70000 - 0x00007ffd3dfb4000 	C:\Xilinx\Vivado\2020.2\lib\win64.o\librdi_mig.dll
0x00007ffd3b440000 - 0x00007ffd3bb6c000 	C:\Xilinx\Vivado\2020.2\lib\win64.o\librdi_netlist.dll
0x00007ffd3ac20000 - 0x00007ffd3b437000 	C:\Xilinx\Vivado\2020.2\lib\win64.o\librdi_power.dll
0x00007ffd3a880000 - 0x00007ffd3ac1e000 	C:\Xilinx\Vivado\2020.2\lib\win64.o\librdi_platform.dll
0x00007ffd3a200000 - 0x00007ffd3a874000 	C:\Xilinx\Vivado\2020.2\lib\win64.o\librdi_project.dll
0x00007ffd399f0000 - 0x00007ffd3a1fc000 	C:\Xilinx\Vivado\2020.2\lib\win64.o\librdi_rsb.dll
0x00007ffd392c0000 - 0x00007ffd399e2000 	C:\Xilinx\Vivado\2020.2\lib\win64.o\librdi_psta.dll
0x00007ffd38d90000 - 0x00007ffd392bb000 	C:\Xilinx\Vivado\2020.2\lib\win64.o\librdi_runs.dll
0x00007ffda8460000 - 0x00007ffda8569000 	C:\Xilinx\Vivado\2020.2\lib\win64.o\librdi_runsbase.dll
0x00007ffd35b80000 - 0x00007ffd38d87000 	C:\Xilinx\Vivado\2020.2\lib\win64.o\librdi_place.dll
0x00007ffd35900000 - 0x00007ffd35b74000 	C:\Xilinx\Vivado\2020.2\lib\win64.o\librdi_simdata.dll
0x00007ffda7fe0000 - 0x00007ffda80f6000 	C:\Xilinx\Vivado\2020.2\lib\win64.o\librdi_xhub.dll
0x00007ffdac370000 - 0x00007ffdac417000 	C:\Xilinx\Vivado\2020.2\lib\win64.o\librdi_xhubtasks.dll
0x00007ffd35710000 - 0x00007ffd358fb000 	C:\Xilinx\Vivado\2020.2\lib\win64.o\librdi_advchipscopeimpl.dll
0x00007ffdb84c0000 - 0x00007ffdb8507000 	C:\Xilinx\Vivado\2020.2\lib\win64.o\libboost_serialization.dll
0x00007ffda3fb0000 - 0x00007ffda409b000 	C:\Xilinx\Vivado\2020.2\lib\win64.o\librdi_ipconfig_readwrite.dll
0x00007ffd35410000 - 0x00007ffd3570b000 	C:\Xilinx\Vivado\2020.2\lib\win64.o\librdi_hip_config.dll
0x00007ffdae960000 - 0x00007ffdae9ca000 	C:\Xilinx\Vivado\2020.2\lib\win64.o\librdi_noc_frameworks.dll
0x00007ffd34ec0000 - 0x00007ffd3540e000 	C:\Xilinx\Vivado\2020.2\lib\win64.o\librdi_xdm.dll
0x00007ffd7eb20000 - 0x00007ffd7ebad000 	C:\Xilinx\Vivado\2020.2\lib\win64.o\treelite_runtime.dll
0x00007ffd7ea80000 - 0x00007ffd7eb1e000 	C:\Xilinx\Vivado\2020.2\lib\win64.o\libise.dll
0x00007ffdb39a0000 - 0x00007ffdb39e6000 	C:\Xilinx\Vivado\2020.2\lib\win64.o\libboost_graph.dll

dbghelp: loaded successfully - version: 4.0.5 - missing functions: none
symbol engine: initialized successfully - sym options: 0x614 - pdb path: .;C:\Xilinx\Vivado\2020.2\bin\unwrapped\win64.o;C:\Windows\SYSTEM32;C:\Xilinx\Vivado\2020.2\lib\win64.o;C:\Windows\WinSxS\amd64_microsoft.windows.common-controls_6595b64144ccf1df_5.82.22621.3527_none_b43b7f4b638cc64f;C:\Xilinx\Vivado\2020.2\tps\win64\jre11.0.2\bin\server;C:\Xilinx\Vivado\2020.2\tps\win64\python-3.8.3;C:\Xilinx\Vivado\2020.2\tps\win64\jre11.0.2\bin;C:\ProgramData\A-Volute\A-Volute.Nahimic\Modules\Scheduled\x64;C:\Windows\WinSxS\amd64_microsoft.windows.common-controls_6595b64144ccf1df_6.0.22621.4830_none_270fe7d773858e80;C:\Windows\WinSxS\amd64_microsoft.windows.gdiplus_6595b64144ccf1df_1.1.22621.4830_none_57fadabcce18084e

VM Arguments:
jvm_args: -Dsun.java2d.pmoffscreen=false -Dhttps.protocols=TLSv1,TLSv1.1,TLSv1.2 -Dsun.java2d.xrender=false -Dsun.java2d.d3d=false -Dsun.awt.nopixfmt=true -Dsun.java2d.dpiaware=true -Dsun.java2d.uiScale.enabled=false -Xverify:none -Dswing.aatext=true -XX:-UsePerfData -Djdk.map.althashing.threshold=512 -XX:StringTableSize=4072 --add-opens=java.base/java.nio=ALL-UNNAMED --add-opens=java.desktop/sun.swing=ALL-UNNAMED --add-opens=java.desktop/javax.swing=ALL-UNNAMED --add-opens=java.desktop/javax.swing.tree=ALL-UNNAMED --add-opens=java.desktop/javax.swing.plaf.basic=ALL-UNNAMED --add-opens=java.desktop/javax.swing.plaf.synth=ALL-UNNAMED --add-opens=java.desktop/com.sun.awt=ALL-UNNAMED -XX:NewSize=60m -XX:MaxNewSize=60m -Xms128m -Xmx3072m -Xss5m 
java_command: <unknown>
java_class_path (initial): C:/Xilinx/Vivado/2020.2\lib\classes\alloy.jar;C:/Xilinx/Vivado/2020.2\lib\classes\ArchiveSummary.jar;C:/Xilinx/Vivado/2020.2\lib\classes\autoesl-models.jar;C:/Xilinx/Vivado/2020.2\lib\classes\autopilot.scelaborator.jar;C:/Xilinx/Vivado/2020.2\lib\classes\autopilot.sourceprocessor.jar;C:/Xilinx/Vivado/2020.2\lib\classes\autopilot.tbprocessor.jar;C:/Xilinx/Vivado/2020.2\lib\classes\batik-anim.jar;C:/Xilinx/Vivado/2020.2\lib\classes\batik-awt-util.jar;C:/Xilinx/Vivado/2020.2\lib\classes\batik-bridge.jar;C:/Xilinx/Vivado/2020.2\lib\classes\batik-codec.jar;C:/Xilinx/Vivado/2020.2\lib\classes\batik-css.jar;C:/Xilinx/Vivado/2020.2\lib\classes\batik-dom.jar;C:/Xilinx/Vivado/2020.2\lib\classes\batik-ext.jar;C:/Xilinx/Vivado/2020.2\lib\classes\batik-gui-util.jar;C:/Xilinx/Vivado/2020.2\lib\classes\batik-gvt.jar;C:/Xilinx/Vivado/2020.2\lib\classes\batik-parser.jar;C:/Xilinx/Vivado/2020.2\lib\classes\batik-script.jar;C:/Xilinx/Vivado/2020.2\lib\classes\batik-svg-dom.jar;C:/Xilinx/Vivado/2020.2\lib\classes\batik-swing.jar;C:/Xilinx/Vivado/2020.2\lib\classes\batik-transcoder.jar;C:/Xilinx/Vivado/2020.2\lib\classes\batik-util.jar;C:/Xilinx/Vivado/2020.2\lib\classes\batik-xml.jar;C:/Xilinx/Vivado/2020.2\lib\classes\com.google.gson_2.8.2.v20180104-1110.jar;C:/Xilinx/Vivado/2020.2\lib\classes\com.google.guava_27.1.0.v20190517-1946.jar;C:/Xilinx/Vivado/2020.2\lib\classes\com.ibm.icu_4.4.2.v20110208.jar;C:/Xilinx/Vivado/2020.2\lib\classes\com.sigasi.hdt.connection_4.9.0.202009050929.jar;C:/Xilinx/Vivado/2020.2\lib\classes\com.sigasi.hdt.epl_4.9.0.202009050929.jar;C:/Xilinx/Vivado/2020.2\lib\classes\com.sigasi.hdt.project_4.9.0.202009050929.jar;C:/Xilinx/Vivado/2020.2\lib\classes\com.sigasi.hdt.readonlyfilesystem_4.9.0.202009050929.jar;C:/Xilinx/Vivado/2020.2\lib\classes\com.sigasi.lcm_4.9.0.202009050929.jar;C:/Xilinx/Vivado/2020.2\lib\classes\com.sigasi.sdk.client_4.9.0.202009050929.jar;C:/Xilinx/Vivado/2020.2\lib\classes\com.xilinx.hls.services.jar;C:/Xili
Launcher Type: generic

[Global flags]
     bool BytecodeVerificationLocal                = false                                     {product} {command line}
     bool BytecodeVerificationRemote               = false                                     {product} {command line}
     intx CICompilerCount                          = 12                                        {product} {ergonomic}
     uint ConcGCThreads                            = 4                                         {product} {ergonomic}
     uint G1ConcRefinementThreads                  = 15                                        {product} {ergonomic}
   size_t G1HeapRegionSize                         = 1048576                                   {product} {ergonomic}
    uintx GCDrainStackTargetSize                   = 64                                        {product} {ergonomic}
   size_t InitialHeapSize                          = 134217728                                 {product} {command line}
   size_t MarkStackSize                            = 4194304                                   {product} {ergonomic}
   size_t MaxHeapSize                              = 3221225472                                {product} {command line}
   size_t MaxNewSize                               = 62914560                                  {product} {command line}
   size_t MinHeapDeltaBytes                        = 1048576                                   {product} {ergonomic}
   size_t NewSize                                  = 62914560                                  {product} {command line}
    uintx NonNMethodCodeHeapSize                   = 7591728                                {pd product} {ergonomic}
    uintx NonProfiledCodeHeapSize                  = 122033256                              {pd product} {ergonomic}
    uintx ProfiledCodeHeapSize                     = 122033256                              {pd product} {ergonomic}
    uintx ReservedCodeCacheSize                    = 251658240                              {pd product} {ergonomic}
     bool SegmentedCodeCache                       = true                                      {product} {ergonomic}
    uintx StringTableSize                          = 4072                                      {product} {command line}
     intx ThreadStackSize                          = 5120                                   {pd product} {command line}
     bool UseCompressedClassPointers               = true                                 {lp64_product} {ergonomic}
     bool UseCompressedOops                        = true                                 {lp64_product} {ergonomic}
     bool UseG1GC                                  = true                                      {product} {ergonomic}
     bool UseLargePagesIndividualAllocation        = false                                  {pd product} {ergonomic}
     bool UsePerfData                              = false                                     {product} {command line}

Logging:
Log output configuration:
 #0: stdout all=warning uptime,level,tags
 #1: stderr all=off uptime,level,tags

Environment Variables:
PATH=C:/Xilinx/Vivado/2020.2\gnuwin\bin;C:/Xilinx/Vivado/2020.2\gnu\microblaze\nt\bin;C:/Xilinx/Vivado/2020.2/bin;C:/Xilinx/Vivado/2020.2/tps/win64/javafx-sdk-11.0.2/lib;C:/Xilinx/Vivado/2020.2/tps/win64/javafx-sdk-11.0.2/bin;C:/Xilinx/Vivado/2020.2/lib/win64.o;C:/Xilinx/Vivado/2020.2/tps/win64/jre11.0.2/bin/server;C:/Xilinx/Vivado/2020.2/tps/win64/jre11.0.2/bin;C:/Xilinx/Vivado/2020.2/ids_lite/ISE/bin/nt64;C:/Xilinx/Vivado/2020.2/ids_lite/ISE/lib/nt64;C:/Xilinx/Vitis_HLS/2020.2/bin;C:\Program Files\Python39\Scripts\;C:\Program Files\Python39\;C:\Program Files\Microsoft\jdk-11.0.16.101-hotspot\bin;C:\Windows\system32;C:\Windows;C:\Windows\System32\Wbem;C:\Windows\System32\WindowsPowerShell\v1.0\;C:\Windows\System32\OpenSSH\;C:\Program Files (x86)\NVIDIA Corporation\PhysX\Common;C:\Program Files\NVIDIA Corporation\NVIDIA NvDLISR;C:\Program Files\dotnet\;C:\Program Files\MATLAB\R2023b\runtime\win64;C:\Program Files\MATLAB\R2023b\bin;C:\Program Files\Git\cmd;C:\\Users\\hkjac\\Downloads\\chromedriver_win32(1)\\chromedriver.exe%;c:\WebDriver\bin;C:\Users\hkjac\AppData\Local\Programs\Microsoft VS Code\bin;C:\Program Files\CMake\bin;C:\Users\hkjac\AppData\Roaming\Python\Python39\Scripts;;C:/Xilinx/Vivado/2020.2\tps\mingw\6.2.0\win64.o\nt\bin;C:/Xilinx/Vivado/2020.2\tps\mingw\6.2.0\win64.o\nt\libexec\gcc\x86_64-w64-mingw32\6.2.0;C:/Xilinx/Vivado/2020.2\tps\win64\python-3.8.3;C:/Xilinx/Vivado/2020.2\tps\win64\python-3.8.3\bin;C:/Xilinx/Vivado/2020.2\tps\win64\python-3.8.3\lib;C:/Xilinx/Vivado/2020.2\tps\win64\python-3.8.3\lib\site-packages
USERNAME=hkjac
OS=Windows_NT
PROCESSOR_IDENTIFIER=Intel64 Family 6 Model 186 Stepping 2, GenuineIntel



---------------  S Y S T E M  ---------------

OS: Windows 10 , 64 bit Build 22621 (10.0.22621.4830)

CPU:total 20 (initial active 20) (10 cores per cpu, 2 threads per core) family 6 model 186 stepping 2, cmov, cx8, fxsr, mmx, sse, sse2, sse3, ssse3, sse4.1, sse4.2, popcnt, avx, avx2, aes, clmul, erms, 3dnowpref, lzcnt, ht, tsc, tscinvbit, bmi1, bmi2, adx, sha, fma

Memory: 4k page, system-wide physical 16084M (7331M free)
TotalPageFile size 39636M (AvailPageFile size 26041M)
current process WorkingSet (physical memory assigned to process): 670M, peak: 1071M
current process commit charge ("private bytes"): 1257M, peak: 1983M

vm_info: OpenJDK 64-Bit Server VM (11.0.2+9) for windows-amd64 JRE (11.0.2+9), built on Jan 18 2019 05:23:22 by "mach5one" with MS VC++ 15.5 (VS2017)

END.
